{"/home/travis/build/npmtest/node-npmtest-react-grid-layout/test.js":{"path":"/home/travis/build/npmtest/node-npmtest-react-grid-layout/test.js","s":{"1":2,"2":2,"3":2,"4":2,"5":2,"6":2,"7":2,"8":1,"9":2,"10":2,"11":1,"12":1,"13":1,"14":1,"15":2,"16":2,"17":2,"18":2,"19":1,"20":1,"21":2,"22":2,"23":2,"24":1,"25":1,"26":1,"27":1,"28":1,"29":1,"30":1,"31":1,"32":1,"33":1,"34":1,"35":1,"36":1,"37":1,"38":1,"39":2,"40":2,"41":1,"42":2,"43":2,"44":1,"45":2,"46":2,"47":1,"48":2,"49":2,"50":1,"51":1,"52":1,"53":1,"54":1},"b":{"1":[2,1,1,1],"2":[1,1,1,1],"3":[1,1],"4":[1,1],"5":[1,1],"6":[1,1],"7":[1,1],"8":[1,1],"9":[1,1],"10":[1,1,1],"11":[1,1],"12":[1,1],"13":[1,1],"14":[1,1],"15":[1,1],"16":[1,1],"17":[1,1]},"f":{"1":2,"2":2,"3":2,"4":2,"5":2,"6":1,"7":1,"8":1,"9":2,"10":2,"11":2,"12":2,"13":1},"fnMap":{"1":{"name":"(anonymous_1)","line":12,"loc":{"start":{"line":12,"column":1},"end":{"line":12,"column":13}}},"2":{"name":"(anonymous_2)","line":19,"loc":{"start":{"line":19,"column":5},"end":{"line":19,"column":17}}},"3":{"name":"(anonymous_3)","line":23,"loc":{"start":{"line":23,"column":24},"end":{"line":23,"column":36}}},"4":{"name":"(anonymous_4)","line":61,"loc":{"start":{"line":61,"column":5},"end":{"line":61,"column":17}}},"5":{"name":"(anonymous_5)","line":82,"loc":{"start":{"line":82,"column":5},"end":{"line":82,"column":17}}},"6":{"name":"(anonymous_6)","line":91,"loc":{"start":{"line":91,"column":77},"end":{"line":94,"column":10}}},"7":{"name":"(anonymous_7)","line":112,"loc":{"start":{"line":112,"column":83},"end":{"line":115,"column":10}},"skip":true},"8":{"name":"(anonymous_8)","line":123,"loc":{"start":{"line":123,"column":77},"end":{"line":126,"column":10}},"skip":true},"9":{"name":"(anonymous_9)","line":139,"loc":{"start":{"line":139,"column":12},"end":{"line":139,"column":40}},"skip":true},"10":{"name":"(anonymous_10)","line":147,"loc":{"start":{"line":147,"column":77},"end":{"line":150,"column":10}},"skip":true},"11":{"name":"(anonymous_11)","line":158,"loc":{"start":{"line":158,"column":83},"end":{"line":161,"column":10}},"skip":true},"12":{"name":"(anonymous_12)","line":169,"loc":{"start":{"line":169,"column":79},"end":{"line":172,"column":10}},"skip":true},"13":{"name":"(anonymous_13)","line":180,"loc":{"start":{"line":180,"column":75},"end":{"line":183,"column":10}},"skip":true}},"statementMap":{"1":{"start":{"line":12,"column":0},"end":{"line":195,"column":5}},"2":{"start":{"line":14,"column":4},"end":{"line":14,"column":14}},"3":{"start":{"line":19,"column":4},"end":{"line":56,"column":9}},"4":{"start":{"line":21,"column":8},"end":{"line":21,"column":19}},"5":{"start":{"line":23,"column":8},"end":{"line":35,"column":13}},"6":{"start":{"line":24,"column":12},"end":{"line":34,"column":13}},"7":{"start":{"line":25,"column":16},"end":{"line":28,"column":30}},"8":{"start":{"line":30,"column":16},"end":{"line":33,"column":27}},"9":{"start":{"line":37,"column":8},"end":{"line":39,"column":21}},"10":{"start":{"line":40,"column":8},"end":{"line":53,"column":9}},"11":{"start":{"line":43,"column":12},"end":{"line":46,"column":14}},"12":{"start":{"line":47,"column":12},"end":{"line":47,"column":18}},"13":{"start":{"line":50,"column":12},"end":{"line":51,"column":46}},"14":{"start":{"line":52,"column":12},"end":{"line":52,"column":18}},"15":{"start":{"line":55,"column":8},"end":{"line":55,"column":35}},"16":{"start":{"line":61,"column":4},"end":{"line":63,"column":9}},"17":{"start":{"line":62,"column":8},"end":{"line":62,"column":15}},"18":{"start":{"line":64,"column":4},"end":{"line":77,"column":5}},"19":{"start":{"line":70,"column":8},"end":{"line":70,"column":14}},"20":{"start":{"line":76,"column":8},"end":{"line":76,"column":14}},"21":{"start":{"line":82,"column":4},"end":{"line":84,"column":9}},"22":{"start":{"line":83,"column":8},"end":{"line":83,"column":15}},"23":{"start":{"line":85,"column":4},"end":{"line":194,"column":5}},"24":{"start":{"line":91,"column":8},"end":{"line":99,"column":10}},"25":{"start":{"line":98,"column":12},"end":{"line":98,"column":35}},"26":{"start":{"line":102,"column":8},"end":{"line":104,"column":63}},"27":{"start":{"line":105,"column":8},"end":{"line":105,"column":14}},"28":{"start":{"line":112,"column":8},"end":{"line":121,"column":10},"skip":true},"29":{"start":{"line":119,"column":12},"end":{"line":119,"column":55},"skip":true},"30":{"start":{"line":120,"column":12},"end":{"line":120,"column":48},"skip":true},"31":{"start":{"line":123,"column":8},"end":{"line":136,"column":10},"skip":true},"32":{"start":{"line":130,"column":12},"end":{"line":130,"column":76},"skip":true},"33":{"start":{"line":131,"column":12},"end":{"line":131,"column":73},"skip":true},"34":{"start":{"line":132,"column":12},"end":{"line":132,"column":74},"skip":true},"35":{"start":{"line":133,"column":12},"end":{"line":133,"column":79},"skip":true},"36":{"start":{"line":134,"column":12},"end":{"line":134,"column":25},"skip":true},"37":{"start":{"line":135,"column":12},"end":{"line":135,"column":45},"skip":true},"38":{"start":{"line":138,"column":8},"end":{"line":145,"column":14},"skip":true},"39":{"start":{"line":143,"column":16},"end":{"line":143,"column":29},"skip":true},"40":{"start":{"line":144,"column":16},"end":{"line":144,"column":55},"skip":true},"41":{"start":{"line":147,"column":8},"end":{"line":156,"column":10},"skip":true},"42":{"start":{"line":154,"column":12},"end":{"line":154,"column":25},"skip":true},"43":{"start":{"line":155,"column":12},"end":{"line":155,"column":45},"skip":true},"44":{"start":{"line":158,"column":8},"end":{"line":167,"column":10},"skip":true},"45":{"start":{"line":165,"column":12},"end":{"line":165,"column":25},"skip":true},"46":{"start":{"line":166,"column":12},"end":{"line":166,"column":48},"skip":true},"47":{"start":{"line":169,"column":8},"end":{"line":178,"column":10},"skip":true},"48":{"start":{"line":176,"column":12},"end":{"line":176,"column":25},"skip":true},"49":{"start":{"line":177,"column":12},"end":{"line":177,"column":46},"skip":true},"50":{"start":{"line":180,"column":8},"end":{"line":189,"column":10},"skip":true},"51":{"start":{"line":187,"column":12},"end":{"line":187,"column":94},"skip":true},"52":{"start":{"line":188,"column":12},"end":{"line":188,"column":48},"skip":true},"53":{"start":{"line":192,"column":8},"end":{"line":192,"column":35},"skip":true},"54":{"start":{"line":193,"column":8},"end":{"line":193,"column":14},"skip":true}},"branchMap":{"1":{"line":25,"type":"binary-expr","locations":[{"start":{"line":25,"column":23},"end":{"line":25,"column":62}},{"start":{"line":26,"column":20},"end":{"line":26,"column":70}},{"start":{"line":27,"column":20},"end":{"line":27,"column":71}},{"start":{"line":28,"column":20},"end":{"line":28,"column":29}}]},"2":{"line":30,"type":"binary-expr","locations":[{"start":{"line":30,"column":23},"end":{"line":30,"column":37}},{"start":{"line":31,"column":20},"end":{"line":31,"column":61}},{"start":{"line":32,"column":20},"end":{"line":32,"column":70}},{"start":{"line":33,"column":20},"end":{"line":33,"column":26}}]},"3":{"line":37,"type":"cond-expr","locations":[{"start":{"line":38,"column":14},"end":{"line":38,"column":20}},{"start":{"line":39,"column":14},"end":{"line":39,"column":20}}]},"4":{"line":40,"type":"switch","locations":[{"start":{"line":42,"column":8},"end":{"line":47,"column":18}},{"start":{"line":49,"column":8},"end":{"line":52,"column":18}}]},"5":{"line":44,"type":"binary-expr","locations":[{"start":{"line":44,"column":16},"end":{"line":44,"column":44}},{"start":{"line":44,"column":48},"end":{"line":44,"column":66}}]},"6":{"line":50,"type":"binary-expr","locations":[{"start":{"line":50,"column":21},"end":{"line":50,"column":49}},{"start":{"line":50,"column":53},"end":{"line":50,"column":72}}]},"7":{"line":64,"type":"switch","locations":[{"start":{"line":69,"column":4},"end":{"line":70,"column":14}},{"start":{"line":75,"column":4},"end":{"line":76,"column":14}}]},"8":{"line":85,"type":"switch","locations":[{"start":{"line":90,"column":4},"end":{"line":105,"column":14}},{"start":{"line":111,"column":4},"end":{"line":193,"column":14},"skip":true}]},"9":{"line":91,"type":"binary-expr","locations":[{"start":{"line":91,"column":42},"end":{"line":91,"column":73}},{"start":{"line":91,"column":77},"end":{"line":99,"column":9}}]},"10":{"line":102,"type":"binary-expr","locations":[{"start":{"line":102,"column":18},"end":{"line":102,"column":32}},{"start":{"line":103,"column":12},"end":{"line":103,"column":53}},{"start":{"line":104,"column":12},"end":{"line":104,"column":61}}]},"11":{"line":112,"type":"binary-expr","locations":[{"start":{"line":112,"column":45},"end":{"line":112,"column":79},"skip":true},{"start":{"line":112,"column":83},"end":{"line":121,"column":9},"skip":true}]},"12":{"line":123,"type":"binary-expr","locations":[{"start":{"line":123,"column":42},"end":{"line":123,"column":73},"skip":true},{"start":{"line":123,"column":77},"end":{"line":136,"column":9},"skip":true}]},"13":{"line":138,"type":"binary-expr","locations":[{"start":{"line":138,"column":48},"end":{"line":138,"column":85},"skip":true},{"start":{"line":139,"column":12},"end":{"line":145,"column":13},"skip":true}]},"14":{"line":147,"type":"binary-expr","locations":[{"start":{"line":147,"column":42},"end":{"line":147,"column":73},"skip":true},{"start":{"line":147,"column":77},"end":{"line":156,"column":9},"skip":true}]},"15":{"line":158,"type":"binary-expr","locations":[{"start":{"line":158,"column":45},"end":{"line":158,"column":79},"skip":true},{"start":{"line":158,"column":83},"end":{"line":167,"column":9},"skip":true}]},"16":{"line":169,"type":"binary-expr","locations":[{"start":{"line":169,"column":43},"end":{"line":169,"column":75},"skip":true},{"start":{"line":169,"column":79},"end":{"line":178,"column":9},"skip":true}]},"17":{"line":180,"type":"binary-expr","locations":[{"start":{"line":180,"column":41},"end":{"line":180,"column":71},"skip":true},{"start":{"line":180,"column":75},"end":{"line":189,"column":9},"skip":true}]}},"code":["/* istanbul instrument in package npmtest_react_grid_layout */","/*jslint","    bitwise: true,","    browser: true,","    maxerr: 8,","    maxlen: 96,","    node: true,","    nomen: true,","    regexp: true,","    stupid: true","*/","(function () {","    'use strict';","    var local;","","","","    // run shared js-env code - pre-init","    (function () {","        // init local","        local = {};","        // init modeJs","        local.modeJs = (function () {","            try {","                return typeof navigator.userAgent === 'string' &&","                    typeof document.querySelector('body') === 'object' &&","                    typeof XMLHttpRequest.prototype.open === 'function' &&","                    'browser';","            } catch (errorCaughtBrowser) {","                return module.exports &&","                    typeof process.versions.node === 'string' &&","                    typeof require('http').createServer === 'function' &&","                    'node';","            }","        }());","        // init global","        local.global = local.modeJs === 'browser'","            ? window","            : global;","        switch (local.modeJs) {","        // re-init local from window.local","        case 'browser':","            local = local.global.utility2.objectSetDefault(","                local.global.utility2_rollup || local.global.local,","                local.global.utility2","            );","            break;","        // re-init local from example.js","        case 'node':","            local = (local.global.utility2_rollup || require('utility2'))","                .requireExampleJsFromReadme();","            break;","        }","        // export local","        local.global.local = local;","    }());","","","","    // run shared js-env code - function","    (function () {","        return;","    }());","    switch (local.modeJs) {","","","","    // run browser js-env code - function","    case 'browser':","        break;","","","","    // run node js-env code - function","    case 'node':","        break;","    }","","","","    // run shared js-env code - post-init","    (function () {","        return;","    }());","    switch (local.modeJs) {","","","","    // run browser js-env code - post-init","    case 'browser':","        local.testCase_browser_nullCase = local.testCase_browser_nullCase || function (","            options,","            onError","        ) {","        /*","         * this function will test browsers's null-case handling-behavior-behavior","         */","            onError(null, options);","        };","","        // run tests","        local.nop(local.modeTest &&","            document.querySelector('#testRunButton1') &&","            document.querySelector('#testRunButton1').click());","        break;","","","","    // run node js-env code - post-init","    /* istanbul ignore next */","    case 'node':","        local.testCase_buildApidoc_default = local.testCase_buildApidoc_default || function (","            options,","            onError","        ) {","        /*","         * this function will test buildApidoc's default handling-behavior-behavior","         */","            options = { modulePathList: module.paths };","            local.buildApidoc(options, onError);","        };","","        local.testCase_buildApp_default = local.testCase_buildApp_default || function (","            options,","            onError","        ) {","        /*","         * this function will test buildApp's default handling-behavior-behavior","         */","            local.testCase_buildReadme_default(options, local.onErrorThrow);","            local.testCase_buildLib_default(options, local.onErrorThrow);","            local.testCase_buildTest_default(options, local.onErrorThrow);","            local.testCase_buildCustomOrg_default(options, local.onErrorThrow);","            options = [];","            local.buildApp(options, onError);","        };","","        local.testCase_buildCustomOrg_default = local.testCase_buildCustomOrg_default ||","            function (options, onError) {","            /*","             * this function will test buildCustomOrg's default handling-behavior","             */","                options = {};","                local.buildCustomOrg(options, onError);","            };","","        local.testCase_buildLib_default = local.testCase_buildLib_default || function (","            options,","            onError","        ) {","        /*","         * this function will test buildLib's default handling-behavior","         */","            options = {};","            local.buildLib(options, onError);","        };","","        local.testCase_buildReadme_default = local.testCase_buildReadme_default || function (","            options,","            onError","        ) {","        /*","         * this function will test buildReadme's default handling-behavior-behavior","         */","            options = {};","            local.buildReadme(options, onError);","        };","","        local.testCase_buildTest_default = local.testCase_buildTest_default || function (","            options,","            onError","        ) {","        /*","         * this function will test buildTest's default handling-behavior","         */","            options = {};","            local.buildTest(options, onError);","        };","","        local.testCase_webpage_default = local.testCase_webpage_default || function (","            options,","            onError","        ) {","        /*","         * this function will test webpage's default handling-behavior","         */","            options = { modeCoverageMerge: true, url: local.serverLocalHost + '?modeTest=1' };","            local.browserTest(options, onError);","        };","","        // run test-server","        local.testRunServer(local);","        break;","    }","}());",""],"l":{"12":2,"14":2,"19":2,"21":2,"23":2,"24":2,"25":2,"30":1,"37":2,"40":2,"43":1,"47":1,"50":1,"52":1,"55":2,"61":2,"62":2,"64":2,"70":1,"76":1,"82":2,"83":2,"85":2,"91":1,"98":1,"102":1,"105":1,"112":1,"119":1,"120":1,"123":1,"130":1,"131":1,"132":1,"133":1,"134":1,"135":1,"138":1,"143":2,"144":2,"147":1,"154":2,"155":2,"158":1,"165":2,"166":2,"169":1,"176":2,"177":2,"180":1,"187":1,"188":1,"192":1,"193":1}},"/home/travis/build/npmtest/node-npmtest-react-grid-layout/lib.npmtest_react_grid_layout.js":{"path":"/home/travis/build/npmtest/node-npmtest-react-grid-layout/lib.npmtest_react_grid_layout.js","s":{"1":2,"2":2,"3":2,"4":2,"5":2,"6":2,"7":2,"8":1,"9":2,"10":2,"11":2,"12":2,"13":1,"14":1,"15":1,"16":1},"b":{"1":[2,1,1,1],"2":[1,1,1,1],"3":[1,1],"4":[2,2],"5":[1,1]},"f":{"1":2,"2":2,"3":2},"fnMap":{"1":{"name":"(anonymous_1)","line":12,"loc":{"start":{"line":12,"column":1},"end":{"line":12,"column":13}}},"2":{"name":"(anonymous_2)","line":19,"loc":{"start":{"line":19,"column":5},"end":{"line":19,"column":17}}},"3":{"name":"(anonymous_3)","line":23,"loc":{"start":{"line":23,"column":24},"end":{"line":23,"column":36}}}},"statementMap":{"1":{"start":{"line":12,"column":0},"end":{"line":53,"column":5}},"2":{"start":{"line":14,"column":4},"end":{"line":14,"column":14}},"3":{"start":{"line":19,"column":4},"end":{"line":52,"column":9}},"4":{"start":{"line":21,"column":8},"end":{"line":21,"column":19}},"5":{"start":{"line":23,"column":8},"end":{"line":35,"column":13}},"6":{"start":{"line":24,"column":12},"end":{"line":34,"column":13}},"7":{"start":{"line":25,"column":16},"end":{"line":28,"column":30}},"8":{"start":{"line":30,"column":16},"end":{"line":33,"column":27}},"9":{"start":{"line":37,"column":8},"end":{"line":39,"column":21}},"10":{"start":{"line":41,"column":8},"end":{"line":41,"column":54}},"11":{"start":{"line":43,"column":8},"end":{"line":43,"column":62}},"12":{"start":{"line":45,"column":8},"end":{"line":51,"column":9}},"13":{"start":{"line":46,"column":12},"end":{"line":46,"column":68}},"14":{"start":{"line":48,"column":12},"end":{"line":48,"column":35}},"15":{"start":{"line":49,"column":12},"end":{"line":49,"column":49}},"16":{"start":{"line":50,"column":12},"end":{"line":50,"column":43}}},"branchMap":{"1":{"line":25,"type":"binary-expr","locations":[{"start":{"line":25,"column":23},"end":{"line":25,"column":62}},{"start":{"line":26,"column":20},"end":{"line":26,"column":70}},{"start":{"line":27,"column":20},"end":{"line":27,"column":71}},{"start":{"line":28,"column":20},"end":{"line":28,"column":29}}]},"2":{"line":30,"type":"binary-expr","locations":[{"start":{"line":30,"column":23},"end":{"line":30,"column":37}},{"start":{"line":31,"column":20},"end":{"line":31,"column":61}},{"start":{"line":32,"column":20},"end":{"line":32,"column":70}},{"start":{"line":33,"column":20},"end":{"line":33,"column":26}}]},"3":{"line":37,"type":"cond-expr","locations":[{"start":{"line":38,"column":14},"end":{"line":38,"column":20}},{"start":{"line":39,"column":14},"end":{"line":39,"column":20}}]},"4":{"line":41,"type":"binary-expr","locations":[{"start":{"line":41,"column":16},"end":{"line":41,"column":44}},{"start":{"line":41,"column":48},"end":{"line":41,"column":53}}]},"5":{"line":45,"type":"if","locations":[{"start":{"line":45,"column":8},"end":{"line":45,"column":8}},{"start":{"line":45,"column":8},"end":{"line":45,"column":8}}]}},"code":["/* istanbul instrument in package npmtest_react_grid_layout */","/*jslint","    bitwise: true,","    browser: true,","    maxerr: 8,","    maxlen: 96,","    node: true,","    nomen: true,","    regexp: true,","    stupid: true","*/","(function () {","    'use strict';","    var local;","","","","    // run shared js-env code - pre-init","    (function () {","        // init local","        local = {};","        // init modeJs","        local.modeJs = (function () {","            try {","                return typeof navigator.userAgent === 'string' &&","                    typeof document.querySelector('body') === 'object' &&","                    typeof XMLHttpRequest.prototype.open === 'function' &&","                    'browser';","            } catch (errorCaughtBrowser) {","                return module.exports &&","                    typeof process.versions.node === 'string' &&","                    typeof require('http').createServer === 'function' &&","                    'node';","            }","        }());","        // init global","        local.global = local.modeJs === 'browser'","            ? window","            : global;","        // init utility2_rollup","        local = local.global.utility2_rollup || local;","        // init lib","        local.local = local.npmtest_react_grid_layout = local;","        // init exports","        if (local.modeJs === 'browser') {","            local.global.utility2_npmtest_react_grid_layout = local;","        } else {","            module.exports = local;","            module.exports.__dirname = __dirname;","            module.exports.module = module;","        }","    }());","}());",""],"l":{"12":2,"14":2,"19":2,"21":2,"23":2,"24":2,"25":2,"30":1,"37":2,"41":2,"43":2,"45":2,"46":1,"48":1,"49":1,"50":1}},"/home/travis/build/npmtest/node-npmtest-react-grid-layout/example.js":{"path":"/home/travis/build/npmtest/node-npmtest-react-grid-layout/example.js","s":{"1":2,"2":2,"3":2,"4":2,"5":2,"6":2,"7":2,"8":1,"9":2,"10":2,"11":2,"12":2,"13":1,"14":2,"15":2,"16":2,"17":2,"18":2,"19":0,"20":2,"21":1,"22":1,"23":1,"24":1,"25":1,"26":0,"27":0,"28":1,"29":1,"30":2,"31":0,"32":0,"33":0,"34":1,"35":2,"36":2,"37":3,"38":3,"39":3,"40":3,"41":0,"42":3,"43":3,"44":3,"45":1,"46":3,"47":1,"48":1,"49":1,"50":1,"51":1,"52":1,"53":1,"54":1,"55":1,"56":1,"57":0,"58":1,"59":6,"60":6,"61":1,"62":2,"63":0,"64":2,"65":1,"66":1,"67":0,"68":0,"69":0,"70":0,"71":0,"72":0,"73":0,"74":0,"75":0,"76":0,"77":0,"78":0,"79":0,"80":0,"81":0,"82":0,"83":0},"b":{"1":[2,1,1,1],"2":[1,1,1,1],"3":[1,1],"4":[2,2],"5":[1,1],"6":[1,1],"7":[2,0],"8":[2,1,1,1,1,1],"9":[0,2,0],"10":[1,1],"11":[2,1,1],"12":[1,0],"13":[0,2],"14":[2,0,0,0,0,0,0],"15":[0,3],"16":[3,0],"17":[1,1],"18":[0,1],"19":[1,2,0,2],"20":[1,0],"21":[1,1],"22":[0,0],"23":[0,0],"24":[0,0],"25":[0,0],"26":[0,0],"27":[0,0],"28":[0,0]},"f":{"1":2,"2":2,"3":2,"4":2,"5":2,"6":2,"7":3,"8":3,"9":3,"10":1,"11":6,"12":0},"fnMap":{"1":{"name":"(anonymous_1)","line":26,"loc":{"start":{"line":26,"column":1},"end":{"line":26,"column":13}}},"2":{"name":"(anonymous_2)","line":33,"loc":{"start":{"line":33,"column":5},"end":{"line":33,"column":17}}},"3":{"name":"(anonymous_3)","line":37,"loc":{"start":{"line":37,"column":24},"end":{"line":37,"column":36}}},"4":{"name":"(anonymous_4)","line":69,"loc":{"start":{"line":69,"column":31},"end":{"line":69,"column":48}},"skip":true},"5":{"name":"(anonymous_5)","line":78,"loc":{"start":{"line":78,"column":26},"end":{"line":78,"column":45}},"skip":true},"6":{"name":"(anonymous_6)","line":123,"loc":{"start":{"line":123,"column":33},"end":{"line":123,"column":48}},"skip":true},"7":{"name":"(anonymous_7)","line":125,"loc":{"start":{"line":125,"column":27},"end":{"line":125,"column":39}},"skip":true},"8":{"name":"(anonymous_8)","line":133,"loc":{"start":{"line":133,"column":59},"end":{"line":133,"column":74}},"skip":true},"9":{"name":"(anonymous_9)","line":143,"loc":{"start":{"line":143,"column":45},"end":{"line":143,"column":62}},"skip":true},"10":{"name":"(anonymous_10)","line":144,"loc":{"start":{"line":144,"column":73},"end":{"line":144,"column":92}},"skip":true},"11":{"name":"(anonymous_11)","line":272,"loc":{"start":{"line":272,"column":51},"end":{"line":272,"column":77}},"skip":true},"12":{"name":"(anonymous_12)","line":315,"loc":{"start":{"line":315,"column":32},"end":{"line":315,"column":61}},"skip":true}},"statementMap":{"1":{"start":{"line":26,"column":0},"end":{"line":326,"column":5}},"2":{"start":{"line":28,"column":4},"end":{"line":28,"column":14}},"3":{"start":{"line":33,"column":4},"end":{"line":60,"column":9}},"4":{"start":{"line":35,"column":8},"end":{"line":35,"column":19}},"5":{"start":{"line":37,"column":8},"end":{"line":49,"column":13}},"6":{"start":{"line":38,"column":12},"end":{"line":48,"column":13}},"7":{"start":{"line":39,"column":16},"end":{"line":42,"column":30}},"8":{"start":{"line":44,"column":16},"end":{"line":47,"column":27}},"9":{"start":{"line":51,"column":8},"end":{"line":53,"column":21}},"10":{"start":{"line":55,"column":8},"end":{"line":57,"column":45}},"11":{"start":{"line":59,"column":8},"end":{"line":59,"column":35}},"12":{"start":{"line":61,"column":4},"end":{"line":325,"column":5}},"13":{"start":{"line":69,"column":8},"end":{"line":121,"column":10},"skip":true},"14":{"start":{"line":70,"column":12},"end":{"line":88,"column":13},"skip":true},"15":{"start":{"line":76,"column":16},"end":{"line":87,"column":19},"skip":true},"16":{"start":{"line":79,"column":20},"end":{"line":86,"column":21},"skip":true},"17":{"start":{"line":82,"column":24},"end":{"line":82,"column":43},"skip":true},"18":{"start":{"line":83,"column":24},"end":{"line":83,"column":30},"skip":true},"19":{"start":{"line":85,"column":24},"end":{"line":85,"column":49},"skip":true},"20":{"start":{"line":89,"column":12},"end":{"line":107,"column":13},"skip":true},"21":{"start":{"line":92,"column":16},"end":{"line":102,"column":17},"skip":true},"22":{"start":{"line":93,"column":20},"end":{"line":93,"column":86},"skip":true},"23":{"start":{"line":94,"column":20},"end":{"line":95,"column":45},"skip":true},"24":{"start":{"line":96,"column":20},"end":{"line":96,"column":42},"skip":true},"25":{"start":{"line":97,"column":20},"end":{"line":97,"column":48},"skip":true},"26":{"start":{"line":100,"column":20},"end":{"line":100,"column":85},"skip":true},"27":{"start":{"line":101,"column":20},"end":{"line":101,"column":96},"skip":true},"28":{"start":{"line":103,"column":16},"end":{"line":103,"column":22},"skip":true},"29":{"start":{"line":106,"column":16},"end":{"line":106,"column":22},"skip":true},"30":{"start":{"line":108,"column":12},"end":{"line":120,"column":13},"skip":true},"31":{"start":{"line":114,"column":16},"end":{"line":119,"column":17},"skip":true},"32":{"start":{"line":116,"column":20},"end":{"line":116,"column":78},"skip":true},"33":{"start":{"line":118,"column":20},"end":{"line":118,"column":47},"skip":true},"34":{"start":{"line":123,"column":8},"end":{"line":141,"column":11},"skip":true},"35":{"start":{"line":124,"column":12},"end":{"line":124,"column":54},"skip":true},"36":{"start":{"line":125,"column":12},"end":{"line":140,"column":14},"skip":true},"37":{"start":{"line":126,"column":16},"end":{"line":126,"column":28},"skip":true},"38":{"start":{"line":127,"column":16},"end":{"line":127,"column":69},"skip":true},"39":{"start":{"line":128,"column":16},"end":{"line":128,"column":75},"skip":true},"40":{"start":{"line":129,"column":16},"end":{"line":131,"column":17},"skip":true},"41":{"start":{"line":130,"column":20},"end":{"line":130,"column":27},"skip":true},"42":{"start":{"line":133,"column":16},"end":{"line":137,"column":36},"skip":true},"43":{"start":{"line":134,"column":20},"end":{"line":136,"column":55},"skip":true},"44":{"start":{"line":139,"column":16},"end":{"line":139,"column":57},"skip":true},"45":{"start":{"line":143,"column":8},"end":{"line":147,"column":11},"skip":true},"46":{"start":{"line":144,"column":12},"end":{"line":146,"column":15},"skip":true},"47":{"start":{"line":145,"column":16},"end":{"line":145,"column":70},"skip":true},"48":{"start":{"line":149,"column":8},"end":{"line":149,"column":31},"skip":true},"49":{"start":{"line":150,"column":8},"end":{"line":150,"column":14},"skip":true},"50":{"start":{"line":158,"column":8},"end":{"line":158,"column":31},"skip":true},"51":{"start":{"line":160,"column":8},"end":{"line":160,"column":33},"skip":true},"52":{"start":{"line":161,"column":8},"end":{"line":161,"column":37},"skip":true},"53":{"start":{"line":162,"column":8},"end":{"line":162,"column":35},"skip":true},"54":{"start":{"line":164,"column":8},"end":{"line":164,"column":50},"skip":true},"55":{"start":{"line":166,"column":8},"end":{"line":256,"column":2},"skip":true},"56":{"start":{"line":258,"column":8},"end":{"line":286,"column":9},"skip":true},"57":{"start":{"line":259,"column":12},"end":{"line":269,"column":14},"skip":true},"58":{"start":{"line":271,"column":12},"end":{"line":285,"column":19},"skip":true},"59":{"start":{"line":274,"column":20},"end":{"line":274,"column":35},"skip":true},"60":{"start":{"line":275,"column":20},"end":{"line":284,"column":21},"skip":true},"61":{"start":{"line":277,"column":24},"end":{"line":277,"column":64},"skip":true},"62":{"start":{"line":279,"column":24},"end":{"line":279,"column":40},"skip":true},"63":{"start":{"line":281,"column":24},"end":{"line":281,"column":40},"skip":true},"64":{"start":{"line":283,"column":24},"end":{"line":283,"column":39},"skip":true},"65":{"start":{"line":288,"column":8},"end":{"line":290,"column":9},"skip":true},"66":{"start":{"line":289,"column":12},"end":{"line":289,"column":18},"skip":true},"67":{"start":{"line":291,"column":8},"end":{"line":293,"column":54},"skip":true},"68":{"start":{"line":296,"column":8},"end":{"line":301,"column":37},"skip":true},"69":{"start":{"line":303,"column":8},"end":{"line":303,"column":82},"skip":true},"70":{"start":{"line":306,"column":8},"end":{"line":308,"column":9},"skip":true},"71":{"start":{"line":307,"column":12},"end":{"line":307,"column":82},"skip":true},"72":{"start":{"line":310,"column":8},"end":{"line":312,"column":9},"skip":true},"73":{"start":{"line":311,"column":12},"end":{"line":311,"column":18},"skip":true},"74":{"start":{"line":313,"column":8},"end":{"line":313,"column":54},"skip":true},"75":{"start":{"line":314,"column":8},"end":{"line":314,"column":69},"skip":true},"76":{"start":{"line":315,"column":8},"end":{"line":323,"column":36},"skip":true},"77":{"start":{"line":316,"column":12},"end":{"line":316,"column":61},"skip":true},"78":{"start":{"line":317,"column":12},"end":{"line":320,"column":13},"skip":true},"79":{"start":{"line":318,"column":16},"end":{"line":318,"column":75},"skip":true},"80":{"start":{"line":319,"column":16},"end":{"line":319,"column":23},"skip":true},"81":{"start":{"line":321,"column":12},"end":{"line":321,"column":38},"skip":true},"82":{"start":{"line":322,"column":12},"end":{"line":322,"column":27},"skip":true},"83":{"start":{"line":324,"column":8},"end":{"line":324,"column":14},"skip":true}},"branchMap":{"1":{"line":39,"type":"binary-expr","locations":[{"start":{"line":39,"column":23},"end":{"line":39,"column":62}},{"start":{"line":40,"column":20},"end":{"line":40,"column":70}},{"start":{"line":41,"column":20},"end":{"line":41,"column":71}},{"start":{"line":42,"column":20},"end":{"line":42,"column":29}}]},"2":{"line":44,"type":"binary-expr","locations":[{"start":{"line":44,"column":23},"end":{"line":44,"column":37}},{"start":{"line":45,"column":20},"end":{"line":45,"column":61}},{"start":{"line":46,"column":20},"end":{"line":46,"column":70}},{"start":{"line":47,"column":20},"end":{"line":47,"column":26}}]},"3":{"line":51,"type":"cond-expr","locations":[{"start":{"line":52,"column":14},"end":{"line":52,"column":20}},{"start":{"line":53,"column":14},"end":{"line":53,"column":20}}]},"4":{"line":55,"type":"binary-expr","locations":[{"start":{"line":55,"column":16},"end":{"line":55,"column":44}},{"start":{"line":55,"column":49},"end":{"line":57,"column":43}}]},"5":{"line":55,"type":"cond-expr","locations":[{"start":{"line":56,"column":14},"end":{"line":56,"column":61}},{"start":{"line":57,"column":14},"end":{"line":57,"column":43}}]},"6":{"line":61,"type":"switch","locations":[{"start":{"line":68,"column":4},"end":{"line":150,"column":14},"skip":true},{"start":{"line":156,"column":4},"end":{"line":324,"column":14},"skip":true}]},"7":{"line":70,"type":"if","locations":[{"start":{"line":70,"column":12},"end":{"line":70,"column":12},"skip":true},{"start":{"line":70,"column":12},"end":{"line":70,"column":12},"skip":true}]},"8":{"line":70,"type":"binary-expr","locations":[{"start":{"line":70,"column":16},"end":{"line":70,"column":22},"skip":true},{"start":{"line":70,"column":27},"end":{"line":70,"column":32},"skip":true},{"start":{"line":71,"column":20},"end":{"line":71,"column":39},"skip":true},{"start":{"line":72,"column":20},"end":{"line":72,"column":49},"skip":true},{"start":{"line":73,"column":20},"end":{"line":73,"column":58},"skip":true},{"start":{"line":74,"column":20},"end":{"line":74,"column":69},"skip":true}]},"9":{"line":79,"type":"switch","locations":[{"start":{"line":80,"column":20},"end":{"line":80,"column":33},"skip":true},{"start":{"line":81,"column":20},"end":{"line":83,"column":30},"skip":true},{"start":{"line":84,"column":20},"end":{"line":85,"column":49},"skip":true}]},"10":{"line":89,"type":"switch","locations":[{"start":{"line":90,"column":12},"end":{"line":103,"column":22},"skip":true},{"start":{"line":105,"column":12},"end":{"line":106,"column":22},"skip":true}]},"11":{"line":89,"type":"binary-expr","locations":[{"start":{"line":89,"column":20},"end":{"line":89,"column":25},"skip":true},{"start":{"line":89,"column":29},"end":{"line":89,"column":48},"skip":true},{"start":{"line":89,"column":52},"end":{"line":89,"column":74},"skip":true}]},"12":{"line":92,"type":"if","locations":[{"start":{"line":92,"column":16},"end":{"line":92,"column":16},"skip":true},{"start":{"line":92,"column":16},"end":{"line":92,"column":16},"skip":true}]},"13":{"line":108,"type":"if","locations":[{"start":{"line":108,"column":12},"end":{"line":108,"column":12},"skip":true},{"start":{"line":108,"column":12},"end":{"line":108,"column":12},"skip":true}]},"14":{"line":108,"type":"binary-expr","locations":[{"start":{"line":108,"column":16},"end":{"line":108,"column":61},"skip":true},{"start":{"line":108,"column":66},"end":{"line":108,"column":72},"skip":true},{"start":{"line":108,"column":77},"end":{"line":108,"column":82},"skip":true},{"start":{"line":109,"column":20},"end":{"line":109,"column":39},"skip":true},{"start":{"line":110,"column":20},"end":{"line":110,"column":49},"skip":true},{"start":{"line":111,"column":20},"end":{"line":111,"column":58},"skip":true},{"start":{"line":112,"column":20},"end":{"line":112,"column":68},"skip":true}]},"15":{"line":129,"type":"if","locations":[{"start":{"line":129,"column":16},"end":{"line":129,"column":16},"skip":true},{"start":{"line":129,"column":16},"end":{"line":129,"column":16},"skip":true}]},"16":{"line":134,"type":"cond-expr","locations":[{"start":{"line":135,"column":26},"end":{"line":135,"column":29},"skip":true},{"start":{"line":136,"column":26},"end":{"line":136,"column":54},"skip":true}]},"17":{"line":164,"type":"binary-expr","locations":[{"start":{"line":164,"column":27},"end":{"line":164,"column":43},"skip":true},{"start":{"line":164,"column":47},"end":{"line":164,"column":49},"skip":true}]},"18":{"line":258,"type":"if","locations":[{"start":{"line":258,"column":8},"end":{"line":258,"column":8},"skip":true},{"start":{"line":258,"column":8},"end":{"line":258,"column":8},"skip":true}]},"19":{"line":275,"type":"switch","locations":[{"start":{"line":276,"column":20},"end":{"line":277,"column":64},"skip":true},{"start":{"line":278,"column":20},"end":{"line":279,"column":40},"skip":true},{"start":{"line":280,"column":20},"end":{"line":281,"column":40},"skip":true},{"start":{"line":282,"column":20},"end":{"line":283,"column":39},"skip":true}]},"20":{"line":288,"type":"if","locations":[{"start":{"line":288,"column":8},"end":{"line":288,"column":8},"skip":true},{"start":{"line":288,"column":8},"end":{"line":288,"column":8},"skip":true}]},"21":{"line":288,"type":"binary-expr","locations":[{"start":{"line":288,"column":12},"end":{"line":288,"column":40},"skip":true},{"start":{"line":288,"column":44},"end":{"line":288,"column":67},"skip":true}]},"22":{"line":292,"type":"binary-expr","locations":[{"start":{"line":292,"column":12},"end":{"line":292,"column":50},"skip":true},{"start":{"line":293,"column":12},"end":{"line":293,"column":53},"skip":true}]},"23":{"line":297,"type":"binary-expr","locations":[{"start":{"line":297,"column":12},"end":{"line":297,"column":75},"skip":true},{"start":{"line":298,"column":12},"end":{"line":301,"column":36},"skip":true}]},"24":{"line":303,"type":"binary-expr","locations":[{"start":{"line":303,"column":43},"end":{"line":303,"column":75},"skip":true},{"start":{"line":303,"column":79},"end":{"line":303,"column":81},"skip":true}]},"25":{"line":306,"type":"if","locations":[{"start":{"line":306,"column":8},"end":{"line":306,"column":8},"skip":true},{"start":{"line":306,"column":8},"end":{"line":306,"column":8},"skip":true}]},"26":{"line":310,"type":"if","locations":[{"start":{"line":310,"column":8},"end":{"line":310,"column":8},"skip":true},{"start":{"line":310,"column":8},"end":{"line":310,"column":8},"skip":true}]},"27":{"line":313,"type":"binary-expr","locations":[{"start":{"line":313,"column":27},"end":{"line":313,"column":43},"skip":true},{"start":{"line":313,"column":47},"end":{"line":313,"column":53},"skip":true}]},"28":{"line":317,"type":"if","locations":[{"start":{"line":317,"column":12},"end":{"line":317,"column":12},"skip":true},{"start":{"line":317,"column":12},"end":{"line":317,"column":12},"skip":true}]}},"code":["/*","example.js","","quickstart example","","instruction","    1. save this script as example.js","    2. run the shell command:","        $ npm install npmtest-react-grid-layout && PORT=8081 node example.js","    3. play with the browser-demo on http://127.0.0.1:8081","*/","","","","/* istanbul instrument in package npmtest_react_grid_layout */","/*jslint","    bitwise: true,","    browser: true,","    maxerr: 8,","    maxlen: 96,","    node: true,","    nomen: true,","    regexp: true,","    stupid: true","*/","(function () {","    'use strict';","    var local;","","","","    // run shared js-env code - pre-init","    (function () {","        // init local","        local = {};","        // init modeJs","        local.modeJs = (function () {","            try {","                return typeof navigator.userAgent === 'string' &&","                    typeof document.querySelector('body') === 'object' &&","                    typeof XMLHttpRequest.prototype.open === 'function' &&","                    'browser';","            } catch (errorCaughtBrowser) {","                return module.exports &&","                    typeof process.versions.node === 'string' &&","                    typeof require('http').createServer === 'function' &&","                    'node';","            }","        }());","        // init global","        local.global = local.modeJs === 'browser'","            ? window","            : global;","        // init utility2_rollup","        local = local.global.utility2_rollup || (local.modeJs === 'browser'","            ? local.global.utility2_npmtest_react_grid_layout","            : global.utility2_moduleExports);","        // export local","        local.global.local = local;","    }());","    switch (local.modeJs) {","","","","    // post-init","    // run browser js-env code - post-init","    /* istanbul ignore next */","    case 'browser':","        local.testRunBrowser = function (event) {","            if (!event || (event &&","                    event.currentTarget &&","                    event.currentTarget.className &&","                    event.currentTarget.className.includes &&","                    event.currentTarget.className.includes('onreset'))) {","                // reset output","                Array.from(","                    document.querySelectorAll('body > .resettable')","                ).forEach(function (element) {","                    switch (element.tagName) {","                    case 'INPUT':","                    case 'TEXTAREA':","                        element.value = '';","                        break;","                    default:","                        element.textContent = '';","                    }","                });","            }","            switch (event && event.currentTarget && event.currentTarget.id) {","            case 'testRunButton1':","                // show tests","                if (document.querySelector('#testReportDiv1').style.display === 'none') {","                    document.querySelector('#testReportDiv1').style.display = 'block';","                    document.querySelector('#testRunButton1').textContent =","                        'hide internal test';","                    local.modeTest = true;","                    local.testRunDefault(local);","                // hide tests","                } else {","                    document.querySelector('#testReportDiv1').style.display = 'none';","                    document.querySelector('#testRunButton1').textContent = 'run internal test';","                }","                break;","            // custom-case","            default:","                break;","            }","            if (document.querySelector('#inputTextareaEval1') && (!event || (event &&","                    event.currentTarget &&","                    event.currentTarget.className &&","                    event.currentTarget.className.includes &&","                    event.currentTarget.className.includes('oneval')))) {","                // try to eval input-code","                try {","                    /*jslint evil: true*/","                    eval(document.querySelector('#inputTextareaEval1').value);","                } catch (errorCaught) {","                    console.error(errorCaught);","                }","            }","        };","        // log stderr and stdout to #outputTextareaStdout1","        ['error', 'log'].forEach(function (key) {","            console[key + '_original'] = console[key];","            console[key] = function () {","                var element;","                console[key + '_original'].apply(console, arguments);","                element = document.querySelector('#outputTextareaStdout1');","                if (!element) {","                    return;","                }","                // append text to #outputTextareaStdout1","                element.value += Array.from(arguments).map(function (arg) {","                    return typeof arg === 'string'","                        ? arg","                        : JSON.stringify(arg, null, 4);","                }).join(' ') + '\\n';","                // scroll textarea to bottom","                element.scrollTop = element.scrollHeight;","            };","        });","        // init event-handling","        ['change', 'click', 'keyup'].forEach(function (event) {","            Array.from(document.querySelectorAll('.on' + event)).forEach(function (element) {","                element.addEventListener(event, local.testRunBrowser);","            });","        });","        // run tests","        local.testRunBrowser();","        break;","","","","    // run node js-env code - post-init","    /* istanbul ignore next */","    case 'node':","        // export local","        module.exports = local;","        // require modules","        local.fs = require('fs');","        local.http = require('http');","        local.url = require('url');","        // init assets","        local.assetsDict = local.assetsDict || {};","        /* jslint-ignore-begin */","        local.assetsDict['/assets.index.template.html'] = '\\","<!doctype html>\\n\\","<html lang=\"en\">\\n\\","<head>\\n\\","<meta charset=\"UTF-8\">\\n\\","<meta name=\"viewport\" content=\"width=device-width, initial-scale=1\">\\n\\","<title>{{env.npm_package_name}} (v{{env.npm_package_version}})</title>\\n\\","<style>\\n\\","/*csslint\\n\\","    box-sizing: false,\\n\\","    universal-selector: false\\n\\","*/\\n\\","* {\\n\\","    box-sizing: border-box;\\n\\","}\\n\\","body {\\n\\","    background: #dde;\\n\\","    font-family: Arial, Helvetica, sans-serif;\\n\\","    margin: 2rem;\\n\\","}\\n\\","body > * {\\n\\","    margin-bottom: 1rem;\\n\\","}\\n\\",".utility2FooterDiv {\\n\\","    margin-top: 20px;\\n\\","    text-align: center;\\n\\","}\\n\\","</style>\\n\\","<style>\\n\\","/*csslint\\n\\","*/\\n\\","textarea {\\n\\","    font-family: monospace;\\n\\","    height: 10rem;\\n\\","    width: 100%;\\n\\","}\\n\\","textarea[readonly] {\\n\\","    background: #ddd;\\n\\","}\\n\\","</style>\\n\\","</head>\\n\\","<body>\\n\\","<!-- utility2-comment\\n\\","<div id=\"ajaxProgressDiv1\" style=\"background: #d00; height: 2px; left: 0; margin: 0; padding: 0; position: fixed; top: 0; transition: background 0.5s, width 1.5s; width: 25%;\"></div>\\n\\","utility2-comment -->\\n\\","<h1>\\n\\","<!-- utility2-comment\\n\\","    <a\\n\\","        {{#if env.npm_package_homepage}}\\n\\","        href=\"{{env.npm_package_homepage}}\"\\n\\","        {{/if env.npm_package_homepage}}\\n\\","        target=\"_blank\"\\n\\","    >\\n\\","utility2-comment -->\\n\\","        {{env.npm_package_name}} (v{{env.npm_package_version}})\\n\\","<!-- utility2-comment\\n\\","    </a>\\n\\","utility2-comment -->\\n\\","</h1>\\n\\","<h3>{{env.npm_package_description}}</h3>\\n\\","<!-- utility2-comment\\n\\","<h4><a download href=\"assets.app.js\">download standalone app</a></h4>\\n\\","<button class=\"onclick onreset\" id=\"testRunButton1\">run internal test</button><br>\\n\\","<div id=\"testReportDiv1\" style=\"display: none;\"></div>\\n\\","utility2-comment -->\\n\\","\\n\\","\\n\\","\\n\\","<label>stderr and stdout</label>\\n\\","<textarea class=\"resettable\" id=\"outputTextareaStdout1\" readonly></textarea>\\n\\","<!-- utility2-comment\\n\\","{{#if isRollup}}\\n\\","<script src=\"assets.app.js\"></script>\\n\\","{{#unless isRollup}}\\n\\","utility2-comment -->\\n\\","<script src=\"assets.utility2.rollup.js\"></script>\\n\\","<script src=\"jsonp.utility2._stateInit?callback=window.utility2._stateInit\"></script>\\n\\","<script src=\"assets.npmtest_react_grid_layout.rollup.js\"></script>\\n\\","<script src=\"assets.example.js\"></script>\\n\\","<script src=\"assets.test.js\"></script>\\n\\","<!-- utility2-comment\\n\\","{{/if isRollup}}\\n\\","utility2-comment -->\\n\\","<div class=\"utility2FooterDiv\">\\n\\","    [ this app was created with\\n\\","    <a href=\"https://github.com/kaizhu256/node-utility2\" target=\"_blank\">utility2</a>\\n\\","    ]\\n\\","</div>\\n\\","</body>\\n\\","</html>\\n\\","';","        /* jslint-ignore-end */","        if (local.templateRender) {","            local.assetsDict['/'] = local.templateRender(","                local.assetsDict['/assets.index.template.html'],","                {","                    env: local.objectSetDefault(local.env, {","                        npm_package_description: 'the greatest app in the world!',","                        npm_package_name: 'my-app',","                        npm_package_nameAlias: 'my_app',","                        npm_package_version: '0.0.1'","                    })","                }","            );","        } else {","            local.assetsDict['/'] = local.assetsDict['/assets.index.template.html']","                .replace((/\\{\\{env\\.(\\w+?)\\}\\}/g), function (match0, match1) {","                    // jslint-hack","                    String(match0);","                    switch (match1) {","                    case 'npm_package_description':","                        return 'the greatest app in the world!';","                    case 'npm_package_name':","                        return 'my-app';","                    case 'npm_package_nameAlias':","                        return 'my_app';","                    case 'npm_package_version':","                        return '0.0.1';","                    }","                });","        }","        // run the cli","        if (local.global.utility2_rollup || module !== require.main) {","            break;","        }","        local.assetsDict['/assets.example.js'] =","            local.assetsDict['/assets.example.js'] ||","            local.fs.readFileSync(__filename, 'utf8');","        // bug-workaround - long $npm_package_buildCustomOrg","        /* jslint-ignore-begin */","        local.assetsDict['/assets.npmtest_react_grid_layout.rollup.js'] =","            local.assetsDict['/assets.npmtest_react_grid_layout.rollup.js'] ||","            local.fs.readFileSync(","                local.npmtest_react_grid_layout.__dirname + '/lib.npmtest_react_grid_layout.js',","                'utf8'","            ).replace((/^#!/), '//');","        /* jslint-ignore-end */","        local.assetsDict['/favicon.ico'] = local.assetsDict['/favicon.ico'] || '';","        // if $npm_config_timeout_exit exists,","        // then exit this process after $npm_config_timeout_exit ms","        if (Number(process.env.npm_config_timeout_exit)) {","            setTimeout(process.exit, Number(process.env.npm_config_timeout_exit));","        }","        // start server","        if (local.global.utility2_serverHttp1) {","            break;","        }","        process.env.PORT = process.env.PORT || '8081';","        console.error('server starting on port ' + process.env.PORT);","        local.http.createServer(function (request, response) {","            request.urlParsed = local.url.parse(request.url);","            if (local.assetsDict[request.urlParsed.pathname] !== undefined) {","                response.end(local.assetsDict[request.urlParsed.pathname]);","                return;","            }","            response.statusCode = 404;","            response.end();","        }).listen(process.env.PORT);","        break;","    }","}());",""],"l":{"26":2,"28":2,"33":2,"35":2,"37":2,"38":2,"39":2,"44":1,"51":2,"55":2,"59":2,"61":2,"69":1,"70":2,"76":2,"79":2,"82":2,"83":2,"85":1,"89":2,"92":1,"93":1,"94":1,"96":1,"97":1,"100":1,"101":1,"103":1,"106":1,"108":2,"114":1,"116":1,"118":1,"123":1,"124":2,"125":2,"126":3,"127":3,"128":3,"129":3,"130":1,"133":3,"134":3,"139":3,"143":1,"144":3,"145":1,"149":1,"150":1,"158":1,"160":1,"161":1,"162":1,"164":1,"166":1,"258":1,"259":1,"271":1,"274":6,"275":6,"277":1,"279":2,"281":1,"283":2,"288":1,"289":1,"291":1,"296":1,"303":1,"306":1,"307":1,"310":1,"311":1,"313":1,"314":1,"315":1,"316":1,"317":1,"318":1,"319":1,"321":1,"322":1,"324":1}},"/home/travis/build/npmtest/node-npmtest-react-grid-layout/node_modules/react-grid-layout/index.js":{"path":"/home/travis/build/npmtest/node-npmtest-react-grid-layout/node_modules/react-grid-layout/index.js","s":{"1":1,"2":1,"3":1,"4":1,"5":1},"b":{},"f":{},"fnMap":{},"statementMap":{"1":{"start":{"line":1,"column":0},"end":{"line":1,"column":60}},"2":{"start":{"line":2,"column":0},"end":{"line":2,"column":48}},"3":{"start":{"line":3,"column":0},"end":{"line":3,"column":81}},"4":{"start":{"line":4,"column":0},"end":{"line":4,"column":69}},"5":{"start":{"line":5,"column":0},"end":{"line":5,"column":83}}},"branchMap":{},"code":["module.exports = require('./build/ReactGridLayout').default;","module.exports.utils = require('./build/utils');","module.exports.Responsive = require('./build/ResponsiveReactGridLayout').default;","module.exports.Responsive.utils = require('./build/responsiveUtils');","module.exports.WidthProvider = require('./build/components/WidthProvider').default;",""],"l":{"1":1,"2":1,"3":1,"4":1,"5":1}},"/home/travis/build/npmtest/node-npmtest-react-grid-layout/node_modules/react-grid-layout/build/ReactGridLayout.js":{"path":"/home/travis/build/npmtest/node-npmtest-react-grid-layout/node_modules/react-grid-layout/build/ReactGridLayout.js","s":{"1":1,"2":1,"3":0,"4":0,"5":0,"6":0,"7":0,"8":0,"9":1,"10":1,"11":1,"12":1,"13":1,"14":1,"15":1,"16":1,"17":1,"18":1,"19":1,"20":1,"21":5,"22":1,"23":0,"24":0,"25":1,"26":0,"27":0,"28":0,"29":1,"30":1,"31":0,"32":1,"33":1,"34":1,"35":1,"36":1,"37":1,"38":1,"39":0,"40":0,"41":0,"42":0,"43":0,"44":1,"45":0,"46":0,"47":1,"48":0,"49":0,"50":0,"51":0,"52":0,"53":0,"54":0,"55":0,"56":0,"57":0,"58":1,"59":0,"60":0,"61":0,"62":0,"63":0,"64":1,"65":0,"66":0,"67":0,"68":0,"69":0,"70":0,"71":0,"72":1,"73":0,"74":0,"75":0,"76":0,"77":0,"78":0,"79":0,"80":0,"81":0,"82":0,"83":1,"84":0,"85":0,"86":0,"87":0,"88":0,"89":0,"90":0,"91":0,"92":0,"93":0,"94":0,"95":0,"96":1,"97":0,"98":0,"99":0,"100":0,"101":1,"102":0,"103":0,"104":0,"105":0,"106":0,"107":0,"108":0,"109":1,"110":0,"111":0,"112":0,"113":0,"114":0,"115":0,"116":0,"117":0,"118":0,"119":0,"120":1,"121":0,"122":0,"123":0,"124":0,"125":0,"126":0,"127":0,"128":0,"129":1,"130":0,"131":0,"132":0,"133":0,"134":0,"135":1,"136":0,"137":0,"138":0,"139":0,"140":0,"141":0,"142":0,"143":0,"144":0,"145":0,"146":1,"147":0,"148":0,"149":0,"150":0,"151":0,"152":1,"153":1,"154":1,"155":0,"156":0,"157":0,"158":0,"159":0,"160":0,"161":0,"162":0,"163":0,"164":0,"165":1,"166":1,"167":0,"168":1},"b":{"1":[1,0],"2":[0,0],"3":[1,4],"4":[5,5],"5":[0,0],"6":[0,0],"7":[0,0],"8":[0,0,0],"9":[0,1],"10":[1,0],"11":[1,1],"12":[1,0],"13":[1,0],"14":[0,0],"15":[0,0],"16":[0,0],"17":[0,0],"18":[0,0],"19":[0,0],"20":[0,0],"21":[0,0],"22":[0,0],"23":[0,0],"24":[0,0],"25":[0,0],"26":[0,0],"27":[0,0],"28":[0,0],"29":[0,0],"30":[0,0,0,0],"31":[0,0,0,0],"32":[0,0],"33":[0,0],"34":[0,0],"35":[0,0]},"f":{"1":0,"2":5,"3":0,"4":0,"5":1,"6":0,"7":1,"8":0,"9":0,"10":0,"11":0,"12":0,"13":0,"14":0,"15":0,"16":0,"17":0,"18":0,"19":0,"20":0,"21":0,"22":0,"23":0,"24":0,"25":0,"26":0},"fnMap":{"1":{"name":"(anonymous_1)","line":5,"loc":{"start":{"line":5,"column":32},"end":{"line":5,"column":50}}},"2":{"name":"_interopRequireDefault","line":29,"loc":{"start":{"line":29,"column":0},"end":{"line":29,"column":37}}},"3":{"name":"_classCallCheck","line":31,"loc":{"start":{"line":31,"column":0},"end":{"line":31,"column":48}}},"4":{"name":"_possibleConstructorReturn","line":33,"loc":{"start":{"line":33,"column":0},"end":{"line":33,"column":48}}},"5":{"name":"_inherits","line":35,"loc":{"start":{"line":35,"column":0},"end":{"line":35,"column":41}}},"6":{"name":"noop","line":37,"loc":{"start":{"line":37,"column":11},"end":{"line":37,"column":27}}},"7":{"name":"(anonymous_7)","line":47,"loc":{"start":{"line":47,"column":22},"end":{"line":47,"column":50}}},"8":{"name":"ReactGridLayout","line":51,"loc":{"start":{"line":51,"column":2},"end":{"line":51,"column":43}}},"9":{"name":"componentDidMount","line":62,"loc":{"start":{"line":62,"column":48},"end":{"line":62,"column":77}}},"10":{"name":"componentWillReceiveProps","line":69,"loc":{"start":{"line":69,"column":56},"end":{"line":69,"column":102}}},"11":{"name":"containerHeight","line":98,"loc":{"start":{"line":98,"column":46},"end":{"line":98,"column":73}}},"12":{"name":"onDragStart","line":115,"loc":{"start":{"line":115,"column":42},"end":{"line":115,"column":78}}},"13":{"name":"onDrag","line":138,"loc":{"start":{"line":138,"column":37},"end":{"line":138,"column":69}}},"14":{"name":"onDragStop","line":173,"loc":{"start":{"line":173,"column":41},"end":{"line":173,"column":77}}},"15":{"name":"onLayoutMaybeChanged","line":201,"loc":{"start":{"line":201,"column":51},"end":{"line":201,"column":103}}},"16":{"name":"onResizeStart","line":208,"loc":{"start":{"line":208,"column":44},"end":{"line":208,"column":83}}},"17":{"name":"onResize","line":224,"loc":{"start":{"line":224,"column":39},"end":{"line":224,"column":73}}},"18":{"name":"onResizeStop","line":252,"loc":{"start":{"line":252,"column":43},"end":{"line":252,"column":81}}},"19":{"name":"placeholder","line":283,"loc":{"start":{"line":283,"column":42},"end":{"line":283,"column":65}}},"20":{"name":"processGridItem","line":327,"loc":{"start":{"line":327,"column":46},"end":{"line":327,"column":78}}},"21":{"name":"render","line":387,"loc":{"start":{"line":387,"column":37},"end":{"line":387,"column":55}}},"22":{"name":"(anonymous_22)","line":402,"loc":{"start":{"line":402,"column":56},"end":{"line":402,"column":73}}},"23":{"name":"layout","line":440,"loc":{"start":{"line":440,"column":10},"end":{"line":440,"column":33}}},"24":{"name":"children","line":498,"loc":{"start":{"line":498,"column":12},"end":{"line":498,"column":63}}},"25":{"name":"(anonymous_25)","line":503,"loc":{"start":{"line":503,"column":47},"end":{"line":503,"column":64}}},"26":{"name":"_initialiseProps","line":532,"loc":{"start":{"line":532,"column":23},"end":{"line":532,"column":51}}}},"statementMap":{"1":{"start":{"line":3,"column":0},"end":{"line":3,"column":26}},"2":{"start":{"line":5,"column":0},"end":{"line":5,"column":257}},"3":{"start":{"line":5,"column":52},"end":{"line":5,"column":239}},"4":{"start":{"line":5,"column":97},"end":{"line":5,"column":123}},"5":{"start":{"line":5,"column":124},"end":{"line":5,"column":237}},"6":{"start":{"line":5,"column":150},"end":{"line":5,"column":235}},"7":{"start":{"line":5,"column":207},"end":{"line":5,"column":233}},"8":{"start":{"line":5,"column":240},"end":{"line":5,"column":254}},"9":{"start":{"line":7,"column":0},"end":{"line":7,"column":30}},"10":{"start":{"line":9,"column":0},"end":{"line":9,"column":45}},"11":{"start":{"line":11,"column":0},"end":{"line":11,"column":39}},"12":{"start":{"line":13,"column":0},"end":{"line":13,"column":53}},"13":{"start":{"line":15,"column":0},"end":{"line":15,"column":40}},"14":{"start":{"line":17,"column":0},"end":{"line":17,"column":47}},"15":{"start":{"line":19,"column":0},"end":{"line":19,"column":40}},"16":{"start":{"line":21,"column":0},"end":{"line":21,"column":55}},"17":{"start":{"line":23,"column":0},"end":{"line":23,"column":32}},"18":{"start":{"line":25,"column":0},"end":{"line":25,"column":38}},"19":{"start":{"line":27,"column":0},"end":{"line":27,"column":51}},"20":{"start":{"line":29,"column":0},"end":{"line":29,"column":95}},"21":{"start":{"line":29,"column":39},"end":{"line":29,"column":93}},"22":{"start":{"line":31,"column":0},"end":{"line":31,"column":153}},"23":{"start":{"line":31,"column":50},"end":{"line":31,"column":151}},"24":{"start":{"line":31,"column":92},"end":{"line":31,"column":149}},"25":{"start":{"line":33,"column":0},"end":{"line":33,"column":240}},"26":{"start":{"line":33,"column":50},"end":{"line":33,"column":151}},"27":{"start":{"line":33,"column":63},"end":{"line":33,"column":149}},"28":{"start":{"line":33,"column":152},"end":{"line":33,"column":238}},"29":{"start":{"line":35,"column":0},"end":{"line":35,"column":494}},"30":{"start":{"line":35,"column":43},"end":{"line":35,"column":208}},"31":{"start":{"line":35,"column":106},"end":{"line":35,"column":206}},"32":{"start":{"line":35,"column":209},"end":{"line":35,"column":373}},"33":{"start":{"line":35,"column":374},"end":{"line":35,"column":492}},"34":{"start":{"line":35,"column":390},"end":{"line":35,"column":492}},"35":{"start":{"line":37,"column":0},"end":{"line":37,"column":30}},"36":{"start":{"line":47,"column":0},"end":{"line":410,"column":29}},"37":{"start":{"line":48,"column":2},"end":{"line":48,"column":47}},"38":{"start":{"line":51,"column":2},"end":{"line":60,"column":3}},"39":{"start":{"line":52,"column":4},"end":{"line":52,"column":43}},"40":{"start":{"line":54,"column":4},"end":{"line":54,"column":94}},"41":{"start":{"line":56,"column":4},"end":{"line":56,"column":33}},"42":{"start":{"line":58,"column":4},"end":{"line":58,"column":126}},"43":{"start":{"line":59,"column":4},"end":{"line":59,"column":17}},"44":{"start":{"line":62,"column":2},"end":{"line":67,"column":4}},"45":{"start":{"line":63,"column":4},"end":{"line":63,"column":37}},"46":{"start":{"line":66,"column":4},"end":{"line":66,"column":68}},"47":{"start":{"line":69,"column":2},"end":{"line":90,"column":4}},"48":{"start":{"line":70,"column":4},"end":{"line":70,"column":31}},"49":{"start":{"line":72,"column":4},"end":{"line":81,"column":7}},"50":{"start":{"line":73,"column":6},"end":{"line":73,"column":39}},"51":{"start":{"line":79,"column":9},"end":{"line":81,"column":7}},"52":{"start":{"line":80,"column":8},"end":{"line":80,"column":42}},"53":{"start":{"line":84,"column":4},"end":{"line":89,"column":5}},"54":{"start":{"line":85,"column":6},"end":{"line":85,"column":142}},"55":{"start":{"line":86,"column":6},"end":{"line":86,"column":41}},"56":{"start":{"line":87,"column":6},"end":{"line":87,"column":43}},"57":{"start":{"line":88,"column":6},"end":{"line":88,"column":55}},"58":{"start":{"line":98,"column":2},"end":{"line":103,"column":4}},"59":{"start":{"line":99,"column":4},"end":{"line":99,"column":37}},"60":{"start":{"line":99,"column":30},"end":{"line":99,"column":37}},"61":{"start":{"line":100,"column":4},"end":{"line":100,"column":54}},"62":{"start":{"line":101,"column":4},"end":{"line":101,"column":112}},"63":{"start":{"line":102,"column":4},"end":{"line":102,"column":108}},"64":{"start":{"line":115,"column":2},"end":{"line":126,"column":4}},"65":{"start":{"line":116,"column":4},"end":{"line":117,"column":25}},"66":{"start":{"line":118,"column":4},"end":{"line":118,"column":35}},"67":{"start":{"line":120,"column":4},"end":{"line":120,"column":49}},"68":{"start":{"line":121,"column":4},"end":{"line":121,"column":19}},"69":{"start":{"line":121,"column":12},"end":{"line":121,"column":19}},"70":{"start":{"line":123,"column":4},"end":{"line":123,"column":97}},"71":{"start":{"line":125,"column":4},"end":{"line":125,"column":56}},"72":{"start":{"line":138,"column":2},"end":{"line":161,"column":4}},"73":{"start":{"line":139,"column":4},"end":{"line":140,"column":26}},"74":{"start":{"line":141,"column":4},"end":{"line":141,"column":45}},"75":{"start":{"line":142,"column":4},"end":{"line":142,"column":35}},"76":{"start":{"line":144,"column":4},"end":{"line":144,"column":49}},"77":{"start":{"line":145,"column":4},"end":{"line":145,"column":19}},"78":{"start":{"line":145,"column":12},"end":{"line":145,"column":19}},"79":{"start":{"line":148,"column":4},"end":{"line":150,"column":6}},"80":{"start":{"line":153,"column":4},"end":{"line":153,"column":79}},"81":{"start":{"line":155,"column":4},"end":{"line":155,"column":68}},"82":{"start":{"line":157,"column":4},"end":{"line":160,"column":7}},"83":{"start":{"line":173,"column":2},"end":{"line":199,"column":4}},"84":{"start":{"line":174,"column":4},"end":{"line":175,"column":26}},"85":{"start":{"line":176,"column":4},"end":{"line":176,"column":45}},"86":{"start":{"line":177,"column":4},"end":{"line":177,"column":35}},"87":{"start":{"line":179,"column":4},"end":{"line":179,"column":49}},"88":{"start":{"line":180,"column":4},"end":{"line":180,"column":19}},"89":{"start":{"line":180,"column":12},"end":{"line":180,"column":19}},"90":{"start":{"line":183,"column":4},"end":{"line":183,"column":79}},"91":{"start":{"line":185,"column":4},"end":{"line":185,"column":65}},"92":{"start":{"line":188,"column":4},"end":{"line":188,"column":76}},"93":{"start":{"line":189,"column":4},"end":{"line":189,"column":41}},"94":{"start":{"line":191,"column":4},"end":{"line":196,"column":7}},"95":{"start":{"line":198,"column":4},"end":{"line":198,"column":52}},"96":{"start":{"line":201,"column":2},"end":{"line":206,"column":4}},"97":{"start":{"line":202,"column":4},"end":{"line":202,"column":50}},"98":{"start":{"line":202,"column":20},"end":{"line":202,"column":50}},"99":{"start":{"line":203,"column":4},"end":{"line":205,"column":5}},"100":{"start":{"line":204,"column":6},"end":{"line":204,"column":43}},"101":{"start":{"line":208,"column":2},"end":{"line":222,"column":4}},"102":{"start":{"line":209,"column":4},"end":{"line":210,"column":26}},"103":{"start":{"line":211,"column":4},"end":{"line":211,"column":35}},"104":{"start":{"line":213,"column":4},"end":{"line":213,"column":49}},"105":{"start":{"line":214,"column":4},"end":{"line":214,"column":19}},"106":{"start":{"line":214,"column":12},"end":{"line":214,"column":19}},"107":{"start":{"line":216,"column":4},"end":{"line":219,"column":7}},"108":{"start":{"line":221,"column":4},"end":{"line":221,"column":58}},"109":{"start":{"line":224,"column":2},"end":{"line":250,"column":4}},"110":{"start":{"line":225,"column":4},"end":{"line":226,"column":26}},"111":{"start":{"line":227,"column":4},"end":{"line":229,"column":45}},"112":{"start":{"line":231,"column":4},"end":{"line":231,"column":49}},"113":{"start":{"line":232,"column":4},"end":{"line":232,"column":19}},"114":{"start":{"line":232,"column":12},"end":{"line":232,"column":19}},"115":{"start":{"line":235,"column":4},"end":{"line":235,"column":12}},"116":{"start":{"line":236,"column":4},"end":{"line":236,"column":12}},"117":{"start":{"line":239,"column":4},"end":{"line":241,"column":6}},"118":{"start":{"line":243,"column":4},"end":{"line":243,"column":72}},"119":{"start":{"line":246,"column":4},"end":{"line":249,"column":7}},"120":{"start":{"line":252,"column":2},"end":{"line":275,"column":4}},"121":{"start":{"line":253,"column":4},"end":{"line":254,"column":26}},"122":{"start":{"line":255,"column":4},"end":{"line":257,"column":46}},"123":{"start":{"line":259,"column":4},"end":{"line":259,"column":49}},"124":{"start":{"line":261,"column":4},"end":{"line":261,"column":69}},"125":{"start":{"line":264,"column":4},"end":{"line":264,"column":76}},"126":{"start":{"line":265,"column":4},"end":{"line":265,"column":41}},"127":{"start":{"line":267,"column":4},"end":{"line":272,"column":7}},"128":{"start":{"line":274,"column":4},"end":{"line":274,"column":52}},"129":{"start":{"line":283,"column":2},"end":{"line":318,"column":4}},"130":{"start":{"line":284,"column":4},"end":{"line":284,"column":43}},"131":{"start":{"line":286,"column":4},"end":{"line":286,"column":33}},"132":{"start":{"line":286,"column":21},"end":{"line":286,"column":33}},"133":{"start":{"line":287,"column":4},"end":{"line":294,"column":51}},"134":{"start":{"line":298,"column":4},"end":{"line":317,"column":6}},"135":{"start":{"line":327,"column":2},"end":{"line":385,"column":4}},"136":{"start":{"line":328,"column":4},"end":{"line":328,"column":27}},"137":{"start":{"line":328,"column":20},"end":{"line":328,"column":27}},"138":{"start":{"line":329,"column":4},"end":{"line":329,"column":68}},"139":{"start":{"line":330,"column":4},"end":{"line":330,"column":24}},"140":{"start":{"line":330,"column":12},"end":{"line":330,"column":24}},"141":{"start":{"line":331,"column":4},"end":{"line":342,"column":50}},"142":{"start":{"line":343,"column":4},"end":{"line":343,"column":37}},"143":{"start":{"line":347,"column":4},"end":{"line":347,"column":98}},"144":{"start":{"line":348,"column":4},"end":{"line":348,"column":98}},"145":{"start":{"line":350,"column":4},"end":{"line":384,"column":6}},"146":{"start":{"line":387,"column":2},"end":{"line":407,"column":4}},"147":{"start":{"line":388,"column":4},"end":{"line":388,"column":22}},"148":{"start":{"line":390,"column":4},"end":{"line":392,"column":30}},"149":{"start":{"line":395,"column":4},"end":{"line":397,"column":14}},"150":{"start":{"line":399,"column":4},"end":{"line":406,"column":6}},"151":{"start":{"line":403,"column":8},"end":{"line":403,"column":45}},"152":{"start":{"line":409,"column":2},"end":{"line":409,"column":25}},"153":{"start":{"line":412,"column":0},"end":{"line":412,"column":48}},"154":{"start":{"line":413,"column":0},"end":{"line":510,"column":2}},"155":{"start":{"line":441,"column":4},"end":{"line":441,"column":30}},"156":{"start":{"line":443,"column":4},"end":{"line":443,"column":37}},"157":{"start":{"line":443,"column":30},"end":{"line":443,"column":37}},"158":{"start":{"line":444,"column":4},"end":{"line":444,"column":49}},"159":{"start":{"line":499,"column":4},"end":{"line":499,"column":35}},"160":{"start":{"line":502,"column":4},"end":{"line":502,"column":18}},"161":{"start":{"line":503,"column":4},"end":{"line":508,"column":7}},"162":{"start":{"line":504,"column":6},"end":{"line":506,"column":7}},"163":{"start":{"line":505,"column":8},"end":{"line":505,"column":99}},"164":{"start":{"line":507,"column":6},"end":{"line":507,"column":29}},"165":{"start":{"line":511,"column":0},"end":{"line":530,"column":2}},"166":{"start":{"line":532,"column":0},"end":{"line":541,"column":2}},"167":{"start":{"line":533,"column":2},"end":{"line":540,"column":4}},"168":{"start":{"line":543,"column":0},"end":{"line":543,"column":34}}},"branchMap":{"1":{"line":5,"type":"binary-expr","locations":[{"start":{"line":5,"column":15},"end":{"line":5,"column":28}},{"start":{"line":5,"column":32},"end":{"line":5,"column":256}}]},"2":{"line":5,"type":"if","locations":[{"start":{"line":5,"column":150},"end":{"line":5,"column":150}},{"start":{"line":5,"column":150},"end":{"line":5,"column":150}}]},"3":{"line":29,"type":"cond-expr","locations":[{"start":{"line":29,"column":70},"end":{"line":29,"column":73}},{"start":{"line":29,"column":76},"end":{"line":29,"column":92}}]},"4":{"line":29,"type":"binary-expr","locations":[{"start":{"line":29,"column":46},"end":{"line":29,"column":49}},{"start":{"line":29,"column":53},"end":{"line":29,"column":67}}]},"5":{"line":31,"type":"if","locations":[{"start":{"line":31,"column":50},"end":{"line":31,"column":50}},{"start":{"line":31,"column":50},"end":{"line":31,"column":50}}]},"6":{"line":33,"type":"if","locations":[{"start":{"line":33,"column":50},"end":{"line":33,"column":50}},{"start":{"line":33,"column":50},"end":{"line":33,"column":50}}]},"7":{"line":33,"type":"cond-expr","locations":[{"start":{"line":33,"column":226},"end":{"line":33,"column":230}},{"start":{"line":33,"column":233},"end":{"line":33,"column":237}}]},"8":{"line":33,"type":"binary-expr","locations":[{"start":{"line":33,"column":159},"end":{"line":33,"column":163}},{"start":{"line":33,"column":168},"end":{"line":33,"column":192}},{"start":{"line":33,"column":196},"end":{"line":33,"column":222}}]},"9":{"line":35,"type":"if","locations":[{"start":{"line":35,"column":43},"end":{"line":35,"column":43}},{"start":{"line":35,"column":43},"end":{"line":35,"column":43}}]},"10":{"line":35,"type":"binary-expr","locations":[{"start":{"line":35,"column":47},"end":{"line":35,"column":79}},{"start":{"line":35,"column":83},"end":{"line":35,"column":102}}]},"11":{"line":35,"type":"binary-expr","locations":[{"start":{"line":35,"column":244},"end":{"line":35,"column":254}},{"start":{"line":35,"column":258},"end":{"line":35,"column":278}}]},"12":{"line":35,"type":"if","locations":[{"start":{"line":35,"column":374},"end":{"line":35,"column":374}},{"start":{"line":35,"column":374},"end":{"line":35,"column":374}}]},"13":{"line":35,"type":"cond-expr","locations":[{"start":{"line":35,"column":414},"end":{"line":35,"column":457}},{"start":{"line":35,"column":460},"end":{"line":35,"column":491}}]},"14":{"line":72,"type":"if","locations":[{"start":{"line":72,"column":4},"end":{"line":72,"column":4}},{"start":{"line":72,"column":4},"end":{"line":72,"column":4}}]},"15":{"line":79,"type":"if","locations":[{"start":{"line":79,"column":9},"end":{"line":79,"column":9}},{"start":{"line":79,"column":9},"end":{"line":79,"column":9}}]},"16":{"line":84,"type":"if","locations":[{"start":{"line":84,"column":4},"end":{"line":84,"column":4}},{"start":{"line":84,"column":4},"end":{"line":84,"column":4}}]},"17":{"line":99,"type":"if","locations":[{"start":{"line":99,"column":4},"end":{"line":99,"column":4}},{"start":{"line":99,"column":4},"end":{"line":99,"column":4}}]},"18":{"line":101,"type":"cond-expr","locations":[{"start":{"line":101,"column":58},"end":{"line":101,"column":88}},{"start":{"line":101,"column":91},"end":{"line":101,"column":111}}]},"19":{"line":121,"type":"if","locations":[{"start":{"line":121,"column":4},"end":{"line":121,"column":4}},{"start":{"line":121,"column":4},"end":{"line":121,"column":4}}]},"20":{"line":145,"type":"if","locations":[{"start":{"line":145,"column":4},"end":{"line":145,"column":4}},{"start":{"line":145,"column":4},"end":{"line":145,"column":4}}]},"21":{"line":180,"type":"if","locations":[{"start":{"line":180,"column":4},"end":{"line":180,"column":4}},{"start":{"line":180,"column":4},"end":{"line":180,"column":4}}]},"22":{"line":202,"type":"if","locations":[{"start":{"line":202,"column":4},"end":{"line":202,"column":4}},{"start":{"line":202,"column":4},"end":{"line":202,"column":4}}]},"23":{"line":203,"type":"if","locations":[{"start":{"line":203,"column":4},"end":{"line":203,"column":4}},{"start":{"line":203,"column":4},"end":{"line":203,"column":4}}]},"24":{"line":214,"type":"if","locations":[{"start":{"line":214,"column":4},"end":{"line":214,"column":4}},{"start":{"line":214,"column":4},"end":{"line":214,"column":4}}]},"25":{"line":232,"type":"if","locations":[{"start":{"line":232,"column":4},"end":{"line":232,"column":4}},{"start":{"line":232,"column":4},"end":{"line":232,"column":4}}]},"26":{"line":286,"type":"if","locations":[{"start":{"line":286,"column":4},"end":{"line":286,"column":4}},{"start":{"line":286,"column":4},"end":{"line":286,"column":4}}]},"27":{"line":310,"type":"binary-expr","locations":[{"start":{"line":310,"column":26},"end":{"line":310,"column":42}},{"start":{"line":310,"column":46},"end":{"line":310,"column":52}}]},"28":{"line":328,"type":"if","locations":[{"start":{"line":328,"column":4},"end":{"line":328,"column":4}},{"start":{"line":328,"column":4},"end":{"line":328,"column":4}}]},"29":{"line":330,"type":"if","locations":[{"start":{"line":330,"column":4},"end":{"line":330,"column":4}},{"start":{"line":330,"column":4},"end":{"line":330,"column":4}}]},"30":{"line":347,"type":"binary-expr","locations":[{"start":{"line":347,"column":28},"end":{"line":347,"column":37}},{"start":{"line":347,"column":41},"end":{"line":347,"column":52}},{"start":{"line":347,"column":57},"end":{"line":347,"column":70}},{"start":{"line":347,"column":74},"end":{"line":347,"column":95}}]},"31":{"line":348,"type":"binary-expr","locations":[{"start":{"line":348,"column":28},"end":{"line":348,"column":37}},{"start":{"line":348,"column":41},"end":{"line":348,"column":52}},{"start":{"line":348,"column":57},"end":{"line":348,"column":70}},{"start":{"line":348,"column":74},"end":{"line":348,"column":95}}]},"32":{"line":356,"type":"binary-expr","locations":[{"start":{"line":356,"column":26},"end":{"line":356,"column":42}},{"start":{"line":356,"column":46},"end":{"line":356,"column":52}}]},"33":{"line":369,"type":"binary-expr","locations":[{"start":{"line":369,"column":26},"end":{"line":369,"column":42}},{"start":{"line":369,"column":46},"end":{"line":369,"column":53}}]},"34":{"line":443,"type":"if","locations":[{"start":{"line":443,"column":4},"end":{"line":443,"column":4}},{"start":{"line":443,"column":4},"end":{"line":443,"column":4}}]},"35":{"line":504,"type":"if","locations":[{"start":{"line":504,"column":6},"end":{"line":504,"column":6}},{"start":{"line":504,"column":6},"end":{"line":504,"column":6}}]}},"code":["'use strict';","","exports.__esModule = true;","","var _extends = Object.assign || function (target) { for (var i = 1; i < arguments.length; i++) { var source = arguments[i]; for (var key in source) { if (Object.prototype.hasOwnProperty.call(source, key)) { target[key] = source[key]; } } } return target; };","","var _react = require('react');","","var _react2 = _interopRequireDefault(_react);","","var _propTypes = require('prop-types');","","var _propTypes2 = _interopRequireDefault(_propTypes);","","var _lodash = require('lodash.isequal');","","var _lodash2 = _interopRequireDefault(_lodash);","","var _classnames = require('classnames');","","var _classnames2 = _interopRequireDefault(_classnames);","","var _utils = require('./utils');","","var _GridItem = require('./GridItem');","","var _GridItem2 = _interopRequireDefault(_GridItem);","","function _interopRequireDefault(obj) { return obj && obj.__esModule ? obj : { default: obj }; }","","function _classCallCheck(instance, Constructor) { if (!(instance instanceof Constructor)) { throw new TypeError(\"Cannot call a class as a function\"); } }","","function _possibleConstructorReturn(self, call) { if (!self) { throw new ReferenceError(\"this hasn't been initialised - super() hasn't been called\"); } return call && (typeof call === \"object\" || typeof call === \"function\") ? call : self; }","","function _inherits(subClass, superClass) { if (typeof superClass !== \"function\" && superClass !== null) { throw new TypeError(\"Super expression must either be null or a function, not \" + typeof superClass); } subClass.prototype = Object.create(superClass && superClass.prototype, { constructor: { value: subClass, enumerable: false, writable: true, configurable: true } }); if (superClass) Object.setPrototypeOf ? Object.setPrototypeOf(subClass, superClass) : subClass.__proto__ = superClass; }","","var noop = function noop() {};","","// Types","","// End Types","","/**"," * A reactive, fluid grid layout with draggable, resizable components."," */","","var ReactGridLayout = function (_React$Component) {","  _inherits(ReactGridLayout, _React$Component);","","  // TODO publish internal ReactClass displayName transform","  function ReactGridLayout(props, context) {","    _classCallCheck(this, ReactGridLayout);","","    var _this = _possibleConstructorReturn(this, _React$Component.call(this, props, context));","","    _initialiseProps.call(_this);","","    (0, _utils.autoBindHandlers)(_this, ['onDragStart', 'onDrag', 'onDragStop', 'onResizeStart', 'onResize', 'onResizeStop']);","    return _this;","  }","","  ReactGridLayout.prototype.componentDidMount = function componentDidMount() {","    this.setState({ mounted: true });","    // Possibly call back with layout on mount. This should be done after correcting the layout width","    // to ensure we don't rerender with the wrong width.","    this.onLayoutMaybeChanged(this.state.layout, this.props.layout);","  };","","  ReactGridLayout.prototype.componentWillReceiveProps = function componentWillReceiveProps(nextProps) {","    var newLayoutBase = void 0;","    // Allow parent to set layout directly.","    if (!(0, _lodash2.default)(nextProps.layout, this.props.layout)) {","      newLayoutBase = nextProps.layout;","    }","","    // If children change, also regenerate the layout. Use our state","    // as the base in case because it may be more up to date than","    // what is in props.","    else if (!(0, _utils.childrenEqual)(this.props.children, nextProps.children)) {","        newLayoutBase = this.state.layout;","      }","","    // We need to regenerate the layout.","    if (newLayoutBase) {","      var newLayout = (0, _utils.synchronizeLayoutWithChildren)(newLayoutBase, nextProps.children, nextProps.cols, nextProps.verticalCompact);","      var _oldLayout = this.state.layout;","      this.setState({ layout: newLayout });","      this.onLayoutMaybeChanged(newLayout, _oldLayout);","    }","  };","","  /**","   * Calculates a pixel value for the container.","   * @return {String} Container height in pixels.","   */","","","  ReactGridLayout.prototype.containerHeight = function containerHeight() {","    if (!this.props.autoSize) return;","    var nbRow = (0, _utils.bottom)(this.state.layout);","    var containerPaddingY = this.props.containerPadding ? this.props.containerPadding[1] : this.props.margin[1];","    return nbRow * this.props.rowHeight + (nbRow - 1) * this.props.margin[1] + containerPaddingY * 2 + 'px';","  };","","  /**","   * When dragging starts","   * @param {String} i Id of the child","   * @param {Number} x X position of the move","   * @param {Number} y Y position of the move","   * @param {Event} e The mousedown event","   * @param {Element} node The current dragging DOM element","   */","","","  ReactGridLayout.prototype.onDragStart = function onDragStart(i, x, y, _ref) {","    var e = _ref.e,","        node = _ref.node;","    var layout = this.state.layout;","","    var l = (0, _utils.getLayoutItem)(layout, i);","    if (!l) return;","","    this.setState({ oldDragItem: (0, _utils.cloneLayoutItem)(l), oldLayout: this.state.layout });","","    this.props.onDragStart(layout, l, l, null, e, node);","  };","","  /**","   * Each drag movement create a new dragelement and move the element to the dragged location","   * @param {String} i Id of the child","   * @param {Number} x X position of the move","   * @param {Number} y Y position of the move","   * @param {Event} e The mousedown event","   * @param {Element} node The current dragging DOM element","   */","","","  ReactGridLayout.prot
[...]
ine":19,"column":44}},"9":{"start":{"line":20,"column":2},"end":{"line":20,"column":27}},"10":{"start":{"line":21,"column":2},"end":{"line":24,"column":3}},"11":{"start":{"line":22,"column":4},"end":{"line":22,"column":35}},"12":{"start":{"line":23,"column":4},"end":{"line":23,"column":71}},"13":{"start":{"line":23,"column":45},"end":{"line":23,"column":71}},"14":{"start":{"line":25,"column":2},"end":{"line":25,"column":18}},"15":{"start":{"line":36,"column":0},"end":{"line":41,"column":1}},"16":{"start":{"line":37,"column":2},"end":{"line":39,"column":3}},"17":{"start":{"line":38,"column":4},"end":{"line":38,"column":109}},"18":{"start":{"line":40,"column":2},"end":{"line":40,"column":26}},"19":{"start":{"line":57,"column":0},"end":{"line":73,"column":1}},"20":{"start":{"line":59,"column":2},"end":{"line":59,"column":79}},"21":{"start":{"line":59,"column":27},"end":{"line":59,"column":79}},"22":{"start":{"line":61,"column":2},"end":{"line":61,"column":39}},"23":{"start":{"line":62,"column":2},"end":{"line":62,"column":55}},"24":{"start":{"line":63,"column":2},"end":{"line":63,"column":88}},"25":{"start":{"line":64,"column":2},"end":{"line":70,"column":3}},"26":{"start":{"line":65,"column":4},"end":{"line":65,"column":32}},"27":{"start":{"line":66,"column":4},"end":{"line":69,"column":5}},"28":{"start":{"line":67,"column":6},"end":{"line":67,"column":26}},"29":{"start":{"line":68,"column":6},"end":{"line":68,"column":12}},"30":{"start":{"line":71,"column":2},"end":{"line":71,"column":49}},"31":{"start":{"line":72,"column":2},"end":{"line":72,"column":97}},"32":{"start":{"line":82,"column":0},"end":{"line":87,"column":1}},"33":{"start":{"line":83,"column":2},"end":{"line":83,"column":38}},"34":{"start":{"line":84,"column":2},"end":{"line":86,"column":5}},"35":{"start":{"line":85,"column":4},"end":{"line":85,"column":43}}},"branchMap":{"1":{"line":23,"type":"if","locations":[{"start":{"line":23,"column":4},"end":{"line":23,"column":4}},{"start":{"line":23,"column":4},"end":{"line":23,"column":4}}]},"2":{"line":37,"type":"if","locations":[{"start":{"line":37,"column":2},"end":{"line":37,"column":2}},{"start":{"line":37,"column":2},"end":{"line":37,"column":2}}]},"3":{"line":59,"type":"if","locations":[{"start":{"line":59,"column":2},"end":{"line":59,"column":2}},{"start":{"line":59,"column":2},"end":{"line":59,"column":2}}]},"4":{"line":66,"type":"if","locations":[{"start":{"line":66,"column":4},"end":{"line":66,"column":4}},{"start":{"line":66,"column":4},"end":{"line":66,"column":4}}]},"5":{"line":71,"type":"binary-expr","locations":[{"start":{"line":71,"column":35},"end":{"line":71,"column":41}},{"start":{"line":71,"column":45},"end":{"line":71,"column":47}}]}},"code":["'use strict';","","exports.__esModule = true;","exports.getBreakpointFromWidth = getBreakpointFromWidth;","exports.getColsFromBreakpoint = getColsFromBreakpoint;","exports.findOrGenerateResponsiveLayout = findOrGenerateResponsiveLayout;","exports.sortBreakpoints = sortBreakpoints;","","var _utils = require('./utils');","","/**"," * Given a width, find the highest breakpoint that matches is valid for it (width > breakpoint)."," *"," * @param  {Object} breakpoints Breakpoints object (e.g. {lg: 1200, md: 960, ...})"," * @param  {Number} width Screen width."," * @return {String}       Highest breakpoint that is less than width."," */","function getBreakpointFromWidth(breakpoints, width) {","  var sorted = sortBreakpoints(breakpoints);","  var matching = sorted[0];","  for (var i = 1, len = sorted.length; i < len; i++) {","    var breakpointName = sorted[i];","    if (width > breakpoints[breakpointName]) matching = breakpointName;","  }","  return matching;","}","","/**"," * Given a breakpoint, get the # of cols set for it."," * @param  {String} breakpoint Breakpoint name."," * @param  {Object} cols       Map of breakpoints to cols."," * @return {Number}            Number of cols."," */","","","function getColsFromBreakpoint(breakpoint, cols) {","  if (!cols[breakpoint]) {","    throw new Error(\"ResponsiveReactGridLayout: `cols` entry for breakpoint \" + breakpoint + \" is missing!\");","  }","  return cols[breakpoint];","}","","/**"," * Given existing layouts and a new breakpoint, find or generate a new layout."," *"," * This finds the layout above the new one and generates from it, if it exists."," *"," * @param  {Object} layouts     Existing layouts."," * @param  {Array} breakpoints All breakpoints."," * @param  {String} breakpoint New breakpoint."," * @param  {String} breakpoint Last breakpoint (for fallback)."," * @param  {Number} cols       Column count at new breakpoint."," * @param  {Boolean} verticalCompact Whether or not to compact the layout"," *   vertically."," * @return {Array}             New layout."," */","function findOrGenerateResponsiveLayout(layouts, breakpoints, breakpoint, lastBreakpoint, cols, verticalCompact) {","  // If it already exists, just return it.","  if (layouts[breakpoint]) return (0, _utils.cloneLayout)(layouts[breakpoint]);","  // Find or generate the next layout","  var layout = layouts[lastBreakpoint];","  var breakpointsSorted = sortBreakpoints(breakpoints);","  var breakpointsAbove = breakpointsSorted.slice(breakpointsSorted.indexOf(breakpoint));","  for (var i = 0, len = breakpointsAbove.length; i < len; i++) {","    var b = breakpointsAbove[i];","    if (layouts[b]) {","      layout = layouts[b];","      break;","    }","  }","  layout = (0, _utils.cloneLayout)(layout || []); // clone layout so we don't modify existing items","  return (0, _utils.compact)((0, _utils.correctBounds)(layout, { cols: cols }), verticalCompact);","}","","/**"," * Given breakpoints, return an array of breakpoints sorted by width. This is usually"," * e.g. ['xxs', 'xs', 'sm', ...]"," *"," * @param  {Object} breakpoints Key/value pair of breakpoint names to widths."," * @return {Array}              Sorted breakpoints."," */","function sortBreakpoints(breakpoints) {","  var keys = Object.keys(breakpoints);","  return keys.sort(function (a, b) {","    return breakpoints[a] - breakpoints[b];","  });","}"],"l":{"3":1,"4":1,"5":1,"6":1,"7":1,"9":1,"18":1,"19":0,"20":0,"21":0,"22":0,"23":0,"25":0,"36":1,"37":0,"38":0,"40":0,"57":1,"59":0,"61":0,"62":0,"63":0,"64":0,"65":0,"66":0,"67":0,"68":0,"71":0,"72":0,"82":1,"83":0,"84":0,"85":0}},"/home/travis/build/npmtest/node-npmtest-react-grid-layout/node_modules/react-grid-layout/build/components/WidthProvider.js":{"path":"/home/travis/build/npmtest/node-npmtest-react-grid-layout/node_modules/react-grid-layout/build/components/WidthProvider.js","s":{"1":1,"2":1,"3":0,"4":0,"5":0,"6":0,"7":0,"8":0,"9":1,"10":1,"11":1,"12":1,"13":1,"14":1,"15":1,"16":3,"17":1,"18":0,"19":0,"20":1,"21":0,"22":0,"23":0,"24":1,"25":0,"26":0,"27":0,"28":0,"29":0,"30":1,"31":0,"32":0,"33":0,"34":1,"35":0,"36":0,"37":0,"38":0,"39":0,"40":0,"41":0,"42":0,"43":0,"44":0,"45":0,"46":0,"47":0,"48":0,"49":0,"50":0,"51":0,"52":0,"53":0,"54":0,"55":0,"56":0,"57":1},"b":{"1":[1,0],"2":[0,0],"3":[0,3],"4":[3,3],"5":[0,0],"6":[0,0],"7":[0,0],"8":[0,0,0],"9":[0,0],"10":[0,0],"11":[0,0],"12":[0,0],"13":[0,0],"14":[0,0],"15":[0,0],"16":[0,0],"17":[0,0]},"f":{"1":0,"2":3,"3":0,"4":0,"5":0,"6":0,"7":0,"8":0,"9":0,"10":0,"11":0,"12":0},"fnMap":{"1":{"name":"(anonymous_1)","line":5,"loc":{"start":{"line":5,"column":32},"end":{"line":5,"column":50}}},"2":{"name":"_interopRequireDefault","line":19,"loc":{"start":{"line":19,"column":0},"end":{"line":19,"column":37}}},"3":{"name":"_classCallCheck","line":21,"loc":{"start":{"line":21,"column":0},"end":{"line":21,"column":48}}},"4":{"name":"_possibleConstructorReturn","line":23,"loc":{"start":{"line":23,"column":0},"end":{"line":23,"column":48}}},"5":{"name":"_inherits","line":25,"loc":{"start":{"line":25,"column":0},"end":{"line":25,"column":41}}},"6":{"name":"WidthProvider","line":30,"loc":{"start":{"line":30,"column":20},"end":{"line":30,"column":62}}},"7":{"name":"(anonymous_7)","line":33,"loc":{"start":{"line":33,"column":27},"end":{"line":33,"column":55}}},"8":{"name":"_class","line":36,"loc":{"start":{"line":36,"column":4},"end":{"line":36,"column":22}}},"9":{"name":"(anonymous_9)","line":47,"loc":{"start":{"line":47,"column":55},"end":{"line":47,"column":73}}},"10":{"name":"componentDidMount","line":54,"loc":{"start":{"line":54,"column":41},"end":{"line":54,"column":70}}},"11":{"name":"componentWillUnmount","line":64,"loc":{"start":{"line":64,"column":44},"end":{"line":64,"column":76}}},"12":{"name":"render","line":69,"loc":{"start":{"line":69,"column":30},"end":{"line":69,"column":48}}}},"statementMap":{"1":{"start":{"line":3,"column":0},"end":{"line":3,"column":26}},"2":{"start":{"line":5,"column":0},"end":{"line":5,"column":257}},"3":{"start":{"line":5,"column":52},"end":{"line":5,"column":239}},"4":{"start":{"line":5,"column":97},"end":{"line":5,"column":123}},"5":{"start":{"line":5,"column":124},"end":{"line":5,"column":237}},"6":{"start":{"line":5,"column":150},"end":{"line":5,"column":235}},"7":{"start":{"line":5,"column":207},"end":{"line":5,"column":233}},"8":{"start":{"line":5,"column":240},"end":{"line":5,"column":254}},"9":{"start":{"line":7,"column":0},"end":{"line":7,"column":30}},"10":{"start":{"line":9,"column":0},"end":{"line":9,"column":45}},"11":{"start":{"line":11,"column":0},"end":{"line":11,"column":39}},"12":{"start":{"line":13,"column":0},"end":{"line":13,"column":53}},"13":{"start":{"line":15,"column":0},"end":{"line":15,"column":37}},"14":{"start":{"line":17,"column":0},"end":{"line":17,"column":51}},"15":{"start":{"line":19,"column":0},"end":{"line":19,"column":95}},"16":{"start":{"line":19,"column":39},"end":{"line":19,"column":93}},"17":{"start":{"line":21,"column":0},"end":{"line":21,"column":153}},"18":{"start":{"line":21,"column":50},"end":{"line":21,"column":151}},"19":{"start":{"line":21,"column":92},"end":{"line":21,"column":149}},"20":{"start":{"line":23,"column":0},"end":{"line":23,"column":240}},"21":{"start":{"line":23,"column":50},"end":{"line":23,"column":151}},"22":{"start":{"line":23,"column":63},"end":{"line":23,"column":149}},"23":{"start":{"line":23,"column":152},"end":{"line":23,"column":238}},"24":{"start":{"line":25,"column":0},"end":{"line":25,"column":494}},"25":{"start":{"line":25,"column":43},"end":{"line":25,"column":208}},"26":{"start":{"line":25,"column":106},"end":{"line":25,"column":206}},"27":{"start":{"line":25,"column":209},"end":{"line":25,"column":373}},"28":{"start":{"line":25,"column":374},"end":{"line":25,"column":492}},"29":{"start":{"line":25,"column":390},"end":{"line":25,"column":492}},"30":{"start":{"line":30,"column":0},"end":{"line":85,"column":2}},"31":{"start":{"line":31,"column":2},"end":{"line":31,"column":21}},"32":{"start":{"line":33,"column":2},"end":{"line":84,"column":12}},"33":{"start":{"line":34,"column":4},"end":{"line":34,"column":40}},"34":{"start":{"line":36,"column":4},"end":{"line":52,"column":5}},"35":{"start":{"line":37,"column":6},"end":{"line":37,"column":29}},"36":{"start":{"line":39,"column":6},"end":{"line":39,"column":36}},"37":{"start":{"line":41,"column":6},"end":{"line":43,"column":7}},"38":{"start":{"line":42,"column":8},"end":{"line":42,"column":37}},"39":{"start":{"line":45,"column":6},"end":{"line":51,"column":57}},"40":{"start":{"line":48,"column":8},"end":{"line":48,"column":35}},"41":{"start":{"line":48,"column":28},"end":{"line":48,"column":35}},"42":{"start":{"line":49,"column":8},"end":{"line":49,"column":57}},"43":{"start":{"line":50,"column":8},"end":{"line":50,"column":85}},"44":{"start":{"line":50,"column":41},"end":{"line":50,"column":85}},"45":{"start":{"line":54,"column":4},"end":{"line":62,"column":6}},"46":{"start":{"line":55,"column":6},"end":{"line":55,"column":26}},"47":{"start":{"line":57,"column":6},"end":{"line":57,"column":61}},"48":{"start":{"line":61,"column":6},"end":{"line":61,"column":28}},"49":{"start":{"line":64,"column":4},"end":{"line":67,"column":6}},"50":{"start":{"line":65,"column":6},"end":{"line":65,"column":27}},"51":{"start":{"line":66,"column":6},"end":{"line":66,"column":64}},"52":{"start":{"line":69,"column":4},"end":{"line":75,"column":6}},"53":{"start":{"line":70,"column":6},"end":{"line":72,"column":7}},"54":{"start":{"line":71,"column":8},"end":{"line":71,"column":114}},"55":{"start":{"line":74,"column":6},"end":{"line":74,"column":100}},"56":{"start":{"line":77,"column":4},"end":{"line":77,"column":18}},"57":{"start":{"line":87,"column":0},"end":{"line":87,"column":32}}},"branchMap":{"1":{"line":5,"type":"binary-expr","locations":[{"start":{"line":5,"column":15},"end":{"line":5,"column":28}},{"start":{"line":5,"column":32},"end":{"line":5,"column":256}}]},"2":{"line":5,"type":"if","locations":[{"start":{"line":5,"column":150},"end":{"line":5,"column":150}},{"start":{"line":5,"column":150},"end":{"line":5,"column":150}}]},"3":{"line":19,"type":"cond-expr","locations":[{"start":{"line":19,"column":70},"end":{"line":19,"column":73}},{"start":{"line":19,"column":76},"end":{"line":19,"column":92}}]},"4":{"line":19,"type":"binary-expr","locations":[{"start":{"line":19,"column":46},"end":{"line":19,"column":49}},{"start":{"line":19,"column":53},"end":{"line":19,"column":67}}]},"5":{"line":21,"type":"if","locations":[{"start":{"line":21,"column":50},"end":{"line":21,"column":50}},{"start":{"line":21,"column":50},"end":{"line":21,"column":50}}]},"6":{"line":23,"type":"if","locations":[{"start":{"line":23,"column":50},"end":{"line":23,"column":50}},{"start":{"line":23,"column":50},"end":{"line":23,"column":50}}]},"7":{"line":23,"type":"cond-expr","locations":[{"start":{"line":23,"column":226},"end":{"line":23,"column":230}},{"start":{"line":23,"column":233},"end":{"line":23,"column":237}}]},"8":{"line":23,"type":"binary-expr","locations":[{"start":{"line":23,"column":159},"end":{"line":23,"column":163}},{"start":{"line":23,"column":168},"end":{"line":23,"column":192}},{"start":{"line":23,"column":196},"end":{"line":23,"column":222}}]},"9":{"line":25,"type":"if","locations":[{"start":{"line":25,"column":43},"end":{"line":25,"column":43}},{"start":{"line":25,"column":43},"end":{"line":25,"column":43}}]},"10":{"line":25,"type":"binary-expr","locations":[{"start":{"line":25,"column":47},"end":{"line":25,"column":79}},{"start":{"line":25,"column":83},"end":{"line":25,"column":102}}]},"11":{"line":25,"type":"binary-expr","locations":[{"start":{"line":25,"column":244},"end":{"line":25,"column":254}},{"start":{"line":25,"column":258},"end":{"line":25,"column":278}}]},"12":{"line":25,"type":"if","locations":[{"start":{"line":25,"column":374},"end":{"line":25,"column":374}},{"start":{"line":25,"column":374},"end":{"line":25,"column":374}}]},"13":{"line":25,"type":"cond-expr","locations":[{"start":{"line":25,"column":414},"end":{"line":25,"column":457}},{"start":{"line":25,"column":460},"end":{"line":25,"column":491}}]},"14":{"line":48,"type":"if","locations":[{"start":{"line":48,"column":8},"end":{"line":48,"column":8}},{"start":{"line":48,"column":8},"end":{"line":48,"column":8}}]},"15":{"line":50,"type":"if","locations":[{"start":{"line":50,"column":8},"end":{"line":50,"column":8}},{"start":{"line":50,"column":8},"end":{"line":50,"column":8}}]},"16":{"line":70,"type":"if","locations":[{"start":{"line":70,"column":6},"end":{"line":70,"column":6}},{"start":{"line":70,"column":6},"end":{"line":70,"column":6}}]},"17":{"line":70,"type":"binary-expr","locations":[{"start":{"line":70,"column":10},"end":{"line":70,"column":39}},{"start":{"line":70,"column":43},"end":{"line":70,"column":56}}]}},"code":["'use strict';","","exports.__esModule = true;","","var _extends = Object.assign || function (target) { for (var i = 1; i < arguments.length; i++) { var source = arguments[i]; for (var key in source) { if (Object.prototype.hasOwnProperty.call(source, key)) { target[key] = source[key]; } } } return target; };","","var _react = require('react');","","var _react2 = _interopRequireDefault(_react);","","var _propTypes = require('prop-types');","","var _propTypes2 = _interopRequireDefault(_propTypes);","","var _reactDom = require('react-dom');","","var _reactDom2 = _interopRequireDefault(_reactDom);","","function _interopRequireDefault(obj) { return obj && obj.__esModule ? obj : { default: obj }; }","","function _classCallCheck(instance, Constructor) { if (!(instance instanceof Constructor)) { throw new TypeError(\"Cannot call a class as a function\"); } }","","function _possibleConstructorReturn(self, call) { if (!self) { throw new ReferenceError(\"this hasn't been initialised - super() hasn't been called\"); } return call && (typeof call === \"object\" || typeof call === \"function\") ? call : self; }","","function _inherits(subClass, superClass) { if (typeof superClass !== \"function\" && superClass !== null) { throw new TypeError(\"Super expression must either be null or a function, not \" + typeof superClass); } subClass.prototype = Object.create(superClass && superClass.prototype, { constructor: { value: subClass, enumerable: false, writable: true, configurable: true } }); if (superClass) Object.setPrototypeOf ? Object.setPrototypeOf(subClass, superClass) : subClass.__proto__ = superClass; }","","/*"," * A simple HOC that provides facility for listening to container resizes."," */","var WidthProvider = function WidthProvider(ComposedComponent) {","  var _class, _temp2;","","  return _temp2 = _class = function (_React$Component) {","    _inherits(_class, _React$Component);","","    function _class() {","      var _temp, _this, _ret;","","      _classCallCheck(this, _class);","","      for (var _len = arguments.length, args = Array(_len), _key = 0; _key < _len; _key++) {","        args[_key] = arguments[_key];","      }","","      return _ret = (_temp = (_this = _possibleConstructorReturn(this, _React$Component.call.apply(_React$Component, [this].concat(args))), _this), _this.state = {","        width: 1280","      }, _this.mounted = false, _this.onWindowResize = function (_event) {","        if (!_this.mounted) return;","        var node = _reactDom2.default.findDOMNode(_this); // Flow casts this to Text | Element","        if (node instanceof HTMLElement) _this.setState({ width: node.offsetWidth });","      }, _temp), _possibleConstructorReturn(_this, _ret);","    }","","    _class.prototype.componentDidMount = function componentDidMount() {","      this.mounted = true;","","      window.addEventListener('resize', this.onWindowResize);","      // Call to properly set the breakpoint and resize the elements.","      // Note that if you're doing a full-width element, this can get a little wonky if a scrollbar","      // appears because of the grid. In that case, fire your own resize event, or set `overflow: scroll` on your body.","      this.onWindowResize();","    };","","    _class.prototype.componentWillUnmount = function componentWillUnmount() {","      this.mounted = false;","      window.removeEventListener('resize', this.onWindowResize);","    };","","    _class.prototype.render = function render() {","      if (this.props.measureBeforeMount && !this.mounted) {","        return _react2.default.createElement('div', { className: this.props.className, style: this.props.style });","      }","","      return _react2.default.createElement(ComposedComponent, _extends({}, this.props, this.state));","    };","","    return _class;","  }(_react2.default.Component), _class.defaultProps = {","    measureBeforeMount: false","  }, _class.propTypes = {","    // If true, will not render children until mounted. Useful for getting the exact width before","    // rendering, to prevent any unsightly resizing.","    measureBeforeMount: _propTypes2.default.bool","  }, _temp2;","};","","exports.default = WidthProvider;"],"l":{"3":1,"5":1,"7":1,"9":1,"11":1,"13":1,"15":1,"17":1,"19":3,"21":1,"23":1,"25":1,"30":1,"31":0,"33":0,"34":0,"36":1,"37":0,"39":0,"41":0,"42":0,"45":0,"48":0,"49":0,"50":0,"54":0,"55":0,"57":0,"61":0,"64":0,"65":0,"66":0,"69":0,"70":0,"71":0,"74":0,"77":0,"87":1}}}