{"/home/travis/build/npmtest/node-npmtest-react-grid-layout/test.js":{"path":"/home/travis/build/npmtest/node-npmtest-react-grid-layout/test.js","s":{"1":2,"2":2,"3":2,"4":2,"5":2,"6":2,"7":2,"8":1,"9":2,"10":2,"11":1,"12":1,"13":1,"14":1,"15":2,"16":2,"17":2,"18":2,"19":1,"20":1,"21":2,"22":2,"23":2,"24":1,"25":1,"26":1,"27":1,"28":1,"29":1,"30":1,"31":1,"32":1,"33":1,"34":1,"35":1,"36":1,"37":2,"38":2,"39":1,"40":2,"41":2,"42":1,"43":2,"44":2,"45":1,"46":2,"47":2,"48":1,"49":1,"50":1,"51":1,"52":1},"b":{"1":[2,1,1,1],"2":[1,1,1,1],"3":[1,1],"4":[1,1],"5":[1,1],"6":[1,1],"7":[1,1],"8":[1,1],"9":[1,1,1],"10":[1,1],"11":[1,1],"12":[1,1],"13":[1,1],"14":[1,1],"15":[1,1],"16":[1,1]},"f":{"1":2,"2":2,"3":2,"4":2,"5":2,"6":1,"7":1,"8":2,"9":2,"10":2,"11":2,"12":1},"fnMap":{"1":{"name":"(anonymous_1)","line":12,"loc":{"start":{"line":12,"column":1},"end":{"line":12,"column":13}}},"2":{"name":"(anonymous_2)","line":19,"loc":{"start":{"line":19,"column":5},"end":{"line":19,"column":17}}},"3":{"name":"(anonymous_3)","line":23,"loc":{"start":{"line":23,"column":24},"end":{"line":23,"column":36}}},"4":{"name":"(anonymous_4)","line":61,"loc":{"start":{"line":61,"column":5},"end":{"line":61,"column":17}}},"5":{"name":"(anonymous_5)","line":82,"loc":{"start":{"line":82,"column":5},"end":{"line":82,"column":17}}},"6":{"name":"(anonymous_6)","line":102,"loc":{"start":{"line":102,"column":83},"end":{"line":105,"column":10}},"skip":true},"7":{"name":"(anonymous_7)","line":113,"loc":{"start":{"line":113,"column":77},"end":{"line":116,"column":10}},"skip":true},"8":{"name":"(anonymous_8)","line":129,"loc":{"start":{"line":129,"column":12},"end":{"line":129,"column":40}},"skip":true},"9":{"name":"(anonymous_9)","line":137,"loc":{"start":{"line":137,"column":77},"end":{"line":140,"column":10}},"skip":true},"10":{"name":"(anonymous_10)","line":148,"loc":{"start":{"line":148,"column":83},"end":{"line":151,"column":10}},"skip":true},"11":{"name":"(anonymous_11)","line":159,"loc":{"start":{"line":159,"column":79},"end":{"line":162,"column":10}},"skip":true},"12":{"name":"(anonymous_12)","line":170,"loc":{"start":{"line":170,"column":75},"end":{"line":173,"column":10}},"skip":true}},"statementMap":{"1":{"start":{"line":12,"column":0},"end":{"line":185,"column":5}},"2":{"start":{"line":14,"column":4},"end":{"line":14,"column":14}},"3":{"start":{"line":19,"column":4},"end":{"line":56,"column":9}},"4":{"start":{"line":21,"column":8},"end":{"line":21,"column":19}},"5":{"start":{"line":23,"column":8},"end":{"line":35,"column":13}},"6":{"start":{"line":24,"column":12},"end":{"line":34,"column":13}},"7":{"start":{"line":25,"column":16},"end":{"line":28,"column":30}},"8":{"start":{"line":30,"column":16},"end":{"line":33,"column":27}},"9":{"start":{"line":37,"column":8},"end":{"line":39,"column":21}},"10":{"start":{"line":40,"column":8},"end":{"line":53,"column":9}},"11":{"start":{"line":43,"column":12},"end":{"line":46,"column":14}},"12":{"start":{"line":47,"column":12},"end":{"line":47,"column":18}},"13":{"start":{"line":50,"column":12},"end":{"line":51,"column":46}},"14":{"start":{"line":52,"column":12},"end":{"line":52,"column":18}},"15":{"start":{"line":55,"column":8},"end":{"line":55,"column":35}},"16":{"start":{"line":61,"column":4},"end":{"line":63,"column":9}},"17":{"start":{"line":62,"column":8},"end":{"line":62,"column":15}},"18":{"start":{"line":64,"column":4},"end":{"line":77,"column":5}},"19":{"start":{"line":70,"column":8},"end":{"line":70,"column":14}},"20":{"start":{"line":76,"column":8},"end":{"line":76,"column":14}},"21":{"start":{"line":82,"column":4},"end":{"line":84,"column":9}},"22":{"start":{"line":83,"column":8},"end":{"line":83,"column":15}},"23":{"start":{"line":85,"column":4},"end":{"line":184,"column":5}},"24":{"start":{"line":92,"column":8},"end":{"line":94,"column":63}},"25":{"start":{"line":95,"column":8},"end":{"line":95,"column":14}},"26":{"start":{"line":102,"column":8},"end":{"line":111,"column":10},"skip":true},"27":{"start":{"line":109,"column":12},"end":{"line":109,"column":55},"skip":true},"28":{"start":{"line":110,"column":12},"end":{"line":110,"column":48},"skip":true},"29":{"start":{"line":113,"column":8},"end":{"line":126,"column":10},"skip":true},"30":{"start":{"line":120,"column":12},"end":{"line":120,"column":76},"skip":true},"31":{"start":{"line":121,"column":12},"end":{"line":121,"column":73},"skip":true},"32":{"start":{"line":122,"column":12},"end":{"line":122,"column":74},"skip":true},"33":{"start":{"line":123,"column":12},"end":{"line":123,"column":79},"skip":true},"34":{"start":{"line":124,"column":12},"end":{"line":124,"column":25},"skip":true},"35":{"start":{"line":125,"column":12},"end":{"line":125,"column":45},"skip":true},"36":{"start":{"line":128,"column":8},"end":{"line":135,"column":14},"skip":true},"37":{"start":{"line":133,"column":16},"end":{"line":133,"column":29},"skip":true},"38":{"start":{"line":134,"column":16},"end":{"line":134,"column":55},"skip":true},"39":{"start":{"line":137,"column":8},"end":{"line":146,"column":10},"skip":true},"40":{"start":{"line":144,"column":12},"end":{"line":144,"column":25},"skip":true},"41":{"start":{"line":145,"column":12},"end":{"line":145,"column":45},"skip":true},"42":{"start":{"line":148,"column":8},"end":{"line":157,"column":10},"skip":true},"43":{"start":{"line":155,"column":12},"end":{"line":155,"column":25},"skip":true},"44":{"start":{"line":156,"column":12},"end":{"line":156,"column":48},"skip":true},"45":{"start":{"line":159,"column":8},"end":{"line":168,"column":10},"skip":true},"46":{"start":{"line":166,"column":12},"end":{"line":166,"column":25},"skip":true},"47":{"start":{"line":167,"column":12},"end":{"line":167,"column":46},"skip":true},"48":{"start":{"line":170,"column":8},"end":{"line":179,"column":10},"skip":true},"49":{"start":{"line":177,"column":12},"end":{"line":177,"column":94},"skip":true},"50":{"start":{"line":178,"column":12},"end":{"line":178,"column":48},"skip":true},"51":{"start":{"line":182,"column":8},"end":{"line":182,"column":35},"skip":true},"52":{"start":{"line":183,"column":8},"end":{"line":183,"column":14},"skip":true}},"branchMap":{"1":{"line":25,"type":"binary-expr","locations":[{"start":{"line":25,"column":23},"end":{"line":25,"column":62}},{"start":{"line":26,"column":20},"end":{"line":26,"column":70}},{"start":{"line":27,"column":20},"end":{"line":27,"column":71}},{"start":{"line":28,"column":20},"end":{"line":28,"column":29}}]},"2":{"line":30,"type":"binary-expr","locations":[{"start":{"line":30,"column":23},"end":{"line":30,"column":37}},{"start":{"line":31,"column":20},"end":{"line":31,"column":61}},{"start":{"line":32,"column":20},"end":{"line":32,"column":70}},{"start":{"line":33,"column":20},"end":{"line":33,"column":26}}]},"3":{"line":37,"type":"cond-expr","locations":[{"start":{"line":38,"column":14},"end":{"line":38,"column":20}},{"start":{"line":39,"column":14},"end":{"line":39,"column":20}}]},"4":{"line":40,"type":"switch","locations":[{"start":{"line":42,"column":8},"end":{"line":47,"column":18}},{"start":{"line":49,"column":8},"end":{"line":52,"column":18}}]},"5":{"line":44,"type":"binary-expr","locations":[{"start":{"line":44,"column":16},"end":{"line":44,"column":44}},{"start":{"line":44,"column":48},"end":{"line":44,"column":66}}]},"6":{"line":50,"type":"binary-expr","locations":[{"start":{"line":50,"column":21},"end":{"line":50,"column":49}},{"start":{"line":50,"column":53},"end":{"line":50,"column":72}}]},"7":{"line":64,"type":"switch","locations":[{"start":{"line":69,"column":4},"end":{"line":70,"column":14}},{"start":{"line":75,"column":4},"end":{"line":76,"column":14}}]},"8":{"line":85,"type":"switch","locations":[{"start":{"line":90,"column":4},"end":{"line":95,"column":14}},{"start":{"line":101,"column":4},"end":{"line":183,"column":14},"skip":true}]},"9":{"line":92,"type":"binary-expr","locations":[{"start":{"line":92,"column":18},"end":{"line":92,"column":32}},{"start":{"line":93,"column":12},"end":{"line":93,"column":53}},{"start":{"line":94,"column":12},"end":{"line":94,"column":61}}]},"10":{"line":102,"type":"binary-expr","locations":[{"start":{"line":102,"column":45},"end":{"line":102,"column":79},"skip":true},{"start":{"line":102,"column":83},"end":{"line":111,"column":9},"skip":true}]},"11":{"line":113,"type":"binary-expr","locations":[{"start":{"line":113,"column":42},"end":{"line":113,"column":73},"skip":true},{"start":{"line":113,"column":77},"end":{"line":126,"column":9},"skip":true}]},"12":{"line":128,"type":"binary-expr","locations":[{"start":{"line":128,"column":48},"end":{"line":128,"column":85},"skip":true},{"start":{"line":129,"column":12},"end":{"line":135,"column":13},"skip":true}]},"13":{"line":137,"type":"binary-expr","locations":[{"start":{"line":137,"column":42},"end":{"line":137,"column":73},"skip":true},{"start":{"line":137,"column":77},"end":{"line":146,"column":9},"skip":true}]},"14":{"line":148,"type":"binary-expr","locations":[{"start":{"line":148,"column":45},"end":{"line":148,"column":79},"skip":true},{"start":{"line":148,"column":83},"end":{"line":157,"column":9},"skip":true}]},"15":{"line":159,"type":"binary-expr","locations":[{"start":{"line":159,"column":43},"end":{"line":159,"column":75},"skip":true},{"start":{"line":159,"column":79},"end":{"line":168,"column":9},"skip":true}]},"16":{"line":170,"type":"binary-expr","locations":[{"start":{"line":170,"column":41},"end":{"line":170,"column":71},"skip":true},{"start":{"line":170,"column":75},"end":{"line":179,"column":9},"skip":true}]}},"code":["/* istanbul instrument in package npmtest_react_grid_layout */","/*jslint","    bitwise: true,","    browser: true,","    maxerr: 8,","    maxlen: 96,","    node: true,","    nomen: true,","    regexp: true,","    stupid: true","*/","(function () {","    'use strict';","    var local;","","","","    // run shared js-env code - pre-init","    (function () {","        // init local","        local = {};","        // init modeJs","        local.modeJs = (function () {","            try {","                return typeof navigator.userAgent === 'string' &&","                    typeof document.querySelector('body') === 'object' &&","                    typeof XMLHttpRequest.prototype.open === 'function' &&","                    'browser';","            } catch (errorCaughtBrowser) {","                return module.exports &&","                    typeof process.versions.node === 'string' &&","                    typeof require('http').createServer === 'function' &&","                    'node';","            }","        }());","        // init global","        local.global = local.modeJs === 'browser'","            ? window","            : global;","        switch (local.modeJs) {","        // re-init local from window.local","        case 'browser':","            local = local.global.utility2.objectSetDefault(","                local.global.utility2_rollup || local.global.local,","                local.global.utility2","            );","            break;","        // re-init local from example.js","        case 'node':","            local = (local.global.utility2_rollup || require('utility2'))","                .requireExampleJsFromReadme();","            break;","        }","        // export local","        local.global.local = local;","    }());","","","","    // run shared js-env code - function","    (function () {","        return;","    }());","    switch (local.modeJs) {","","","","    // run browser js-env code - function","    case 'browser':","        break;","","","","    // run node js-env code - function","    case 'node':","        break;","    }","","","","    // run shared js-env code - post-init","    (function () {","        return;","    }());","    switch (local.modeJs) {","","","","    // run browser js-env code - post-init","    case 'browser':","        // run tests","        local.nop(local.modeTest &&","            document.querySelector('#testRunButton1') &&","            document.querySelector('#testRunButton1').click());","        break;","","","","    // run node js-env code - post-init","    /* istanbul ignore next */","    case 'node':","        local.testCase_buildApidoc_default = local.testCase_buildApidoc_default || function (","            options,","            onError","        ) {","        /*","         * this function will test buildApidoc's default handling-behavior-behavior","         */","            options = { modulePathList: module.paths };","            local.buildApidoc(options, onError);","        };","","        local.testCase_buildApp_default = local.testCase_buildApp_default || function (","            options,","            onError","        ) {","        /*","         * this function will test buildApp's default handling-behavior-behavior","         */","            local.testCase_buildReadme_default(options, local.onErrorThrow);","            local.testCase_buildLib_default(options, local.onErrorThrow);","            local.testCase_buildTest_default(options, local.onErrorThrow);","            local.testCase_buildCustomOrg_default(options, local.onErrorThrow);","            options = [];","            local.buildApp(options, onError);","        };","","        local.testCase_buildCustomOrg_default = local.testCase_buildCustomOrg_default ||","            function (options, onError) {","            /*","             * this function will test buildCustomOrg's default handling-behavior","             */","                options = {};","                local.buildCustomOrg(options, onError);","            };","","        local.testCase_buildLib_default = local.testCase_buildLib_default || function (","            options,","            onError","        ) {","        /*","         * this function will test buildLib's default handling-behavior","         */","            options = {};","            local.buildLib(options, onError);","        };","","        local.testCase_buildReadme_default = local.testCase_buildReadme_default || function (","            options,","            onError","        ) {","        /*","         * this function will test buildReadme's default handling-behavior-behavior","         */","            options = {};","            local.buildReadme(options, onError);","        };","","        local.testCase_buildTest_default = local.testCase_buildTest_default || function (","            options,","            onError","        ) {","        /*","         * this function will test buildTest's default handling-behavior","         */","            options = {};","            local.buildTest(options, onError);","        };","","        local.testCase_webpage_default = local.testCase_webpage_default || function (","            options,","            onError","        ) {","        /*","         * this function will test webpage's default handling-behavior","         */","            options = { modeCoverageMerge: true, url: local.serverLocalHost + '?modeTest=1' };","            local.browserTest(options, onError);","        };","","        // run test-server","        local.testRunServer(local);","        break;","    }","}());",""],"l":{"12":2,"14":2,"19":2,"21":2,"23":2,"24":2,"25":2,"30":1,"37":2,"40":2,"43":1,"47":1,"50":1,"52":1,"55":2,"61":2,"62":2,"64":2,"70":1,"76":1,"82":2,"83":2,"85":2,"92":1,"95":1,"102":1,"109":1,"110":1,"113":1,"120":1,"121":1,"122":1,"123":1,"124":1,"125":1,"128":1,"133":2,"134":2,"137":1,"144":2,"145":2,"148":1,"155":2,"156":2,"159":1,"166":2,"167":2,"170":1,"177":1,"178":1,"182":1,"183":1}},"/home/travis/build/npmtest/node-npmtest-react-grid-layout/lib.npmtest_react_grid_layout.js":{"path":"/home/travis/build/npmtest/node-npmtest-react-grid-layout/lib.npmtest_react_grid_layout.js","s":{"1":2,"2":2,"3":2,"4":2,"5":2,"6":2,"7":2,"8":1,"9":2,"10":2,"11":2,"12":2,"13":1,"14":1,"15":1,"16":1},"b":{"1":[2,1,1,1],"2":[1,1,1,1],"3":[1,1],"4":[2,2],"5":[1,1]},"f":{"1":2,"2":2,"3":2},"fnMap":{"1":{"name":"(anonymous_1)","line":12,"loc":{"start":{"line":12,"column":1},"end":{"line":12,"column":13}}},"2":{"name":"(anonymous_2)","line":19,"loc":{"start":{"line":19,"column":5},"end":{"line":19,"column":17}}},"3":{"name":"(anonymous_3)","line":23,"loc":{"start":{"line":23,"column":24},"end":{"line":23,"column":36}}}},"statementMap":{"1":{"start":{"line":12,"column":0},"end":{"line":53,"column":5}},"2":{"start":{"line":14,"column":4},"end":{"line":14,"column":14}},"3":{"start":{"line":19,"column":4},"end":{"line":52,"column":9}},"4":{"start":{"line":21,"column":8},"end":{"line":21,"column":19}},"5":{"start":{"line":23,"column":8},"end":{"line":35,"column":13}},"6":{"start":{"line":24,"column":12},"end":{"line":34,"column":13}},"7":{"start":{"line":25,"column":16},"end":{"line":28,"column":30}},"8":{"start":{"line":30,"column":16},"end":{"line":33,"column":27}},"9":{"start":{"line":37,"column":8},"end":{"line":39,"column":21}},"10":{"start":{"line":41,"column":8},"end":{"line":41,"column":54}},"11":{"start":{"line":43,"column":8},"end":{"line":43,"column":62}},"12":{"start":{"line":45,"column":8},"end":{"line":51,"column":9}},"13":{"start":{"line":46,"column":12},"end":{"line":46,"column":68}},"14":{"start":{"line":48,"column":12},"end":{"line":48,"column":35}},"15":{"start":{"line":49,"column":12},"end":{"line":49,"column":49}},"16":{"start":{"line":50,"column":12},"end":{"line":50,"column":43}}},"branchMap":{"1":{"line":25,"type":"binary-expr","locations":[{"start":{"line":25,"column":23},"end":{"line":25,"column":62}},{"start":{"line":26,"column":20},"end":{"line":26,"column":70}},{"start":{"line":27,"column":20},"end":{"line":27,"column":71}},{"start":{"line":28,"column":20},"end":{"line":28,"column":29}}]},"2":{"line":30,"type":"binary-expr","locations":[{"start":{"line":30,"column":23},"end":{"line":30,"column":37}},{"start":{"line":31,"column":20},"end":{"line":31,"column":61}},{"start":{"line":32,"column":20},"end":{"line":32,"column":70}},{"start":{"line":33,"column":20},"end":{"line":33,"column":26}}]},"3":{"line":37,"type":"cond-expr","locations":[{"start":{"line":38,"column":14},"end":{"line":38,"column":20}},{"start":{"line":39,"column":14},"end":{"line":39,"column":20}}]},"4":{"line":41,"type":"binary-expr","locations":[{"start":{"line":41,"column":16},"end":{"line":41,"column":44}},{"start":{"line":41,"column":48},"end":{"line":41,"column":53}}]},"5":{"line":45,"type":"if","locations":[{"start":{"line":45,"column":8},"end":{"line":45,"column":8}},{"start":{"line":45,"column":8},"end":{"line":45,"column":8}}]}},"code":["/* istanbul instrument in package npmtest_react_grid_layout */","/*jslint","    bitwise: true,","    browser: true,","    maxerr: 8,","    maxlen: 96,","    node: true,","    nomen: true,","    regexp: true,","    stupid: true","*/","(function () {","    'use strict';","    var local;","","","","    // run shared js-env code - pre-init","    (function () {","        // init local","        local = {};","        // init modeJs","        local.modeJs = (function () {","            try {","                return typeof navigator.userAgent === 'string' &&","                    typeof document.querySelector('body') === 'object' &&","                    typeof XMLHttpRequest.prototype.open === 'function' &&","                    'browser';","            } catch (errorCaughtBrowser) {","                return module.exports &&","                    typeof process.versions.node === 'string' &&","                    typeof require('http').createServer === 'function' &&","                    'node';","            }","        }());","        // init global","        local.global = local.modeJs === 'browser'","            ? window","            : global;","        // init utility2_rollup","        local = local.global.utility2_rollup || local;","        // init lib","        local.local = local.npmtest_react_grid_layout = local;","        // init exports","        if (local.modeJs === 'browser') {","            local.global.utility2_npmtest_react_grid_layout = local;","        } else {","            module.exports = local;","            module.exports.__dirname = __dirname;","            module.exports.module = module;","        }","    }());","}());",""],"l":{"12":2,"14":2,"19":2,"21":2,"23":2,"24":2,"25":2,"30":1,"37":2,"41":2,"43":2,"45":2,"46":1,"48":1,"49":1,"50":1}},"/home/travis/build/npmtest/node-npmtest-react-grid-layout/example.js":{"path":"/home/travis/build/npmtest/node-npmtest-react-grid-layout/example.js","s":{"1":2,"2":2,"3":2,"4":2,"5":2,"6":2,"7":2,"8":1,"9":2,"10":2,"11":2,"12":2,"13":1,"14":2,"15":2,"16":2,"17":2,"18":2,"19":0,"20":2,"21":1,"22":1,"23":1,"24":1,"25":1,"26":0,"27":0,"28":1,"29":1,"30":2,"31":0,"32":0,"33":0,"34":1,"35":2,"36":2,"37":2,"38":2,"39":2,"40":2,"41":0,"42":2,"43":2,"44":2,"45":1,"46":3,"47":1,"48":1,"49":1,"50":1,"51":1,"52":1,"53":1,"54":1,"55":1,"56":1,"57":0,"58":1,"59":6,"60":6,"61":1,"62":2,"63":0,"64":2,"65":1,"66":1,"67":0,"68":0,"69":0,"70":0,"71":0,"72":0,"73":0,"74":0,"75":0,"76":0,"77":0,"78":0,"79":0,"80":0,"81":0,"82":0,"83":0},"b":{"1":[2,1,1,1],"2":[1,1,1,1],"3":[1,1],"4":[2,2],"5":[1,1],"6":[1,1],"7":[2,0],"8":[2,1,1,1,1,1],"9":[0,2,0],"10":[1,1],"11":[2,1,1],"12":[1,0],"13":[0,2],"14":[2,0,0,0,0,0,0],"15":[0,2],"16":[2,0],"17":[1,1],"18":[0,1],"19":[1,2,0,2],"20":[1,0],"21":[1,1],"22":[0,0],"23":[0,0],"24":[0,0],"25":[0,0],"26":[0,0],"27":[0,0],"28":[0,0]},"f":{"1":2,"2":2,"3":2,"4":2,"5":2,"6":2,"7":2,"8":2,"9":3,"10":1,"11":6,"12":0},"fnMap":{"1":{"name":"(anonymous_1)","line":26,"loc":{"start":{"line":26,"column":1},"end":{"line":26,"column":13}}},"2":{"name":"(anonymous_2)","line":33,"loc":{"start":{"line":33,"column":5},"end":{"line":33,"column":17}}},"3":{"name":"(anonymous_3)","line":37,"loc":{"start":{"line":37,"column":24},"end":{"line":37,"column":36}}},"4":{"name":"(anonymous_4)","line":69,"loc":{"start":{"line":69,"column":31},"end":{"line":69,"column":48}},"skip":true},"5":{"name":"(anonymous_5)","line":78,"loc":{"start":{"line":78,"column":26},"end":{"line":78,"column":45}},"skip":true},"6":{"name":"(anonymous_6)","line":123,"loc":{"start":{"line":123,"column":33},"end":{"line":123,"column":48}},"skip":true},"7":{"name":"(anonymous_7)","line":125,"loc":{"start":{"line":125,"column":27},"end":{"line":125,"column":39}},"skip":true},"8":{"name":"(anonymous_8)","line":133,"loc":{"start":{"line":133,"column":59},"end":{"line":133,"column":74}},"skip":true},"9":{"name":"(anonymous_9)","line":143,"loc":{"start":{"line":143,"column":45},"end":{"line":143,"column":62}},"skip":true},"10":{"name":"(anonymous_10)","line":144,"loc":{"start":{"line":144,"column":73},"end":{"line":144,"column":92}},"skip":true},"11":{"name":"(anonymous_11)","line":272,"loc":{"start":{"line":272,"column":51},"end":{"line":272,"column":77}},"skip":true},"12":{"name":"(anonymous_12)","line":314,"loc":{"start":{"line":314,"column":32},"end":{"line":314,"column":61}},"skip":true}},"statementMap":{"1":{"start":{"line":26,"column":0},"end":{"line":325,"column":5}},"2":{"start":{"line":28,"column":4},"end":{"line":28,"column":14}},"3":{"start":{"line":33,"column":4},"end":{"line":60,"column":9}},"4":{"start":{"line":35,"column":8},"end":{"line":35,"column":19}},"5":{"start":{"line":37,"column":8},"end":{"line":49,"column":13}},"6":{"start":{"line":38,"column":12},"end":{"line":48,"column":13}},"7":{"start":{"line":39,"column":16},"end":{"line":42,"column":30}},"8":{"start":{"line":44,"column":16},"end":{"line":47,"column":27}},"9":{"start":{"line":51,"column":8},"end":{"line":53,"column":21}},"10":{"start":{"line":55,"column":8},"end":{"line":57,"column":45}},"11":{"start":{"line":59,"column":8},"end":{"line":59,"column":35}},"12":{"start":{"line":61,"column":4},"end":{"line":324,"column":5}},"13":{"start":{"line":69,"column":8},"end":{"line":121,"column":10},"skip":true},"14":{"start":{"line":70,"column":12},"end":{"line":88,"column":13},"skip":true},"15":{"start":{"line":76,"column":16},"end":{"line":87,"column":19},"skip":true},"16":{"start":{"line":79,"column":20},"end":{"line":86,"column":21},"skip":true},"17":{"start":{"line":82,"column":24},"end":{"line":82,"column":43},"skip":true},"18":{"start":{"line":83,"column":24},"end":{"line":83,"column":30},"skip":true},"19":{"start":{"line":85,"column":24},"end":{"line":85,"column":49},"skip":true},"20":{"start":{"line":89,"column":12},"end":{"line":107,"column":13},"skip":true},"21":{"start":{"line":92,"column":16},"end":{"line":102,"column":17},"skip":true},"22":{"start":{"line":93,"column":20},"end":{"line":93,"column":86},"skip":true},"23":{"start":{"line":94,"column":20},"end":{"line":95,"column":45},"skip":true},"24":{"start":{"line":96,"column":20},"end":{"line":96,"column":42},"skip":true},"25":{"start":{"line":97,"column":20},"end":{"line":97,"column":48},"skip":true},"26":{"start":{"line":100,"column":20},"end":{"line":100,"column":85},"skip":true},"27":{"start":{"line":101,"column":20},"end":{"line":101,"column":96},"skip":true},"28":{"start":{"line":103,"column":16},"end":{"line":103,"column":22},"skip":true},"29":{"start":{"line":106,"column":16},"end":{"line":106,"column":22},"skip":true},"30":{"start":{"line":108,"column":12},"end":{"line":120,"column":13},"skip":true},"31":{"start":{"line":114,"column":16},"end":{"line":119,"column":17},"skip":true},"32":{"start":{"line":116,"column":20},"end":{"line":116,"column":78},"skip":true},"33":{"start":{"line":118,"column":20},"end":{"line":118,"column":47},"skip":true},"34":{"start":{"line":123,"column":8},"end":{"line":141,"column":11},"skip":true},"35":{"start":{"line":124,"column":12},"end":{"line":124,"column":54},"skip":true},"36":{"start":{"line":125,"column":12},"end":{"line":140,"column":14},"skip":true},"37":{"start":{"line":126,"column":16},"end":{"line":126,"column":28},"skip":true},"38":{"start":{"line":127,"column":16},"end":{"line":127,"column":69},"skip":true},"39":{"start":{"line":128,"column":16},"end":{"line":128,"column":75},"skip":true},"40":{"start":{"line":129,"column":16},"end":{"line":131,"column":17},"skip":true},"41":{"start":{"line":130,"column":20},"end":{"line":130,"column":27},"skip":true},"42":{"start":{"line":133,"column":16},"end":{"line":137,"column":36},"skip":true},"43":{"start":{"line":134,"column":20},"end":{"line":136,"column":55},"skip":true},"44":{"start":{"line":139,"column":16},"end":{"line":139,"column":57},"skip":true},"45":{"start":{"line":143,"column":8},"end":{"line":147,"column":11},"skip":true},"46":{"start":{"line":144,"column":12},"end":{"line":146,"column":15},"skip":true},"47":{"start":{"line":145,"column":16},"end":{"line":145,"column":70},"skip":true},"48":{"start":{"line":149,"column":8},"end":{"line":149,"column":31},"skip":true},"49":{"start":{"line":150,"column":8},"end":{"line":150,"column":14},"skip":true},"50":{"start":{"line":158,"column":8},"end":{"line":158,"column":31},"skip":true},"51":{"start":{"line":160,"column":8},"end":{"line":160,"column":33},"skip":true},"52":{"start":{"line":161,"column":8},"end":{"line":161,"column":37},"skip":true},"53":{"start":{"line":162,"column":8},"end":{"line":162,"column":35},"skip":true},"54":{"start":{"line":164,"column":8},"end":{"line":164,"column":50},"skip":true},"55":{"start":{"line":166,"column":8},"end":{"line":256,"column":2},"skip":true},"56":{"start":{"line":258,"column":8},"end":{"line":286,"column":9},"skip":true},"57":{"start":{"line":259,"column":12},"end":{"line":269,"column":14},"skip":true},"58":{"start":{"line":271,"column":12},"end":{"line":285,"column":19},"skip":true},"59":{"start":{"line":274,"column":20},"end":{"line":274,"column":35},"skip":true},"60":{"start":{"line":275,"column":20},"end":{"line":284,"column":21},"skip":true},"61":{"start":{"line":277,"column":24},"end":{"line":277,"column":64},"skip":true},"62":{"start":{"line":279,"column":24},"end":{"line":279,"column":40},"skip":true},"63":{"start":{"line":281,"column":24},"end":{"line":281,"column":40},"skip":true},"64":{"start":{"line":283,"column":24},"end":{"line":283,"column":39},"skip":true},"65":{"start":{"line":288,"column":8},"end":{"line":290,"column":9},"skip":true},"66":{"start":{"line":289,"column":12},"end":{"line":289,"column":18},"skip":true},"67":{"start":{"line":291,"column":8},"end":{"line":293,"column":54},"skip":true},"68":{"start":{"line":294,"column":8},"end":{"line":301,"column":37},"skip":true},"69":{"start":{"line":302,"column":8},"end":{"line":302,"column":82},"skip":true},"70":{"start":{"line":305,"column":8},"end":{"line":307,"column":9},"skip":true},"71":{"start":{"line":306,"column":12},"end":{"line":306,"column":82},"skip":true},"72":{"start":{"line":309,"column":8},"end":{"line":311,"column":9},"skip":true},"73":{"start":{"line":310,"column":12},"end":{"line":310,"column":18},"skip":true},"74":{"start":{"line":312,"column":8},"end":{"line":312,"column":54},"skip":true},"75":{"start":{"line":313,"column":8},"end":{"line":313,"column":69},"skip":true},"76":{"start":{"line":314,"column":8},"end":{"line":322,"column":36},"skip":true},"77":{"start":{"line":315,"column":12},"end":{"line":315,"column":61},"skip":true},"78":{"start":{"line":316,"column":12},"end":{"line":319,"column":13},"skip":true},"79":{"start":{"line":317,"column":16},"end":{"line":317,"column":75},"skip":true},"80":{"start":{"line":318,"column":16},"end":{"line":318,"column":23},"skip":true},"81":{"start":{"line":320,"column":12},"end":{"line":320,"column":38},"skip":true},"82":{"start":{"line":321,"column":12},"end":{"line":321,"column":27},"skip":true},"83":{"start":{"line":323,"column":8},"end":{"line":323,"column":14},"skip":true}},"branchMap":{"1":{"line":39,"type":"binary-expr","locations":[{"start":{"line":39,"column":23},"end":{"line":39,"column":62}},{"start":{"line":40,"column":20},"end":{"line":40,"column":70}},{"start":{"line":41,"column":20},"end":{"line":41,"column":71}},{"start":{"line":42,"column":20},"end":{"line":42,"column":29}}]},"2":{"line":44,"type":"binary-expr","locations":[{"start":{"line":44,"column":23},"end":{"line":44,"column":37}},{"start":{"line":45,"column":20},"end":{"line":45,"column":61}},{"start":{"line":46,"column":20},"end":{"line":46,"column":70}},{"start":{"line":47,"column":20},"end":{"line":47,"column":26}}]},"3":{"line":51,"type":"cond-expr","locations":[{"start":{"line":52,"column":14},"end":{"line":52,"column":20}},{"start":{"line":53,"column":14},"end":{"line":53,"column":20}}]},"4":{"line":55,"type":"binary-expr","locations":[{"start":{"line":55,"column":16},"end":{"line":55,"column":44}},{"start":{"line":55,"column":49},"end":{"line":57,"column":43}}]},"5":{"line":55,"type":"cond-expr","locations":[{"start":{"line":56,"column":14},"end":{"line":56,"column":61}},{"start":{"line":57,"column":14},"end":{"line":57,"column":43}}]},"6":{"line":61,"type":"switch","locations":[{"start":{"line":68,"column":4},"end":{"line":150,"column":14},"skip":true},{"start":{"line":156,"column":4},"end":{"line":323,"column":14},"skip":true}]},"7":{"line":70,"type":"if","locations":[{"start":{"line":70,"column":12},"end":{"line":70,"column":12},"skip":true},{"start":{"line":70,"column":12},"end":{"line":70,"column":12},"skip":true}]},"8":{"line":70,"type":"binary-expr","locations":[{"start":{"line":70,"column":16},"end":{"line":70,"column":22},"skip":true},{"start":{"line":70,"column":27},"end":{"line":70,"column":32},"skip":true},{"start":{"line":71,"column":20},"end":{"line":71,"column":39},"skip":true},{"start":{"line":72,"column":20},"end":{"line":72,"column":49},"skip":true},{"start":{"line":73,"column":20},"end":{"line":73,"column":58},"skip":true},{"start":{"line":74,"column":20},"end":{"line":74,"column":69},"skip":true}]},"9":{"line":79,"type":"switch","locations":[{"start":{"line":80,"column":20},"end":{"line":80,"column":33},"skip":true},{"start":{"line":81,"column":20},"end":{"line":83,"column":30},"skip":true},{"start":{"line":84,"column":20},"end":{"line":85,"column":49},"skip":true}]},"10":{"line":89,"type":"switch","locations":[{"start":{"line":90,"column":12},"end":{"line":103,"column":22},"skip":true},{"start":{"line":105,"column":12},"end":{"line":106,"column":22},"skip":true}]},"11":{"line":89,"type":"binary-expr","locations":[{"start":{"line":89,"column":20},"end":{"line":89,"column":25},"skip":true},{"start":{"line":89,"column":29},"end":{"line":89,"column":48},"skip":true},{"start":{"line":89,"column":52},"end":{"line":89,"column":74},"skip":true}]},"12":{"line":92,"type":"if","locations":[{"start":{"line":92,"column":16},"end":{"line":92,"column":16},"skip":true},{"start":{"line":92,"column":16},"end":{"line":92,"column":16},"skip":true}]},"13":{"line":108,"type":"if","locations":[{"start":{"line":108,"column":12},"end":{"line":108,"column":12},"skip":true},{"start":{"line":108,"column":12},"end":{"line":108,"column":12},"skip":true}]},"14":{"line":108,"type":"binary-expr","locations":[{"start":{"line":108,"column":16},"end":{"line":108,"column":61},"skip":true},{"start":{"line":108,"column":66},"end":{"line":108,"column":72},"skip":true},{"start":{"line":108,"column":77},"end":{"line":108,"column":82},"skip":true},{"start":{"line":109,"column":20},"end":{"line":109,"column":39},"skip":true},{"start":{"line":110,"column":20},"end":{"line":110,"column":49},"skip":true},{"start":{"line":111,"column":20},"end":{"line":111,"column":58},"skip":true},{"start":{"line":112,"column":20},"end":{"line":112,"column":68},"skip":true}]},"15":{"line":129,"type":"if","locations":[{"start":{"line":129,"column":16},"end":{"line":129,"column":16},"skip":true},{"start":{"line":129,"column":16},"end":{"line":129,"column":16},"skip":true}]},"16":{"line":134,"type":"cond-expr","locations":[{"start":{"line":135,"column":26},"end":{"line":135,"column":29},"skip":true},{"start":{"line":136,"column":26},"end":{"line":136,"column":54},"skip":true}]},"17":{"line":164,"type":"binary-expr","locations":[{"start":{"line":164,"column":27},"end":{"line":164,"column":43},"skip":true},{"start":{"line":164,"column":47},"end":{"line":164,"column":49},"skip":true}]},"18":{"line":258,"type":"if","locations":[{"start":{"line":258,"column":8},"end":{"line":258,"column":8},"skip":true},{"start":{"line":258,"column":8},"end":{"line":258,"column":8},"skip":true}]},"19":{"line":275,"type":"switch","locations":[{"start":{"line":276,"column":20},"end":{"line":277,"column":64},"skip":true},{"start":{"line":278,"column":20},"end":{"line":279,"column":40},"skip":true},{"start":{"line":280,"column":20},"end":{"line":281,"column":40},"skip":true},{"start":{"line":282,"column":20},"end":{"line":283,"column":39},"skip":true}]},"20":{"line":288,"type":"if","locations":[{"start":{"line":288,"column":8},"end":{"line":288,"column":8},"skip":true},{"start":{"line":288,"column":8},"end":{"line":288,"column":8},"skip":true}]},"21":{"line":288,"type":"binary-expr","locations":[{"start":{"line":288,"column":12},"end":{"line":288,"column":40},"skip":true},{"start":{"line":288,"column":44},"end":{"line":288,"column":67},"skip":true}]},"22":{"line":292,"type":"binary-expr","locations":[{"start":{"line":292,"column":12},"end":{"line":292,"column":50},"skip":true},{"start":{"line":293,"column":12},"end":{"line":293,"column":53},"skip":true}]},"23":{"line":295,"type":"binary-expr","locations":[{"start":{"line":295,"column":12},"end":{"line":295,"column":75},"skip":true},{"start":{"line":296,"column":12},"end":{"line":301,"column":36},"skip":true}]},"24":{"line":302,"type":"binary-expr","locations":[{"start":{"line":302,"column":43},"end":{"line":302,"column":75},"skip":true},{"start":{"line":302,"column":79},"end":{"line":302,"column":81},"skip":true}]},"25":{"line":305,"type":"if","locations":[{"start":{"line":305,"column":8},"end":{"line":305,"column":8},"skip":true},{"start":{"line":305,"column":8},"end":{"line":305,"column":8},"skip":true}]},"26":{"line":309,"type":"if","locations":[{"start":{"line":309,"column":8},"end":{"line":309,"column":8},"skip":true},{"start":{"line":309,"column":8},"end":{"line":309,"column":8},"skip":true}]},"27":{"line":312,"type":"binary-expr","locations":[{"start":{"line":312,"column":27},"end":{"line":312,"column":43},"skip":true},{"start":{"line":312,"column":47},"end":{"line":312,"column":53},"skip":true}]},"28":{"line":316,"type":"if","locations":[{"start":{"line":316,"column":12},"end":{"line":316,"column":12},"skip":true},{"start":{"line":316,"column":12},"end":{"line":316,"column":12},"skip":true}]}},"code":["/*","example.js","","quickstart example","","instruction","    1. save this script as example.js","    2. run the shell command:","        $ npm install npmtest-react-grid-layout && PORT=8081 node example.js","    3. play with the browser-demo on http://127.0.0.1:8081","*/","","","","/* istanbul instrument in package npmtest_react_grid_layout */","/*jslint","    bitwise: true,","    browser: true,","    maxerr: 8,","    maxlen: 96,","    node: true,","    nomen: true,","    regexp: true,","    stupid: true","*/","(function () {","    'use strict';","    var local;","","","","    // run shared js-env code - pre-init","    (function () {","        // init local","        local = {};","        // init modeJs","        local.modeJs = (function () {","            try {","                return typeof navigator.userAgent === 'string' &&","                    typeof document.querySelector('body') === 'object' &&","                    typeof XMLHttpRequest.prototype.open === 'function' &&","                    'browser';","            } catch (errorCaughtBrowser) {","                return module.exports &&","                    typeof process.versions.node === 'string' &&","                    typeof require('http').createServer === 'function' &&","                    'node';","            }","        }());","        // init global","        local.global = local.modeJs === 'browser'","            ? window","            : global;","        // init utility2_rollup","        local = local.global.utility2_rollup || (local.modeJs === 'browser'","            ? local.global.utility2_npmtest_react_grid_layout","            : global.utility2_moduleExports);","        // export local","        local.global.local = local;","    }());","    switch (local.modeJs) {","","","","    // post-init","    // run browser js-env code - post-init","    /* istanbul ignore next */","    case 'browser':","        local.testRunBrowser = function (event) {","            if (!event || (event &&","                    event.currentTarget &&","                    event.currentTarget.className &&","                    event.currentTarget.className.includes &&","                    event.currentTarget.className.includes('onreset'))) {","                // reset output","                Array.from(","                    document.querySelectorAll('body > .resettable')","                ).forEach(function (element) {","                    switch (element.tagName) {","                    case 'INPUT':","                    case 'TEXTAREA':","                        element.value = '';","                        break;","                    default:","                        element.textContent = '';","                    }","                });","            }","            switch (event && event.currentTarget && event.currentTarget.id) {","            case 'testRunButton1':","                // show tests","                if (document.querySelector('#testReportDiv1').style.display === 'none') {","                    document.querySelector('#testReportDiv1').style.display = 'block';","                    document.querySelector('#testRunButton1').textContent =","                        'hide internal test';","                    local.modeTest = true;","                    local.testRunDefault(local);","                // hide tests","                } else {","                    document.querySelector('#testReportDiv1').style.display = 'none';","                    document.querySelector('#testRunButton1').textContent = 'run internal test';","                }","                break;","            // custom-case","            default:","                break;","            }","            if (document.querySelector('#inputTextareaEval1') && (!event || (event &&","                    event.currentTarget &&","                    event.currentTarget.className &&","                    event.currentTarget.className.includes &&","                    event.currentTarget.className.includes('oneval')))) {","                // try to eval input-code","                try {","                    /*jslint evil: true*/","                    eval(document.querySelector('#inputTextareaEval1').value);","                } catch (errorCaught) {","                    console.error(errorCaught);","                }","            }","        };","        // log stderr and stdout to #outputTextareaStdout1","        ['error', 'log'].forEach(function (key) {","            console[key + '_original'] = console[key];","            console[key] = function () {","                var element;","                console[key + '_original'].apply(console, arguments);","                element = document.querySelector('#outputTextareaStdout1');","                if (!element) {","                    return;","                }","                // append text to #outputTextareaStdout1","                element.value += Array.from(arguments).map(function (arg) {","                    return typeof arg === 'string'","                        ? arg","                        : JSON.stringify(arg, null, 4);","                }).join(' ') + '\\n';","                // scroll textarea to bottom","                element.scrollTop = element.scrollHeight;","            };","        });","        // init event-handling","        ['change', 'click', 'keyup'].forEach(function (event) {","            Array.from(document.querySelectorAll('.on' + event)).forEach(function (element) {","                element.addEventListener(event, local.testRunBrowser);","            });","        });","        // run tests","        local.testRunBrowser();","        break;","","","","    // run node js-env code - post-init","    /* istanbul ignore next */","    case 'node':","        // export local","        module.exports = local;","        // require modules","        local.fs = require('fs');","        local.http = require('http');","        local.url = require('url');","        // init assets","        local.assetsDict = local.assetsDict || {};","        /* jslint-ignore-begin */","        local.assetsDict['/assets.index.template.html'] = '\\","<!doctype html>\\n\\","<html lang=\"en\">\\n\\","<head>\\n\\","<meta charset=\"UTF-8\">\\n\\","<meta name=\"viewport\" content=\"width=device-width, initial-scale=1\">\\n\\","<title>{{env.npm_package_name}} (v{{env.npm_package_version}})</title>\\n\\","<style>\\n\\","/*csslint\\n\\","    box-sizing: false,\\n\\","    universal-selector: false\\n\\","*/\\n\\","* {\\n\\","    box-sizing: border-box;\\n\\","}\\n\\","body {\\n\\","    background: #dde;\\n\\","    font-family: Arial, Helvetica, sans-serif;\\n\\","    margin: 2rem;\\n\\","}\\n\\","body > * {\\n\\","    margin-bottom: 1rem;\\n\\","}\\n\\",".utility2FooterDiv {\\n\\","    margin-top: 20px;\\n\\","    text-align: center;\\n\\","}\\n\\","</style>\\n\\","<style>\\n\\","/*csslint\\n\\","*/\\n\\","textarea {\\n\\","    font-family: monospace;\\n\\","    height: 10rem;\\n\\","    width: 100%;\\n\\","}\\n\\","textarea[readonly] {\\n\\","    background: #ddd;\\n\\","}\\n\\","</style>\\n\\","</head>\\n\\","<body>\\n\\","<!-- utility2-comment\\n\\","<div id=\"ajaxProgressDiv1\" style=\"background: #d00; height: 2px; left: 0; margin: 0; padding: 0; position: fixed; top: 0; transition: background 0.5s, width 1.5s; width: 25%;\"></div>\\n\\","utility2-comment -->\\n\\","<h1>\\n\\","<!-- utility2-comment\\n\\","    <a\\n\\","        {{#if env.npm_package_homepage}}\\n\\","        href=\"{{env.npm_package_homepage}}\"\\n\\","        {{/if env.npm_package_homepage}}\\n\\","        target=\"_blank\"\\n\\","    >\\n\\","utility2-comment -->\\n\\","        {{env.npm_package_name}} (v{{env.npm_package_version}})\\n\\","<!-- utility2-comment\\n\\","    </a>\\n\\","utility2-comment -->\\n\\","</h1>\\n\\","<h3>{{env.npm_package_description}}</h3>\\n\\","<!-- utility2-comment\\n\\","<h4><a download href=\"assets.app.js\">download standalone app</a></h4>\\n\\","<button class=\"onclick onreset\" id=\"testRunButton1\">run internal test</button><br>\\n\\","<div id=\"testReportDiv1\" style=\"display: none;\"></div>\\n\\","utility2-comment -->\\n\\","\\n\\","\\n\\","\\n\\","<label>stderr and stdout</label>\\n\\","<textarea class=\"resettable\" id=\"outputTextareaStdout1\" readonly></textarea>\\n\\","<!-- utility2-comment\\n\\","{{#if isRollup}}\\n\\","<script src=\"assets.app.js\"></script>\\n\\","{{#unless isRollup}}\\n\\","utility2-comment -->\\n\\","<script src=\"assets.utility2.rollup.js\"></script>\\n\\","<script src=\"jsonp.utility2._stateInit?callback=window.utility2._stateInit\"></script>\\n\\","<script src=\"assets.npmtest_react_grid_layout.rollup.js\"></script>\\n\\","<script src=\"assets.example.js\"></script>\\n\\","<script src=\"assets.test.js\"></script>\\n\\","<!-- utility2-comment\\n\\","{{/if isRollup}}\\n\\","utility2-comment -->\\n\\","<div class=\"utility2FooterDiv\">\\n\\","    [ this app was created with\\n\\","    <a href=\"https://github.com/kaizhu256/node-utility2\" target=\"_blank\">utility2</a>\\n\\","    ]\\n\\","</div>\\n\\","</body>\\n\\","</html>\\n\\","';","        /* jslint-ignore-end */","        if (local.templateRender) {","            local.assetsDict['/'] = local.templateRender(","                local.assetsDict['/assets.index.template.html'],","                {","                    env: local.objectSetDefault(local.env, {","                        npm_package_description: 'the greatest app in the world!',","                        npm_package_name: 'my-app',","                        npm_package_nameAlias: 'my_app',","                        npm_package_version: '0.0.1'","                    })","                }","            );","        } else {","            local.assetsDict['/'] = local.assetsDict['/assets.index.template.html']","                .replace((/\\{\\{env\\.(\\w+?)\\}\\}/g), function (match0, match1) {","                    // jslint-hack","                    String(match0);","                    switch (match1) {","                    case 'npm_package_description':","                        return 'the greatest app in the world!';","                    case 'npm_package_name':","                        return 'my-app';","                    case 'npm_package_nameAlias':","                        return 'my_app';","                    case 'npm_package_version':","                        return '0.0.1';","                    }","                });","        }","        // run the cli","        if (local.global.utility2_rollup || module !== require.main) {","            break;","        }","        local.assetsDict['/assets.example.js'] =","            local.assetsDict['/assets.example.js'] ||","            local.fs.readFileSync(__filename, 'utf8');","        local.assetsDict['/assets.npmtest_react_grid_layout.rollup.js'] =","            local.assetsDict['/assets.npmtest_react_grid_layout.rollup.js'] ||","            local.fs.readFileSync(","                // buildCustomOrg-hack","                local.npmtest_react_grid_layout.__dirname +","                    '/lib.npmtest_react_grid_layout.js',","                'utf8'","            ).replace((/^#!/), '//');","        local.assetsDict['/favicon.ico'] = local.assetsDict['/favicon.ico'] || '';","        // if $npm_config_timeout_exit exists,","        // then exit this process after $npm_config_timeout_exit ms","        if (Number(process.env.npm_config_timeout_exit)) {","            setTimeout(process.exit, Number(process.env.npm_config_timeout_exit));","        }","        // start server","        if (local.global.utility2_serverHttp1) {","            break;","        }","        process.env.PORT = process.env.PORT || '8081';","        console.error('server starting on port ' + process.env.PORT);","        local.http.createServer(function (request, response) {","            request.urlParsed = local.url.parse(request.url);","            if (local.assetsDict[request.urlParsed.pathname] !== undefined) {","                response.end(local.assetsDict[request.urlParsed.pathname]);","                return;","            }","            response.statusCode = 404;","            response.end();","        }).listen(process.env.PORT);","        break;","    }","}());",""],"l":{"26":2,"28":2,"33":2,"35":2,"37":2,"38":2,"39":2,"44":1,"51":2,"55":2,"59":2,"61":2,"69":1,"70":2,"76":2,"79":2,"82":2,"83":2,"85":1,"89":2,"92":1,"93":1,"94":1,"96":1,"97":1,"100":1,"101":1,"103":1,"106":1,"108":2,"114":1,"116":1,"118":1,"123":1,"124":2,"125":2,"126":2,"127":2,"128":2,"129":2,"130":1,"133":2,"134":2,"139":2,"143":1,"144":3,"145":1,"149":1,"150":1,"158":1,"160":1,"161":1,"162":1,"164":1,"166":1,"258":1,"259":1,"271":1,"274":6,"275":6,"277":1,"279":2,"281":1,"283":2,"288":1,"289":1,"291":1,"294":1,"302":1,"305":1,"306":1,"309":1,"310":1,"312":1,"313":1,"314":1,"315":1,"316":1,"317":1,"318":1,"320":1,"321":1,"323":1}},"/home/travis/build/npmtest/node-npmtest-react-grid-layout/node_modules/react-grid-layout/index.js":{"path":"/home/travis/build/npmtest/node-npmtest-react-grid-layout/node_modules/react-grid-layout/index.js","s":{"1":1,"2":1,"3":1,"4":1,"5":1},"b":{},"f":{},"fnMap":{},"statementMap":{"1":{"start":{"line":1,"column":0},"end":{"line":1,"column":60}},"2":{"start":{"line":2,"column":0},"end":{"line":2,"column":48}},"3":{"start":{"line":3,"column":0},"end":{"line":3,"column":81}},"4":{"start":{"line":4,"column":0},"end":{"line":4,"column":69}},"5":{"start":{"line":5,"column":0},"end":{"line":5,"column":83}}},"branchMap":{},"code":["module.exports = require('./build/ReactGridLayout').default;","module.exports.utils = require('./build/utils');","module.exports.Responsive = require('./build/ResponsiveReactGridLayout').default;","module.exports.Responsive.utils = require('./build/responsiveUtils');","module.exports.WidthProvider = require('./build/components/WidthProvider').default;",""],"l":{"1":1,"2":1,"3":1,"4":1,"5":1}},"/home/travis/build/npmtest/node-npmtest-react-grid-layout/node_modules/react-grid-layout/build/ReactGridLayout.js":{"path":"/home/travis/build/npmtest/node-npmtest-react-grid-layout/node_modules/react-grid-layout/build/ReactGridLayout.js","s":{"1":1,"2":1,"3":0,"4":0,"5":0,"6":0,"7":0,"8":0,"9":1,"10":1,"11":1,"12":1,"13":1,"14":1,"15":1,"16":1,"17":1,"18":1,"19":4,"20":1,"21":0,"22":0,"23":1,"24":0,"25":0,"26":0,"27":1,"28":1,"29":0,"30":1,"31":1,"32":1,"33":1,"34":1,"35":1,"36":1,"37":0,"38":0,"39":0,"40":0,"41":0,"42":1,"43":0,"44":0,"45":1,"46":0,"47":0,"48":0,"49":0,"50":0,"51":0,"52":0,"53":0,"54":0,"55":0,"56":1,"57":0,"58":0,"59":0,"60":0,"61":0,"62":1,"63":0,"64":0,"65":0,"66":0,"67":0,"68":0,"69":0,"70":1,"71":0,"72":0,"73":0,"74":0,"75":0,"76":0,"77":0,"78":0,"79":0,"80":0,"81":1,"82":0,"83":0,"84":0,"85":0,"86":0,"87":0,"88":0,"89":0,"90":0,"91":0,"92":0,"93":0,"94":1,"95":0,"96":0,"97":0,"98":0,"99":1,"100":0,"101":0,"102":0,"103":0,"104":0,"105":0,"106":0,"107":1,"108":0,"109":0,"110":0,"111":0,"112":0,"113":0,"114":0,"115":0,"116":0,"117":0,"118":1,"119":0,"120":0,"121":0,"122":0,"123":0,"124":0,"125":0,"126":0,"127":1,"128":0,"129":0,"130":0,"131":0,"132":0,"133":1,"134":0,"135":0,"136":0,"137":0,"138":0,"139":0,"140":0,"141":0,"142":0,"143":0,"144":1,"145":0,"146":0,"147":0,"148":0,"149":0,"150":1,"151":1,"152":1,"153":0,"154":0,"155":0,"156":0,"157":0,"158":0,"159":0,"160":0,"161":0,"162":0,"163":1,"164":1,"165":0,"166":1},"b":{"1":[1,0],"2":[0,0],"3":[1,3],"4":[4,4],"5":[0,0],"6":[0,0],"7":[0,0],"8":[0,0,0],"9":[0,1],"10":[1,0],"11":[1,1],"12":[1,0],"13":[1,0],"14":[0,0],"15":[0,0],"16":[0,0],"17":[0,0],"18":[0,0],"19":[0,0],"20":[0,0],"21":[0,0],"22":[0,0],"23":[0,0],"24":[0,0],"25":[0,0],"26":[0,0],"27":[0,0],"28":[0,0],"29":[0,0],"30":[0,0,0,0],"31":[0,0,0,0],"32":[0,0],"33":[0,0],"34":[0,0],"35":[0,0]},"f":{"1":0,"2":4,"3":0,"4":0,"5":1,"6":0,"7":1,"8":0,"9":0,"10":0,"11":0,"12":0,"13":0,"14":0,"15":0,"16":0,"17":0,"18":0,"19":0,"20":0,"21":0,"22":0,"23":0,"24":0,"25":0,"26":0},"fnMap":{"1":{"name":"(anonymous_1)","line":5,"loc":{"start":{"line":5,"column":32},"end":{"line":5,"column":50}}},"2":{"name":"_interopRequireDefault","line":25,"loc":{"start":{"line":25,"column":0},"end":{"line":25,"column":37}}},"3":{"name":"_classCallCheck","line":27,"loc":{"start":{"line":27,"column":0},"end":{"line":27,"column":48}}},"4":{"name":"_possibleConstructorReturn","line":29,"loc":{"start":{"line":29,"column":0},"end":{"line":29,"column":48}}},"5":{"name":"_inherits","line":31,"loc":{"start":{"line":31,"column":0},"end":{"line":31,"column":41}}},"6":{"name":"noop","line":33,"loc":{"start":{"line":33,"column":11},"end":{"line":33,"column":27}}},"7":{"name":"(anonymous_7)","line":43,"loc":{"start":{"line":43,"column":22},"end":{"line":43,"column":50}}},"8":{"name":"ReactGridLayout","line":47,"loc":{"start":{"line":47,"column":2},"end":{"line":47,"column":43}}},"9":{"name":"componentDidMount","line":58,"loc":{"start":{"line":58,"column":48},"end":{"line":58,"column":77}}},"10":{"name":"componentWillReceiveProps","line":65,"loc":{"start":{"line":65,"column":56},"end":{"line":65,"column":102}}},"11":{"name":"containerHeight","line":94,"loc":{"start":{"line":94,"column":46},"end":{"line":94,"column":73}}},"12":{"name":"onDragStart","line":111,"loc":{"start":{"line":111,"column":42},"end":{"line":111,"column":78}}},"13":{"name":"onDrag","line":134,"loc":{"start":{"line":134,"column":37},"end":{"line":134,"column":69}}},"14":{"name":"onDragStop","line":169,"loc":{"start":{"line":169,"column":41},"end":{"line":169,"column":77}}},"15":{"name":"onLayoutMaybeChanged","line":197,"loc":{"start":{"line":197,"column":51},"end":{"line":197,"column":103}}},"16":{"name":"onResizeStart","line":204,"loc":{"start":{"line":204,"column":44},"end":{"line":204,"column":83}}},"17":{"name":"onResize","line":220,"loc":{"start":{"line":220,"column":39},"end":{"line":220,"column":73}}},"18":{"name":"onResizeStop","line":248,"loc":{"start":{"line":248,"column":43},"end":{"line":248,"column":81}}},"19":{"name":"placeholder","line":279,"loc":{"start":{"line":279,"column":42},"end":{"line":279,"column":65}}},"20":{"name":"processGridItem","line":323,"loc":{"start":{"line":323,"column":46},"end":{"line":323,"column":78}}},"21":{"name":"render","line":383,"loc":{"start":{"line":383,"column":37},"end":{"line":383,"column":55}}},"22":{"name":"(anonymous_22)","line":398,"loc":{"start":{"line":398,"column":56},"end":{"line":398,"column":73}}},"23":{"name":"layout","line":436,"loc":{"start":{"line":436,"column":10},"end":{"line":436,"column":33}}},"24":{"name":"children","line":494,"loc":{"start":{"line":494,"column":12},"end":{"line":494,"column":63}}},"25":{"name":"(anonymous_25)","line":499,"loc":{"start":{"line":499,"column":47},"end":{"line":499,"column":64}}},"26":{"name":"_initialiseProps","line":528,"loc":{"start":{"line":528,"column":23},"end":{"line":528,"column":51}}}},"statementMap":{"1":{"start":{"line":3,"column":0},"end":{"line":3,"column":26}},"2":{"start":{"line":5,"column":0},"end":{"line":5,"column":257}},"3":{"start":{"line":5,"column":52},"end":{"line":5,"column":239}},"4":{"start":{"line":5,"column":97},"end":{"line":5,"column":123}},"5":{"start":{"line":5,"column":124},"end":{"line":5,"column":237}},"6":{"start":{"line":5,"column":150},"end":{"line":5,"column":235}},"7":{"start":{"line":5,"column":207},"end":{"line":5,"column":233}},"8":{"start":{"line":5,"column":240},"end":{"line":5,"column":254}},"9":{"start":{"line":7,"column":0},"end":{"line":7,"column":30}},"10":{"start":{"line":9,"column":0},"end":{"line":9,"column":45}},"11":{"start":{"line":11,"column":0},"end":{"line":11,"column":40}},"12":{"start":{"line":13,"column":0},"end":{"line":13,"column":47}},"13":{"start":{"line":15,"column":0},"end":{"line":15,"column":40}},"14":{"start":{"line":17,"column":0},"end":{"line":17,"column":55}},"15":{"start":{"line":19,"column":0},"end":{"line":19,"column":32}},"16":{"start":{"line":21,"column":0},"end":{"line":21,"column":38}},"17":{"start":{"line":23,"column":0},"end":{"line":23,"column":51}},"18":{"start":{"line":25,"column":0},"end":{"line":25,"column":95}},"19":{"start":{"line":25,"column":39},"end":{"line":25,"column":93}},"20":{"start":{"line":27,"column":0},"end":{"line":27,"column":153}},"21":{"start":{"line":27,"column":50},"end":{"line":27,"column":151}},"22":{"start":{"line":27,"column":92},"end":{"line":27,"column":149}},"23":{"start":{"line":29,"column":0},"end":{"line":29,"column":240}},"24":{"start":{"line":29,"column":50},"end":{"line":29,"column":151}},"25":{"start":{"line":29,"column":63},"end":{"line":29,"column":149}},"26":{"start":{"line":29,"column":152},"end":{"line":29,"column":238}},"27":{"start":{"line":31,"column":0},"end":{"line":31,"column":494}},"28":{"start":{"line":31,"column":43},"end":{"line":31,"column":208}},"29":{"start":{"line":31,"column":106},"end":{"line":31,"column":206}},"30":{"start":{"line":31,"column":209},"end":{"line":31,"column":373}},"31":{"start":{"line":31,"column":374},"end":{"line":31,"column":492}},"32":{"start":{"line":31,"column":390},"end":{"line":31,"column":492}},"33":{"start":{"line":33,"column":0},"end":{"line":33,"column":30}},"34":{"start":{"line":43,"column":0},"end":{"line":406,"column":29}},"35":{"start":{"line":44,"column":2},"end":{"line":44,"column":47}},"36":{"start":{"line":47,"column":2},"end":{"line":56,"column":3}},"37":{"start":{"line":48,"column":4},"end":{"line":48,"column":43}},"38":{"start":{"line":50,"column":4},"end":{"line":50,"column":94}},"39":{"start":{"line":52,"column":4},"end":{"line":52,"column":33}},"40":{"start":{"line":54,"column":4},"end":{"line":54,"column":126}},"41":{"start":{"line":55,"column":4},"end":{"line":55,"column":17}},"42":{"start":{"line":58,"column":2},"end":{"line":63,"column":4}},"43":{"start":{"line":59,"column":4},"end":{"line":59,"column":37}},"44":{"start":{"line":62,"column":4},"end":{"line":62,"column":68}},"45":{"start":{"line":65,"column":2},"end":{"line":86,"column":4}},"46":{"start":{"line":66,"column":4},"end":{"line":66,"column":31}},"47":{"start":{"line":68,"column":4},"end":{"line":77,"column":7}},"48":{"start":{"line":69,"column":6},"end":{"line":69,"column":39}},"49":{"start":{"line":75,"column":9},"end":{"line":77,"column":7}},"50":{"start":{"line":76,"column":8},"end":{"line":76,"column":42}},"51":{"start":{"line":80,"column":4},"end":{"line":85,"column":5}},"52":{"start":{"line":81,"column":6},"end":{"line":81,"column":142}},"53":{"start":{"line":82,"column":6},"end":{"line":82,"column":41}},"54":{"start":{"line":83,"column":6},"end":{"line":83,"column":43}},"55":{"start":{"line":84,"column":6},"end":{"line":84,"column":55}},"56":{"start":{"line":94,"column":2},"end":{"line":99,"column":4}},"57":{"start":{"line":95,"column":4},"end":{"line":95,"column":37}},"58":{"start":{"line":95,"column":30},"end":{"line":95,"column":37}},"59":{"start":{"line":96,"column":4},"end":{"line":96,"column":54}},"60":{"start":{"line":97,"column":4},"end":{"line":97,"column":112}},"61":{"start":{"line":98,"column":4},"end":{"line":98,"column":108}},"62":{"start":{"line":111,"column":2},"end":{"line":122,"column":4}},"63":{"start":{"line":112,"column":4},"end":{"line":113,"column":25}},"64":{"start":{"line":114,"column":4},"end":{"line":114,"column":35}},"65":{"start":{"line":116,"column":4},"end":{"line":116,"column":49}},"66":{"start":{"line":117,"column":4},"end":{"line":117,"column":19}},"67":{"start":{"line":117,"column":12},"end":{"line":117,"column":19}},"68":{"start":{"line":119,"column":4},"end":{"line":119,"column":97}},"69":{"start":{"line":121,"column":4},"end":{"line":121,"column":56}},"70":{"start":{"line":134,"column":2},"end":{"line":157,"column":4}},"71":{"start":{"line":135,"column":4},"end":{"line":136,"column":26}},"72":{"start":{"line":137,"column":4},"end":{"line":137,"column":45}},"73":{"start":{"line":138,"column":4},"end":{"line":138,"column":35}},"74":{"start":{"line":140,"column":4},"end":{"line":140,"column":49}},"75":{"start":{"line":141,"column":4},"end":{"line":141,"column":19}},"76":{"start":{"line":141,"column":12},"end":{"line":141,"column":19}},"77":{"start":{"line":144,"column":4},"end":{"line":146,"column":6}},"78":{"start":{"line":149,"column":4},"end":{"line":149,"column":79}},"79":{"start":{"line":151,"column":4},"end":{"line":151,"column":68}},"80":{"start":{"line":153,"column":4},"end":{"line":156,"column":7}},"81":{"start":{"line":169,"column":2},"end":{"line":195,"column":4}},"82":{"start":{"line":170,"column":4},"end":{"line":171,"column":26}},"83":{"start":{"line":172,"column":4},"end":{"line":172,"column":45}},"84":{"start":{"line":173,"column":4},"end":{"line":173,"column":35}},"85":{"start":{"line":175,"column":4},"end":{"line":175,"column":49}},"86":{"start":{"line":176,"column":4},"end":{"line":176,"column":19}},"87":{"start":{"line":176,"column":12},"end":{"line":176,"column":19}},"88":{"start":{"line":179,"column":4},"end":{"line":179,"column":79}},"89":{"start":{"line":181,"column":4},"end":{"line":181,"column":65}},"90":{"start":{"line":184,"column":4},"end":{"line":184,"column":76}},"91":{"start":{"line":185,"column":4},"end":{"line":185,"column":41}},"92":{"start":{"line":187,"column":4},"end":{"line":192,"column":7}},"93":{"start":{"line":194,"column":4},"end":{"line":194,"column":52}},"94":{"start":{"line":197,"column":2},"end":{"line":202,"column":4}},"95":{"start":{"line":198,"column":4},"end":{"line":198,"column":50}},"96":{"start":{"line":198,"column":20},"end":{"line":198,"column":50}},"97":{"start":{"line":199,"column":4},"end":{"line":201,"column":5}},"98":{"start":{"line":200,"column":6},"end":{"line":200,"column":43}},"99":{"start":{"line":204,"column":2},"end":{"line":218,"column":4}},"100":{"start":{"line":205,"column":4},"end":{"line":206,"column":26}},"101":{"start":{"line":207,"column":4},"end":{"line":207,"column":35}},"102":{"start":{"line":209,"column":4},"end":{"line":209,"column":49}},"103":{"start":{"line":210,"column":4},"end":{"line":210,"column":19}},"104":{"start":{"line":210,"column":12},"end":{"line":210,"column":19}},"105":{"start":{"line":212,"column":4},"end":{"line":215,"column":7}},"106":{"start":{"line":217,"column":4},"end":{"line":217,"column":58}},"107":{"start":{"line":220,"column":2},"end":{"line":246,"column":4}},"108":{"start":{"line":221,"column":4},"end":{"line":222,"column":26}},"109":{"start":{"line":223,"column":4},"end":{"line":225,"column":45}},"110":{"start":{"line":227,"column":4},"end":{"line":227,"column":49}},"111":{"start":{"line":228,"column":4},"end":{"line":228,"column":19}},"112":{"start":{"line":228,"column":12},"end":{"line":228,"column":19}},"113":{"start":{"line":231,"column":4},"end":{"line":231,"column":12}},"114":{"start":{"line":232,"column":4},"end":{"line":232,"column":12}},"115":{"start":{"line":235,"column":4},"end":{"line":237,"column":6}},"116":{"start":{"line":239,"column":4},"end":{"line":239,"column":72}},"117":{"start":{"line":242,"column":4},"end":{"line":245,"column":7}},"118":{"start":{"line":248,"column":2},"end":{"line":271,"column":4}},"119":{"start":{"line":249,"column":4},"end":{"line":250,"column":26}},"120":{"start":{"line":251,"column":4},"end":{"line":253,"column":46}},"121":{"start":{"line":255,"column":4},"end":{"line":255,"column":49}},"122":{"start":{"line":257,"column":4},"end":{"line":257,"column":69}},"123":{"start":{"line":260,"column":4},"end":{"line":260,"column":76}},"124":{"start":{"line":261,"column":4},"end":{"line":261,"column":41}},"125":{"start":{"line":263,"column":4},"end":{"line":268,"column":7}},"126":{"start":{"line":270,"column":4},"end":{"line":270,"column":52}},"127":{"start":{"line":279,"column":2},"end":{"line":314,"column":4}},"128":{"start":{"line":280,"column":4},"end":{"line":280,"column":43}},"129":{"start":{"line":282,"column":4},"end":{"line":282,"column":33}},"130":{"start":{"line":282,"column":21},"end":{"line":282,"column":33}},"131":{"start":{"line":283,"column":4},"end":{"line":290,"column":51}},"132":{"start":{"line":294,"column":4},"end":{"line":313,"column":6}},"133":{"start":{"line":323,"column":2},"end":{"line":381,"column":4}},"134":{"start":{"line":324,"column":4},"end":{"line":324,"column":27}},"135":{"start":{"line":324,"column":20},"end":{"line":324,"column":27}},"136":{"start":{"line":325,"column":4},"end":{"line":325,"column":68}},"137":{"start":{"line":326,"column":4},"end":{"line":326,"column":24}},"138":{"start":{"line":326,"column":12},"end":{"line":326,"column":24}},"139":{"start":{"line":327,"column":4},"end":{"line":338,"column":50}},"140":{"start":{"line":339,"column":4},"end":{"line":339,"column":37}},"141":{"start":{"line":343,"column":4},"end":{"line":343,"column":98}},"142":{"start":{"line":344,"column":4},"end":{"line":344,"column":98}},"143":{"start":{"line":346,"column":4},"end":{"line":380,"column":6}},"144":{"start":{"line":383,"column":2},"end":{"line":403,"column":4}},"145":{"start":{"line":384,"column":4},"end":{"line":384,"column":22}},"146":{"start":{"line":386,"column":4},"end":{"line":388,"column":30}},"147":{"start":{"line":391,"column":4},"end":{"line":393,"column":14}},"148":{"start":{"line":395,"column":4},"end":{"line":402,"column":6}},"149":{"start":{"line":399,"column":8},"end":{"line":399,"column":45}},"150":{"start":{"line":405,"column":2},"end":{"line":405,"column":25}},"151":{"start":{"line":408,"column":0},"end":{"line":408,"column":48}},"152":{"start":{"line":409,"column":0},"end":{"line":506,"column":2}},"153":{"start":{"line":437,"column":4},"end":{"line":437,"column":30}},"154":{"start":{"line":439,"column":4},"end":{"line":439,"column":37}},"155":{"start":{"line":439,"column":30},"end":{"line":439,"column":37}},"156":{"start":{"line":440,"column":4},"end":{"line":440,"column":49}},"157":{"start":{"line":495,"column":4},"end":{"line":495,"column":35}},"158":{"start":{"line":498,"column":4},"end":{"line":498,"column":18}},"159":{"start":{"line":499,"column":4},"end":{"line":504,"column":7}},"160":{"start":{"line":500,"column":6},"end":{"line":502,"column":7}},"161":{"start":{"line":501,"column":8},"end":{"line":501,"column":99}},"162":{"start":{"line":503,"column":6},"end":{"line":503,"column":29}},"163":{"start":{"line":507,"column":0},"end":{"line":526,"column":2}},"164":{"start":{"line":528,"column":0},"end":{"line":537,"column":2}},"165":{"start":{"line":529,"column":2},"end":{"line":536,"column":4}},"166":{"start":{"line":539,"column":0},"end":{"line":539,"column":34}}},"branchMap":{"1":{"line":5,"type":"binary-expr","locations":[{"start":{"line":5,"column":15},"end":{"line":5,"column":28}},{"start":{"line":5,"column":32},"end":{"line":5,"column":256}}]},"2":{"line":5,"type":"if","locations":[{"start":{"line":5,"column":150},"end":{"line":5,"column":150}},{"start":{"line":5,"column":150},"end":{"line":5,"column":150}}]},"3":{"line":25,"type":"cond-expr","locations":[{"start":{"line":25,"column":70},"end":{"line":25,"column":73}},{"start":{"line":25,"column":76},"end":{"line":25,"column":92}}]},"4":{"line":25,"type":"binary-expr","locations":[{"start":{"line":25,"column":46},"end":{"line":25,"column":49}},{"start":{"line":25,"column":53},"end":{"line":25,"column":67}}]},"5":{"line":27,"type":"if","locations":[{"start":{"line":27,"column":50},"end":{"line":27,"column":50}},{"start":{"line":27,"column":50},"end":{"line":27,"column":50}}]},"6":{"line":29,"type":"if","locations":[{"start":{"line":29,"column":50},"end":{"line":29,"column":50}},{"start":{"line":29,"column":50},"end":{"line":29,"column":50}}]},"7":{"line":29,"type":"cond-expr","locations":[{"start":{"line":29,"column":226},"end":{"line":29,"column":230}},{"start":{"line":29,"column":233},"end":{"line":29,"column":237}}]},"8":{"line":29,"type":"binary-expr","locations":[{"start":{"line":29,"column":159},"end":{"line":29,"column":163}},{"start":{"line":29,"column":168},"end":{"line":29,"column":192}},{"start":{"line":29,"column":196},"end":{"line":29,"column":222}}]},"9":{"line":31,"type":"if","locations":[{"start":{"line":31,"column":43},"end":{"line":31,"column":43}},{"start":{"line":31,"column":43},"end":{"line":31,"column":43}}]},"10":{"line":31,"type":"binary-expr","locations":[{"start":{"line":31,"column":47},"end":{"line":31,"column":79}},{"start":{"line":31,"column":83},"end":{"line":31,"column":102}}]},"11":{"line":31,"type":"binary-expr","locations":[{"start":{"line":31,"column":244},"end":{"line":31,"column":254}},{"start":{"line":31,"column":258},"end":{"line":31,"column":278}}]},"12":{"line":31,"type":"if","locations":[{"start":{"line":31,"column":374},"end":{"line":31,"column":374}},{"start":{"line":31,"column":374},"end":{"line":31,"column":374}}]},"13":{"line":31,"type":"cond-expr","locations":[{"start":{"line":31,"column":414},"end":{"line":31,"column":457}},{"start":{"line":31,"column":460},"end":{"line":31,"column":491}}]},"14":{"line":68,"type":"if","locations":[{"start":{"line":68,"column":4},"end":{"line":68,"column":4}},{"start":{"line":68,"column":4},"end":{"line":68,"column":4}}]},"15":{"line":75,"type":"if","locations":[{"start":{"line":75,"column":9},"end":{"line":75,"column":9}},{"start":{"line":75,"column":9},"end":{"line":75,"column":9}}]},"16":{"line":80,"type":"if","locations":[{"start":{"line":80,"column":4},"end":{"line":80,"column":4}},{"start":{"line":80,"column":4},"end":{"line":80,"column":4}}]},"17":{"line":95,"type":"if","locations":[{"start":{"line":95,"column":4},"end":{"line":95,"column":4}},{"start":{"line":95,"column":4},"end":{"line":95,"column":4}}]},"18":{"line":97,"type":"cond-expr","locations":[{"start":{"line":97,"column":58},"end":{"line":97,"column":88}},{"start":{"line":97,"column":91},"end":{"line":97,"column":111}}]},"19":{"line":117,"type":"if","locations":[{"start":{"line":117,"column":4},"end":{"line":117,"column":4}},{"start":{"line":117,"column":4},"end":{"line":117,"column":4}}]},"20":{"line":141,"type":"if","locations":[{"start":{"line":141,"column":4},"end":{"line":141,"column":4}},{"start":{"line":141,"column":4},"end":{"line":141,"column":4}}]},"21":{"line":176,"type":"if","locations":[{"start":{"line":176,"column":4},"end":{"line":176,"column":4}},{"start":{"line":176,"column":4},"end":{"line":176,"column":4}}]},"22":{"line":198,"type":"if","locations":[{"start":{"line":198,"column":4},"end":{"line":198,"column":4}},{"start":{"line":198,"column":4},"end":{"line":198,"column":4}}]},"23":{"line":199,"type":"if","locations":[{"start":{"line":199,"column":4},"end":{"line":199,"column":4}},{"start":{"line":199,"column":4},"end":{"line":199,"column":4}}]},"24":{"line":210,"type":"if","locations":[{"start":{"line":210,"column":4},"end":{"line":210,"column":4}},{"start":{"line":210,"column":4},"end":{"line":210,"column":4}}]},"25":{"line":228,"type":"if","locations":[{"start":{"line":228,"column":4},"end":{"line":228,"column":4}},{"start":{"line":228,"column":4},"end":{"line":228,"column":4}}]},"26":{"line":282,"type":"if","locations":[{"start":{"line":282,"column":4},"end":{"line":282,"column":4}},{"start":{"line":282,"column":4},"end":{"line":282,"column":4}}]},"27":{"line":306,"type":"binary-expr","locations":[{"start":{"line":306,"column":26},"end":{"line":306,"column":42}},{"start":{"line":306,"column":46},"end":{"line":306,"column":52}}]},"28":{"line":324,"type":"if","locations":[{"start":{"line":324,"column":4},"end":{"line":324,"column":4}},{"start":{"line":324,"column":4},"end":{"line":324,"column":4}}]},"29":{"line":326,"type":"if","locations":[{"start":{"line":326,"column":4},"end":{"line":326,"column":4}},{"start":{"line":326,"column":4},"end":{"line":326,"column":4}}]},"30":{"line":343,"type":"binary-expr","locations":[{"start":{"line":343,"column":28},"end":{"line":343,"column":37}},{"start":{"line":343,"column":41},"end":{"line":343,"column":52}},{"start":{"line":343,"column":57},"end":{"line":343,"column":70}},{"start":{"line":343,"column":74},"end":{"line":343,"column":95}}]},"31":{"line":344,"type":"binary-expr","locations":[{"start":{"line":344,"column":28},"end":{"line":344,"column":37}},{"start":{"line":344,"column":41},"end":{"line":344,"column":52}},{"start":{"line":344,"column":57},"end":{"line":344,"column":70}},{"start":{"line":344,"column":74},"end":{"line":344,"column":95}}]},"32":{"line":352,"type":"binary-expr","locations":[{"start":{"line":352,"column":26},"end":{"line":352,"column":42}},{"start":{"line":352,"column":46},"end":{"line":352,"column":52}}]},"33":{"line":365,"type":"binary-expr","locations":[{"start":{"line":365,"column":26},"end":{"line":365,"column":42}},{"start":{"line":365,"column":46},"end":{"line":365,"column":53}}]},"34":{"line":439,"type":"if","locations":[{"start":{"line":439,"column":4},"end":{"line":439,"column":4}},{"start":{"line":439,"column":4},"end":{"line":439,"column":4}}]},"35":{"line":500,"type":"if","locations":[{"start":{"line":500,"column":6},"end":{"line":500,"column":6}},{"start":{"line":500,"column":6},"end":{"line":500,"column":6}}]}},"code":["'use strict';","","exports.__esModule = true;","","var _extends = Object.assign || function (target) { for (var i = 1; i < arguments.length; i++) { var source = arguments[i]; for (var key in source) { if (Object.prototype.hasOwnProperty.call(source, key)) { target[key] = source[key]; } } } return target; };","","var _react = require('react');","","var _react2 = _interopRequireDefault(_react);","","var _lodash = require('lodash.isequal');","","var _lodash2 = _interopRequireDefault(_lodash);","","var _classnames = require('classnames');","","var _classnames2 = _interopRequireDefault(_classnames);","","var _utils = require('./utils');","","var _GridItem = require('./GridItem');","","var _GridItem2 = _interopRequireDefault(_GridItem);","","function _interopRequireDefault(obj) { return obj && obj.__esModule ? obj : { default: obj }; }","","function _classCallCheck(instance, Constructor) { if (!(instance instanceof Constructor)) { throw new TypeError(\"Cannot call a class as a function\"); } }","","function _possibleConstructorReturn(self, call) { if (!self) { throw new ReferenceError(\"this hasn't been initialised - super() hasn't been called\"); } return call && (typeof call === \"object\" || typeof call === \"function\") ? call : self; }","","function _inherits(subClass, superClass) { if (typeof superClass !== \"function\" && superClass !== null) { throw new TypeError(\"Super expression must either be null or a function, not \" + typeof superClass); } subClass.prototype = Object.create(superClass && superClass.prototype, { constructor: { value: subClass, enumerable: false, writable: true, configurable: true } }); if (superClass) Object.setPrototypeOf ? Object.setPrototypeOf(subClass, superClass) : subClass.__proto__ = superClass; }","","var noop = function noop() {};","","// Types","","// End Types","","/**"," * A reactive, fluid grid layout with draggable, resizable components."," */","","var ReactGridLayout = function (_React$Component) {","  _inherits(ReactGridLayout, _React$Component);","","  // TODO publish internal ReactClass displayName transform","  function ReactGridLayout(props, context) {","    _classCallCheck(this, ReactGridLayout);","","    var _this = _possibleConstructorReturn(this, _React$Component.call(this, props, context));","","    _initialiseProps.call(_this);","","    (0, _utils.autoBindHandlers)(_this, ['onDragStart', 'onDrag', 'onDragStop', 'onResizeStart', 'onResize', 'onResizeStop']);","    return _this;","  }","","  ReactGridLayout.prototype.componentDidMount = function componentDidMount() {","    this.setState({ mounted: true });","    // Possibly call back with layout on mount. This should be done after correcting the layout width","    // to ensure we don't rerender with the wrong width.","    this.onLayoutMaybeChanged(this.state.layout, this.props.layout);","  };","","  ReactGridLayout.prototype.componentWillReceiveProps = function componentWillReceiveProps(nextProps) {","    var newLayoutBase = void 0;","    // Allow parent to set layout directly.","    if (!(0, _lodash2.default)(nextProps.layout, this.props.layout)) {","      newLayoutBase = nextProps.layout;","    }","","    // If children change, also regenerate the layout. Use our state","    // as the base in case because it may be more up to date than","    // what is in props.","    else if (!(0, _utils.childrenEqual)(this.props.children, nextProps.children)) {","        newLayoutBase = this.state.layout;","      }","","    // We need to regenerate the layout.","    if (newLayoutBase) {","      var newLayout = (0, _utils.synchronizeLayoutWithChildren)(newLayoutBase, nextProps.children, nextProps.cols, nextProps.verticalCompact);","      var _oldLayout = this.state.layout;","      this.setState({ layout: newLayout });","      this.onLayoutMaybeChanged(newLayout, _oldLayout);","    }","  };","","  /**","   * Calculates a pixel value for the container.","   * @return {String} Container height in pixels.","   */","","","  ReactGridLayout.prototype.containerHeight = function containerHeight() {","    if (!this.props.autoSize) return;","    var nbRow = (0, _utils.bottom)(this.state.layout);","    var containerPaddingY = this.props.containerPadding ? this.props.containerPadding[1] : this.props.margin[1];","    return nbRow * this.props.rowHeight + (nbRow - 1) * this.props.margin[1] + containerPaddingY * 2 + 'px';","  };","","  /**","   * When dragging starts","   * @param {String} i Id of the child","   * @param {Number} x X position of the move","   * @param {Number} y Y position of the move","   * @param {Event} e The mousedown event","   * @param {Element} node The current dragging DOM element","   */","","","  ReactGridLayout.prototype.onDragStart = function onDragStart(i, x, y, _ref) {","    var e = _ref.e,","        node = _ref.node;","    var layout = this.state.layout;","","    var l = (0, _utils.getLayoutItem)(layout, i);","    if (!l) return;","","    this.setState({ oldDragItem: (0, _utils.cloneLayoutItem)(l), oldLayout: this.state.layout });","","    this.props.onDragStart(layout, l, l, null, e, node);","  };","","  /**","   * Each drag movement create a new dragelement and move the element to the dragged location","   * @param {String} i Id of the child","   * @param {Number} x X position of the move","   * @param {Number} y Y position of the move","   * @param {Event} e The mousedown event","   * @param {Element} node The current dragging DOM element","   */","","","  ReactGridLayout.prototype.onDrag = function onDrag(i, x, y, _ref2) {","    var e = _ref2.e,","        node = _ref2.node;","    var oldDragItem = this.state.oldDragItem;","    var layout = this.state.layout;","","    var l = (0, _utils.getLayoutItem)(layout, i);","    if (!l) return;","","    // Create placeholder (display only)","    var placeholder = {","      w: l.w, h: l.h, x: l.x, y: l.y, placeholder: true, i: i","    };","","    // Move the element to the dragged location.","    layout = (0, _utils.moveElement)(layout, l, x, y, true /* isUserAction */);","","    this.props.onDrag(layout, oldDragItem, l, placeholder, e, node);","","    this.setState({","      layout: (0, _utils.compact)(layout, this.props.verticalCompact),","      activeDrag: placeholder","    });","  };","","  /**","   * When dragging stops, figure out which position the element is closest to and update its x and y.","   * @param  {String} i Index of the child.","   * @param {Number} x X position of the move","   * @param {Number} y Y position of the move","   * @param {Event} e The mousedown event","   * @param {Element} node The current dragging DOM element","   */","","
[...]
ine":6,"column":72}},"5":{"start":{"line":7,"column":0},"end":{"line":7,"column":42}},"6":{"start":{"line":9,"column":0},"end":{"line":9,"column":32}},"7":{"start":{"line":18,"column":0},"end":{"line":26,"column":1}},"8":{"start":{"line":19,"column":2},"end":{"line":19,"column":44}},"9":{"start":{"line":20,"column":2},"end":{"line":20,"column":27}},"10":{"start":{"line":21,"column":2},"end":{"line":24,"column":3}},"11":{"start":{"line":22,"column":4},"end":{"line":22,"column":35}},"12":{"start":{"line":23,"column":4},"end":{"line":23,"column":71}},"13":{"start":{"line":23,"column":45},"end":{"line":23,"column":71}},"14":{"start":{"line":25,"column":2},"end":{"line":25,"column":18}},"15":{"start":{"line":36,"column":0},"end":{"line":41,"column":1}},"16":{"start":{"line":37,"column":2},"end":{"line":39,"column":3}},"17":{"start":{"line":38,"column":4},"end":{"line":38,"column":109}},"18":{"start":{"line":40,"column":2},"end":{"line":40,"column":26}},"19":{"start":{"line":57,"column":0},"end":{"line":73,"column":1}},"20":{"start":{"line":59,"column":2},"end":{"line":59,"column":79}},"21":{"start":{"line":59,"column":27},"end":{"line":59,"column":79}},"22":{"start":{"line":61,"column":2},"end":{"line":61,"column":39}},"23":{"start":{"line":62,"column":2},"end":{"line":62,"column":55}},"24":{"start":{"line":63,"column":2},"end":{"line":63,"column":88}},"25":{"start":{"line":64,"column":2},"end":{"line":70,"column":3}},"26":{"start":{"line":65,"column":4},"end":{"line":65,"column":32}},"27":{"start":{"line":66,"column":4},"end":{"line":69,"column":5}},"28":{"start":{"line":67,"column":6},"end":{"line":67,"column":26}},"29":{"start":{"line":68,"column":6},"end":{"line":68,"column":12}},"30":{"start":{"line":71,"column":2},"end":{"line":71,"column":49}},"31":{"start":{"line":72,"column":2},"end":{"line":72,"column":97}},"32":{"start":{"line":82,"column":0},"end":{"line":87,"column":1}},"33":{"start":{"line":83,"column":2},"end":{"line":83,"column":38}},"34":{"start":{"line":84,"column":2},"end":{"line":86,"column":5}},"35":{"start":{"line":85,"column":4},"end":{"line":85,"column":43}}},"branchMap":{"1":{"line":23,"type":"if","locations":[{"start":{"line":23,"column":4},"end":{"line":23,"column":4}},{"start":{"line":23,"column":4},"end":{"line":23,"column":4}}]},"2":{"line":37,"type":"if","locations":[{"start":{"line":37,"column":2},"end":{"line":37,"column":2}},{"start":{"line":37,"column":2},"end":{"line":37,"column":2}}]},"3":{"line":59,"type":"if","locations":[{"start":{"line":59,"column":2},"end":{"line":59,"column":2}},{"start":{"line":59,"column":2},"end":{"line":59,"column":2}}]},"4":{"line":66,"type":"if","locations":[{"start":{"line":66,"column":4},"end":{"line":66,"column":4}},{"start":{"line":66,"column":4},"end":{"line":66,"column":4}}]},"5":{"line":71,"type":"binary-expr","locations":[{"start":{"line":71,"column":35},"end":{"line":71,"column":41}},{"start":{"line":71,"column":45},"end":{"line":71,"column":47}}]}},"code":["'use strict';","","exports.__esModule = true;","exports.getBreakpointFromWidth = getBreakpointFromWidth;","exports.getColsFromBreakpoint = getColsFromBreakpoint;","exports.findOrGenerateResponsiveLayout = findOrGenerateResponsiveLayout;","exports.sortBreakpoints = sortBreakpoints;","","var _utils = require('./utils');","","/**"," * Given a width, find the highest breakpoint that matches is valid for it (width > breakpoint)."," *"," * @param  {Object} breakpoints Breakpoints object (e.g. {lg: 1200, md: 960, ...})"," * @param  {Number} width Screen width."," * @return {String}       Highest breakpoint that is less than width."," */","function getBreakpointFromWidth(breakpoints, width) {","  var sorted = sortBreakpoints(breakpoints);","  var matching = sorted[0];","  for (var i = 1, len = sorted.length; i < len; i++) {","    var breakpointName = sorted[i];","    if (width > breakpoints[breakpointName]) matching = breakpointName;","  }","  return matching;","}","","/**"," * Given a breakpoint, get the # of cols set for it."," * @param  {String} breakpoint Breakpoint name."," * @param  {Object} cols       Map of breakpoints to cols."," * @return {Number}            Number of cols."," */","","","function getColsFromBreakpoint(breakpoint, cols) {","  if (!cols[breakpoint]) {","    throw new Error(\"ResponsiveReactGridLayout: `cols` entry for breakpoint \" + breakpoint + \" is missing!\");","  }","  return cols[breakpoint];","}","","/**"," * Given existing layouts and a new breakpoint, find or generate a new layout."," *"," * This finds the layout above the new one and generates from it, if it exists."," *"," * @param  {Object} layouts     Existing layouts."," * @param  {Array} breakpoints All breakpoints."," * @param  {String} breakpoint New breakpoint."," * @param  {String} breakpoint Last breakpoint (for fallback)."," * @param  {Number} cols       Column count at new breakpoint."," * @param  {Boolean} verticalCompact Whether or not to compact the layout"," *   vertically."," * @return {Array}             New layout."," */","function findOrGenerateResponsiveLayout(layouts, breakpoints, breakpoint, lastBreakpoint, cols, verticalCompact) {","  // If it already exists, just return it.","  if (layouts[breakpoint]) return (0, _utils.cloneLayout)(layouts[breakpoint]);","  // Find or generate the next layout","  var layout = layouts[lastBreakpoint];","  var breakpointsSorted = sortBreakpoints(breakpoints);","  var breakpointsAbove = breakpointsSorted.slice(breakpointsSorted.indexOf(breakpoint));","  for (var i = 0, len = breakpointsAbove.length; i < len; i++) {","    var b = breakpointsAbove[i];","    if (layouts[b]) {","      layout = layouts[b];","      break;","    }","  }","  layout = (0, _utils.cloneLayout)(layout || []); // clone layout so we don't modify existing items","  return (0, _utils.compact)((0, _utils.correctBounds)(layout, { cols: cols }), verticalCompact);","}","","/**"," * Given breakpoints, return an array of breakpoints sorted by width. This is usually"," * e.g. ['xxs', 'xs', 'sm', ...]"," *"," * @param  {Object} breakpoints Key/value pair of breakpoint names to widths."," * @return {Array}              Sorted breakpoints."," */","function sortBreakpoints(breakpoints) {","  var keys = Object.keys(breakpoints);","  return keys.sort(function (a, b) {","    return breakpoints[a] - breakpoints[b];","  });","}"],"l":{"3":1,"4":1,"5":1,"6":1,"7":1,"9":1,"18":1,"19":0,"20":0,"21":0,"22":0,"23":0,"25":0,"36":1,"37":0,"38":0,"40":0,"57":1,"59":0,"61":0,"62":0,"63":0,"64":0,"65":0,"66":0,"67":0,"68":0,"71":0,"72":0,"82":1,"83":0,"84":0,"85":0}},"/home/travis/build/npmtest/node-npmtest-react-grid-layout/node_modules/react-grid-layout/build/components/WidthProvider.js":{"path":"/home/travis/build/npmtest/node-npmtest-react-grid-layout/node_modules/react-grid-layout/build/components/WidthProvider.js","s":{"1":1,"2":1,"3":0,"4":0,"5":0,"6":0,"7":0,"8":0,"9":1,"10":1,"11":1,"12":1,"13":1,"14":2,"15":1,"16":0,"17":0,"18":1,"19":0,"20":0,"21":0,"22":1,"23":0,"24":0,"25":0,"26":0,"27":0,"28":1,"29":0,"30":0,"31":0,"32":1,"33":0,"34":0,"35":0,"36":0,"37":0,"38":0,"39":0,"40":0,"41":0,"42":0,"43":0,"44":0,"45":0,"46":0,"47":0,"48":0,"49":0,"50":0,"51":0,"52":0,"53":0,"54":0,"55":1},"b":{"1":[1,0],"2":[0,0],"3":[0,2],"4":[2,2],"5":[0,0],"6":[0,0],"7":[0,0],"8":[0,0,0],"9":[0,0],"10":[0,0],"11":[0,0],"12":[0,0],"13":[0,0],"14":[0,0],"15":[0,0],"16":[0,0],"17":[0,0]},"f":{"1":0,"2":2,"3":0,"4":0,"5":0,"6":0,"7":0,"8":0,"9":0,"10":0,"11":0,"12":0},"fnMap":{"1":{"name":"(anonymous_1)","line":5,"loc":{"start":{"line":5,"column":32},"end":{"line":5,"column":50}}},"2":{"name":"_interopRequireDefault","line":15,"loc":{"start":{"line":15,"column":0},"end":{"line":15,"column":37}}},"3":{"name":"_classCallCheck","line":17,"loc":{"start":{"line":17,"column":0},"end":{"line":17,"column":48}}},"4":{"name":"_possibleConstructorReturn","line":19,"loc":{"start":{"line":19,"column":0},"end":{"line":19,"column":48}}},"5":{"name":"_inherits","line":21,"loc":{"start":{"line":21,"column":0},"end":{"line":21,"column":41}}},"6":{"name":"WidthProvider","line":26,"loc":{"start":{"line":26,"column":20},"end":{"line":26,"column":62}}},"7":{"name":"(anonymous_7)","line":29,"loc":{"start":{"line":29,"column":27},"end":{"line":29,"column":55}}},"8":{"name":"_class","line":32,"loc":{"start":{"line":32,"column":4},"end":{"line":32,"column":22}}},"9":{"name":"(anonymous_9)","line":43,"loc":{"start":{"line":43,"column":55},"end":{"line":43,"column":73}}},"10":{"name":"componentDidMount","line":50,"loc":{"start":{"line":50,"column":41},"end":{"line":50,"column":70}}},"11":{"name":"componentWillUnmount","line":60,"loc":{"start":{"line":60,"column":44},"end":{"line":60,"column":76}}},"12":{"name":"render","line":65,"loc":{"start":{"line":65,"column":30},"end":{"line":65,"column":48}}}},"statementMap":{"1":{"start":{"line":3,"column":0},"end":{"line":3,"column":26}},"2":{"start":{"line":5,"column":0},"end":{"line":5,"column":257}},"3":{"start":{"line":5,"column":52},"end":{"line":5,"column":239}},"4":{"start":{"line":5,"column":97},"end":{"line":5,"column":123}},"5":{"start":{"line":5,"column":124},"end":{"line":5,"column":237}},"6":{"start":{"line":5,"column":150},"end":{"line":5,"column":235}},"7":{"start":{"line":5,"column":207},"end":{"line":5,"column":233}},"8":{"start":{"line":5,"column":240},"end":{"line":5,"column":254}},"9":{"start":{"line":7,"column":0},"end":{"line":7,"column":30}},"10":{"start":{"line":9,"column":0},"end":{"line":9,"column":45}},"11":{"start":{"line":11,"column":0},"end":{"line":11,"column":37}},"12":{"start":{"line":13,"column":0},"end":{"line":13,"column":51}},"13":{"start":{"line":15,"column":0},"end":{"line":15,"column":95}},"14":{"start":{"line":15,"column":39},"end":{"line":15,"column":93}},"15":{"start":{"line":17,"column":0},"end":{"line":17,"column":153}},"16":{"start":{"line":17,"column":50},"end":{"line":17,"column":151}},"17":{"start":{"line":17,"column":92},"end":{"line":17,"column":149}},"18":{"start":{"line":19,"column":0},"end":{"line":19,"column":240}},"19":{"start":{"line":19,"column":50},"end":{"line":19,"column":151}},"20":{"start":{"line":19,"column":63},"end":{"line":19,"column":149}},"21":{"start":{"line":19,"column":152},"end":{"line":19,"column":238}},"22":{"start":{"line":21,"column":0},"end":{"line":21,"column":494}},"23":{"start":{"line":21,"column":43},"end":{"line":21,"column":208}},"24":{"start":{"line":21,"column":106},"end":{"line":21,"column":206}},"25":{"start":{"line":21,"column":209},"end":{"line":21,"column":373}},"26":{"start":{"line":21,"column":374},"end":{"line":21,"column":492}},"27":{"start":{"line":21,"column":390},"end":{"line":21,"column":492}},"28":{"start":{"line":26,"column":0},"end":{"line":81,"column":2}},"29":{"start":{"line":27,"column":2},"end":{"line":27,"column":21}},"30":{"start":{"line":29,"column":2},"end":{"line":80,"column":12}},"31":{"start":{"line":30,"column":4},"end":{"line":30,"column":40}},"32":{"start":{"line":32,"column":4},"end":{"line":48,"column":5}},"33":{"start":{"line":33,"column":6},"end":{"line":33,"column":29}},"34":{"start":{"line":35,"column":6},"end":{"line":35,"column":36}},"35":{"start":{"line":37,"column":6},"end":{"line":39,"column":7}},"36":{"start":{"line":38,"column":8},"end":{"line":38,"column":37}},"37":{"start":{"line":41,"column":6},"end":{"line":47,"column":57}},"38":{"start":{"line":44,"column":8},"end":{"line":44,"column":35}},"39":{"start":{"line":44,"column":28},"end":{"line":44,"column":35}},"40":{"start":{"line":45,"column":8},"end":{"line":45,"column":57}},"41":{"start":{"line":46,"column":8},"end":{"line":46,"column":85}},"42":{"start":{"line":46,"column":41},"end":{"line":46,"column":85}},"43":{"start":{"line":50,"column":4},"end":{"line":58,"column":6}},"44":{"start":{"line":51,"column":6},"end":{"line":51,"column":26}},"45":{"start":{"line":53,"column":6},"end":{"line":53,"column":61}},"46":{"start":{"line":57,"column":6},"end":{"line":57,"column":28}},"47":{"start":{"line":60,"column":4},"end":{"line":63,"column":6}},"48":{"start":{"line":61,"column":6},"end":{"line":61,"column":27}},"49":{"start":{"line":62,"column":6},"end":{"line":62,"column":64}},"50":{"start":{"line":65,"column":4},"end":{"line":71,"column":6}},"51":{"start":{"line":66,"column":6},"end":{"line":68,"column":7}},"52":{"start":{"line":67,"column":8},"end":{"line":67,"column":114}},"53":{"start":{"line":70,"column":6},"end":{"line":70,"column":100}},"54":{"start":{"line":73,"column":4},"end":{"line":73,"column":18}},"55":{"start":{"line":83,"column":0},"end":{"line":83,"column":32}}},"branchMap":{"1":{"line":5,"type":"binary-expr","locations":[{"start":{"line":5,"column":15},"end":{"line":5,"column":28}},{"start":{"line":5,"column":32},"end":{"line":5,"column":256}}]},"2":{"line":5,"type":"if","locations":[{"start":{"line":5,"column":150},"end":{"line":5,"column":150}},{"start":{"line":5,"column":150},"end":{"line":5,"column":150}}]},"3":{"line":15,"type":"cond-expr","locations":[{"start":{"line":15,"column":70},"end":{"line":15,"column":73}},{"start":{"line":15,"column":76},"end":{"line":15,"column":92}}]},"4":{"line":15,"type":"binary-expr","locations":[{"start":{"line":15,"column":46},"end":{"line":15,"column":49}},{"start":{"line":15,"column":53},"end":{"line":15,"column":67}}]},"5":{"line":17,"type":"if","locations":[{"start":{"line":17,"column":50},"end":{"line":17,"column":50}},{"start":{"line":17,"column":50},"end":{"line":17,"column":50}}]},"6":{"line":19,"type":"if","locations":[{"start":{"line":19,"column":50},"end":{"line":19,"column":50}},{"start":{"line":19,"column":50},"end":{"line":19,"column":50}}]},"7":{"line":19,"type":"cond-expr","locations":[{"start":{"line":19,"column":226},"end":{"line":19,"column":230}},{"start":{"line":19,"column":233},"end":{"line":19,"column":237}}]},"8":{"line":19,"type":"binary-expr","locations":[{"start":{"line":19,"column":159},"end":{"line":19,"column":163}},{"start":{"line":19,"column":168},"end":{"line":19,"column":192}},{"start":{"line":19,"column":196},"end":{"line":19,"column":222}}]},"9":{"line":21,"type":"if","locations":[{"start":{"line":21,"column":43},"end":{"line":21,"column":43}},{"start":{"line":21,"column":43},"end":{"line":21,"column":43}}]},"10":{"line":21,"type":"binary-expr","locations":[{"start":{"line":21,"column":47},"end":{"line":21,"column":79}},{"start":{"line":21,"column":83},"end":{"line":21,"column":102}}]},"11":{"line":21,"type":"binary-expr","locations":[{"start":{"line":21,"column":244},"end":{"line":21,"column":254}},{"start":{"line":21,"column":258},"end":{"line":21,"column":278}}]},"12":{"line":21,"type":"if","locations":[{"start":{"line":21,"column":374},"end":{"line":21,"column":374}},{"start":{"line":21,"column":374},"end":{"line":21,"column":374}}]},"13":{"line":21,"type":"cond-expr","locations":[{"start":{"line":21,"column":414},"end":{"line":21,"column":457}},{"start":{"line":21,"column":460},"end":{"line":21,"column":491}}]},"14":{"line":44,"type":"if","locations":[{"start":{"line":44,"column":8},"end":{"line":44,"column":8}},{"start":{"line":44,"column":8},"end":{"line":44,"column":8}}]},"15":{"line":46,"type":"if","locations":[{"start":{"line":46,"column":8},"end":{"line":46,"column":8}},{"start":{"line":46,"column":8},"end":{"line":46,"column":8}}]},"16":{"line":66,"type":"if","locations":[{"start":{"line":66,"column":6},"end":{"line":66,"column":6}},{"start":{"line":66,"column":6},"end":{"line":66,"column":6}}]},"17":{"line":66,"type":"binary-expr","locations":[{"start":{"line":66,"column":10},"end":{"line":66,"column":39}},{"start":{"line":66,"column":43},"end":{"line":66,"column":56}}]}},"code":["'use strict';","","exports.__esModule = true;","","var _extends = Object.assign || function (target) { for (var i = 1; i < arguments.length; i++) { var source = arguments[i]; for (var key in source) { if (Object.prototype.hasOwnProperty.call(source, key)) { target[key] = source[key]; } } } return target; };","","var _react = require('react');","","var _react2 = _interopRequireDefault(_react);","","var _reactDom = require('react-dom');","","var _reactDom2 = _interopRequireDefault(_reactDom);","","function _interopRequireDefault(obj) { return obj && obj.__esModule ? obj : { default: obj }; }","","function _classCallCheck(instance, Constructor) { if (!(instance instanceof Constructor)) { throw new TypeError(\"Cannot call a class as a function\"); } }","","function _possibleConstructorReturn(self, call) { if (!self) { throw new ReferenceError(\"this hasn't been initialised - super() hasn't been called\"); } return call && (typeof call === \"object\" || typeof call === \"function\") ? call : self; }","","function _inherits(subClass, superClass) { if (typeof superClass !== \"function\" && superClass !== null) { throw new TypeError(\"Super expression must either be null or a function, not \" + typeof superClass); } subClass.prototype = Object.create(superClass && superClass.prototype, { constructor: { value: subClass, enumerable: false, writable: true, configurable: true } }); if (superClass) Object.setPrototypeOf ? Object.setPrototypeOf(subClass, superClass) : subClass.__proto__ = superClass; }","","/*"," * A simple HOC that provides facility for listening to container resizes."," */","var WidthProvider = function WidthProvider(ComposedComponent) {","  var _class, _temp2;","","  return _temp2 = _class = function (_React$Component) {","    _inherits(_class, _React$Component);","","    function _class() {","      var _temp, _this, _ret;","","      _classCallCheck(this, _class);","","      for (var _len = arguments.length, args = Array(_len), _key = 0; _key < _len; _key++) {","        args[_key] = arguments[_key];","      }","","      return _ret = (_temp = (_this = _possibleConstructorReturn(this, _React$Component.call.apply(_React$Component, [this].concat(args))), _this), _this.state = {","        width: 1280","      }, _this.mounted = false, _this.onWindowResize = function (_event) {","        if (!_this.mounted) return;","        var node = _reactDom2.default.findDOMNode(_this); // Flow casts this to Text | Element","        if (node instanceof HTMLElement) _this.setState({ width: node.offsetWidth });","      }, _temp), _possibleConstructorReturn(_this, _ret);","    }","","    _class.prototype.componentDidMount = function componentDidMount() {","      this.mounted = true;","","      window.addEventListener('resize', this.onWindowResize);","      // Call to properly set the breakpoint and resize the elements.","      // Note that if you're doing a full-width element, this can get a little wonky if a scrollbar","      // appears because of the grid. In that case, fire your own resize event, or set `overflow: scroll` on your body.","      this.onWindowResize();","    };","","    _class.prototype.componentWillUnmount = function componentWillUnmount() {","      this.mounted = false;","      window.removeEventListener('resize', this.onWindowResize);","    };","","    _class.prototype.render = function render() {","      if (this.props.measureBeforeMount && !this.mounted) {","        return _react2.default.createElement('div', { className: this.props.className, style: this.props.style });","      }","","      return _react2.default.createElement(ComposedComponent, _extends({}, this.props, this.state));","    };","","    return _class;","  }(_react2.default.Component), _class.defaultProps = {","    measureBeforeMount: false","  }, _class.propTypes = {","    // If true, will not render children until mounted. Useful for getting the exact width before","    // rendering, to prevent any unsightly resizing.","    measureBeforeMount: _react2.default.PropTypes.bool","  }, _temp2;","};","","exports.default = WidthProvider;"],"l":{"3":1,"5":1,"7":1,"9":1,"11":1,"13":1,"15":2,"17":1,"19":1,"21":1,"26":1,"27":0,"29":0,"30":0,"32":1,"33":0,"35":0,"37":0,"38":0,"41":0,"44":0,"45":0,"46":0,"50":0,"51":0,"53":0,"57":0,"60":0,"61":0,"62":0,"65":0,"66":0,"67":0,"70":0,"73":0,"83":1}}}